{"numFailedTestSuites":0,"numFailedTests":0,"numPassedTestSuites":1,"numPassedTests":4,"numPendingTestSuites":0,"numPendingTests":0,"numRuntimeErrorTestSuites":0,"numTodoTests":0,"numTotalTestSuites":1,"numTotalTests":4,"openHandles":[],"snapshot":{"added":0,"didUpdate":false,"failure":false,"filesAdded":0,"filesRemoved":0,"filesRemovedList":[],"filesUnmatched":0,"filesUpdated":0,"matched":0,"total":0,"unchecked":0,"uncheckedKeysByFile":[],"unmatched":0,"updated":0},"startTime":1781947939549,"success":true,"testResults":[{"assertionResults":[{"ancestorTitles":["Emotional continuity and contradiction handling"],"duration":15,"failureDetails":[],"failureMessages":[],"fullName":"Emotional continuity and contradiction handling Anxiety escalation and empathy increase across turns","invocations":1,"location":null,"numPassingAsserts":11,"retryReasons":[],"status":"passed","title":"Anxiety escalation and empathy increase across turns"},{"ancestorTitles":["Emotional continuity and contradiction handling"],"duration":2,"failureDetails":[],"failureMessages":[],"fullName":"Emotional continuity and contradiction handling Contradiction detection and clarification flow","invocations":1,"location":null,"numPassingAsserts":3,"retryReasons":[],"status":"passed","title":"Contradiction detection and clarification flow"},{"ancestorTitles":["Emotional continuity and contradiction handling"],"duration":1,"failureDetails":[],"failureMessages":[],"fullName":"Emotional continuity and contradiction handling Profile decay and repeated interests strengthen confidence","invocations":1,"location":null,"numPassingAsserts":3,"retryReasons":[],"status":"passed","title":"Profile decay and repeated interests strengthen confidence"},{"ancestorTitles":["Emotional continuity and contradiction handling"],"duration":2,"failureDetails":[],"failureMessages":[],"fullName":"Emotional continuity and contradiction handling Follow-up quality uses profile and emotion (heuristic fallback)","invocations":1,"location":null,"numPassingAsserts":3,"retryReasons":[],"status":"passed","title":"Follow-up quality uses profile and emotion (heuristic fallback)"}],"endTime":1781947940553,"message":"","name":"C:\\Users\\TSC-AKA\\Videos\\MARKETING\\BOTAI\\system_wa\\tests\\emotional_continuity.test.js","startTime":1781947939704,"status":"passed","summary":""}],"wasInterrupted":false}
