{"numFailedTestSuites":4,"numFailedTests":54,"numPassedTestSuites":20,"numPassedTests":257,"numPendingTestSuites":0,"numPendingTests":0,"numRuntimeErrorTestSuites":0,"numTodoTests":0,"numTotalTestSuites":24,"numTotalTests":311,"openHandles":[],"snapshot":{"added":0,"didUpdate":false,"failure":false,"filesAdded":0,"filesRemoved":0,"filesRemovedList":[],"filesUnmatched":0,"filesUpdated":0,"matched":0,"total":0,"unchecked":0,"uncheckedKeysByFile":[],"unmatched":0,"updated":0},"startTime":1779252916877,"success":false,"testResults":[{"assertionResults":[{"ancestorTitles":["Provider webhook"],"duration":881,"failureDetails":[{"matcherResult":{"actual":"Berikut ringkasannya:\nINTRO_TIKO\nKalau mau, saya bantu lagi.","expected":"INTRO_TIKO","message":"\u001b[2mexpect(\u001b[22m\u001b[31mreceived\u001b[39m\u001b[2m).\u001b[22mtoBe\u001b[2m(\u001b[22m\u001b[32mexpected\u001b[39m\u001b[2m) // Object.is equality\u001b[22m\n\n\u001b[32m- Expected  - 0\u001b[39m\n\u001b[31m+ Received  + 2\u001b[39m\n\n\u001b[31m+ Berikut ringkasannya:\u001b[39m\n\u001b[2m  INTRO_TIKO\u001b[22m\n\u001b[31m+ Kalau mau, saya bantu lagi.\u001b[39m","name":"toBe","pass":false}}],"failureMessages":["Error: \u001b[2mexpect(\u001b[22m\u001b[31mreceived\u001b[39m\u001b[2m).\u001b[22mtoBe\u001b[2m(\u001b[22m\u001b[32mexpected\u001b[39m\u001b[2m) // Object.is equality\u001b[22m\n\n\u001b[32m- Expected  - 0\u001b[39m\n\u001b[31m+ Received  + 2\u001b[39m\n\n\u001b[31m+ Berikut ringkasannya:\u001b[39m\n\u001b[2m  INTRO_TIKO\u001b[22m\n\u001b[31m+ Kalau mau, saya bantu lagi.\u001b[39m\n    at Object.toBe (C:\\Users\\TSC-AKA\\Videos\\MARKETING\\BOTAI\\system_wa\\tests\\providerWebhook.test.js:143:51)\n    at processTicksAndRejections (node:internal/process/task_queues:105:5)"],"fullName":"Provider webhook with BOT_INTRO_MESSAGE enabled: greeting-only sends intro first, then welcome","invocations":1,"location":null,"numPassingAsserts":5,"retryReasons":[],"status":"failed","title":"with BOT_INTRO_MESSAGE enabled: greeting-only sends intro first, then welcome"},{"ancestorTitles":["Provider webhook"],"duration":221,"failureDetails":[{}],"failureMessages":["Error: \u001b[2mexpect(\u001b[22m\u001b[31mreceived\u001b[39m\u001b[2m).\u001b[22mtoMatchObject\u001b[2m(\u001b[22m\u001b[32mexpected\u001b[39m\u001b[2m)\u001b[22m\n\n\u001b[1mMatcher error\u001b[22m: \u001b[31mreceived\u001b[39m value must be a non-null object\n\nReceived has value: \u001b[31mundefined\u001b[39m\n    at Object.toMatchObject (C:\\Users\\TSC-AKA\\Videos\\MARKETING\\BOTAI\\system_wa\\tests\\providerWebhook.test.js:180:46)\n    at processTicksAndRejections (node:internal/process/task_queues:105:5)"],"fullName":"Provider webhook intro reply persists composer telemetry and is sent through outbound.reply","invocations":1,"location":null,"numPassingAsserts":2,"retryReasons":[],"status":"failed","title":"intro reply persists composer telemetry and is sent through outbound.reply"},{"ancestorTitles":["Provider webhook"],"duration":197,"failureDetails":[],"failureMessages":[],"fullName":"Provider webhook with BOT_INTRO_MESSAGE enabled: intro is not re-sent within threshold when already sent","invocations":1,"location":null,"numPassingAsserts":5,"retryReasons":[],"status":"passed","title":"with BOT_INTRO_MESSAGE enabled: intro is not re-sent within threshold when already sent"},{"ancestorTitles":["Provider webhook"],"duration":495,"failureDetails":[{"matcherResult":{"actual":false,"expected":true,"message":"\u001b[2mexpect(\u001b[22m\u001b[31mreceived\u001b[39m\u001b[2m).\u001b[22mtoBe\u001b[2m(\u001b[22m\u001b[32mexpected\u001b[39m\u001b[2m) // Object.is equality\u001b[22m\n\nExpected: \u001b[32mtrue\u001b[39m\nReceived: \u001b[31mfalse\u001b[39m","name":"toBe","pass":false}}],"failureMessages":["Error: \u001b[2mexpect(\u001b[22m\u001b[31mreceived\u001b[39m\u001b[2m).\u001b[22mtoBe\u001b[2m(\u001b[22m\u001b[32mexpected\u001b[39m\u001b[2m) // Object.is equality\u001b[22m\n\nExpected: \u001b[32mtrue\u001b[39m\nReceived: \u001b[31mfalse\u001b[39m\n    at Object.toBe (C:\\Users\\TSC-AKA\\Videos\\MARKETING\\BOTAI\\system_wa\\tests\\providerWebhook.test.js:275:101)\n    at processTicksAndRejections (node:internal/process/task_queues:105:5)"],"fullName":"Provider webhook short follow-ups reuse TI context and set contextReused telemetry","invocations":1,"location":null,"numPassingAsserts":12,"retryReasons":[],"status":"failed","title":"short follow-ups reuse TI context and set contextReused telemetry"},{"ancestorTitles":["Provider webhook"],"duration":194,"failureDetails":[{"matcherResult":{"message":"\u001b[2mexpect(\u001b[22m\u001b[31mreceived\u001b[39m\u001b[2m).\u001b[22mtoContain\u001b[2m(\u001b[22m\u001b[32mexpected\u001b[39m\u001b[2m) // indexOf\u001b[22m\n\nExpected substring: \u001b[32m\"admin\"\u001b[39m\nReceived string:    \u001b[31m\"maaf kak, sistem kami sedang kendala sehingga pesan tadi belum terbaca dengan benar. apakah anda ingin penjelasan lebih lanjut?\"\u001b[39m","pass":false}}],"failureMessages":["Error: \u001b[2mexpect(\u001b[22m\u001b[31mreceived\u001b[39m\u001b[2m).\u001b[22mtoContain\u001b[2m(\u001b[22m\u001b[32mexpected\u001b[39m\u001b[2m) // indexOf\u001b[22m\n\nExpected substring: \u001b[32m\"admin\"\u001b[39m\nReceived string:    \u001b[31m\"maaf kak, sistem kami sedang kendala sehingga pesan tadi belum terbaca dengan benar. apakah anda ingin penjelasan lebih lanjut?\"\u001b[39m\n    at Object.toContain (C:\\Users\\TSC-AKA\\Videos\\MARKETING\\BOTAI\\system_wa\\tests\\providerWebhook.test.js:292:36)\n    at processTicksAndRejections (node:internal/process/task_queues:105:5)"],"fullName":"Provider webhook unhandled errors are caught and bot replies with a safe apology (not silent)","invocations":1,"location":null,"numPassingAsserts":4,"retryReasons":[],"status":"failed","title":"unhandled errors are caught and bot replies with a safe apology (not silent)"},{"ancestorTitles":["Provider webhook"],"duration":197,"failureDetails":[{"matcherResult":{"message":"\u001b[2mexpect(\u001b[22m\u001b[31mreceived\u001b[39m\u001b[2m).\u001b[22mtoMatch\u001b[2m(\u001b[22m\u001b[32mexpected\u001b[39m\u001b[2m)\u001b[22m\n\nExpected pattern: \u001b[32m/ranah\\s*:\\s*Akademik/i\u001b[39m\nReceived string:  \u001b[31m\"Pertanyaan: Bagaimana cara KRS? Apakah Anda ingin penjelasan lebih lanjut?\"\u001b[39m","pass":false}}],"failureMessages":["Error: \u001b[2mexpect(\u001b[22m\u001b[31mreceived\u001b[39m\u001b[2m).\u001b[22mtoMatch\u001b[2m(\u001b[22m\u001b[32mexpected\u001b[39m\u001b[2m)\u001b[22m\n\nExpected pattern: \u001b[32m/ranah\\s*:\\s*Akademik/i\u001b[39m\nReceived string:  \u001b[31m\"Pertanyaan: Bagaimana cara KRS? Apakah Anda ingin penjelasan lebih lanjut?\"\u001b[39m\n    at Object.toMatch (C:\\Users\\TSC-AKA\\Videos\\MARKETING\\BOTAI\\system_wa\\tests\\providerWebhook.test.js:308:23)\n    at processTicksAndRejections (node:internal/process/task_queues:105:5)"],"fullName":"Provider webhook non-marketing question offers the inferred department contact; declining shows menu and option 5 returns dummy contacts","invocations":1,"location":null,"numPassingAsserts":2,"retryReasons":[],"status":"failed","title":"non-marketing question offers the inferred department contact; declining shows menu and option 5 returns dummy contacts"},{"ancestorTitles":["Provider webhook"],"duration":194,"failureDetails":[{"matcherResult":{"actual":"fallback","expected":"non_marketing_dept_contact","message":"\u001b[2mexpect(\u001b[22m\u001b[31mreceived\u001b[39m\u001b[2m).\u001b[22mtoBe\u001b[2m(\u001b[22m\u001b[32mexpected\u001b[39m\u001b[2m) // Object.is equality\u001b[22m\n\nExpected: \u001b[32m\"\u001b[7mnon_marketing_dept_cont\u001b[27mac\u001b[7mt\u001b[27m\"\u001b[39m\nReceived: \u001b[31m\"\u001b[7mfallb\u001b[27mac\u001b[7mk\u001b[27m\"\u001b[39m","name":"toBe","pass":false}}],"failureMessages":["Error: \u001b[2mexpect(\u001b[22m\u001b[31mreceived\u001b[39m\u001b[2m).\u001b[22mtoBe\u001b[2m(\u001b[22m\u001b[32mexpected\u001b[39m\u001b[2m) // Object.is equality\u001b[22m\n\nExpected: \u001b[32m\"\u001b[7mnon_marketing_dept_cont\u001b[27mac\u001b[7mt\u001b[27m\"\u001b[39m\nReceived: \u001b[31m\"\u001b[7mfallb\u001b[27mac\u001b[7mk\u001b[27m\"\u001b[39m\n    at Object.toBe (C:\\Users\\TSC-AKA\\Videos\\MARKETING\\BOTAI\\system_wa\\tests\\providerWebhook.test.js:376:30)\n    at processTicksAndRejections (node:internal/process/task_queues:105:5)"],"fullName":"Provider webhook non-marketing dept offer: replying YA returns the specific department contact","invocations":1,"location":null,"numPassingAsserts":3,"retryReasons":[],"status":"failed","title":"non-marketing dept offer: replying YA returns the specific department contact"},{"ancestorTitles":["Provider webhook"],"duration":195,"failureDetails":[],"failureMessages":[],"fullName":"Provider webhook study-mode question (online/offline/hybrid) is answered directly","invocations":1,"location":null,"numPassingAsserts":5,"retryReasons":[],"status":"passed","title":"study-mode question (online/offline/hybrid) is answered directly"},{"ancestorTitles":["Provider webhook"],"duration":180,"failureDetails":[],"failureMessages":[],"fullName":"Provider webhook permission-to-ask question is answered with \"Boleh\" and a prompt to ask","invocations":1,"location":null,"numPassingAsserts":6,"retryReasons":[],"status":"passed","title":"permission-to-ask question is answered with \"Boleh\" and a prompt to ask"},{"ancestorTitles":["Provider webhook"],"duration":164,"failureDetails":[],"failureMessages":[],"fullName":"Provider webhook permission-to-ask phrasing \"Apakah saya boleh ...\" is handled (no AI error copy)","invocations":1,"location":null,"numPassingAsserts":5,"retryReasons":[],"status":"passed","title":"permission-to-ask phrasing \"Apakah saya boleh ...\" is handled (no AI error copy)"},{"ancestorTitles":["Provider webhook"],"duration":179,"failureDetails":[],"failureMessages":[],"fullName":"Provider webhook DKV availability question is answered (mentions UTB collaboration)","invocations":1,"location":null,"numPassingAsserts":5,"retryReasons":[],"status":"passed","title":"DKV availability question is answered (mentions UTB collaboration)"},{"ancestorTitles":["Provider webhook"],"duration":170,"failureDetails":[{"matcherResult":{"message":"\u001b[2mexpect(\u001b[22m\u001b[31mreceived\u001b[39m\u001b[2m).\u001b[22mtoMatch\u001b[2m(\u001b[22m\u001b[32mexpected\u001b[39m\u001b[2m)\u001b[22m\n\nExpected pattern: \u001b[32m/tulis|tuliskan|spesifik/\u001b[39m\nReceived string:  \u001b[31m\"kalau yang kamu maksud biaya (contoh: sistem informasi), aku sudah nemu info biayanya, tapi aku ringkas dulu ya. apakah anda ingin penjelasan lebih lanjut?\"\u001b[39m","pass":false}}],"failureMessages":["Error: \u001b[2mexpect(\u001b[22m\u001b[31mreceived\u001b[39m\u001b[2m).\u001b[22mtoMatch\u001b[2m(\u001b[22m\u001b[32mexpected\u001b[39m\u001b[2m)\u001b[22m\n\nExpected pattern: \u001b[32m/tulis|tuliskan|spesifik/\u001b[39m\nReceived string:  \u001b[31m\"kalau yang kamu maksud biaya (contoh: sistem informasi), aku sudah nemu info biayanya, tapi aku ringkas dulu ya. apakah anda ingin penjelasan lebih lanjut?\"\u001b[39m\n    at Object.toMatch (C:\\Users\\TSC-AKA\\Videos\\MARKETING\\BOTAI\\system_wa\\tests\\providerWebhook.test.js:463:22)\n    at processTicksAndRejections (node:internal/process/task_queues:105:5)"],"fullName":"Provider webhook when RAG has no answer (training exists), fallback asks user to repeat/rephrase","invocations":1,"location":null,"numPassingAsserts":3,"retryReasons":[],"status":"failed","title":"when RAG has no answer (training exists), fallback asks user to repeat/rephrase"},{"ancestorTitles":["Provider webhook"],"duration":175,"failureDetails":[],"failureMessages":[],"fullName":"Provider webhook outbound image marker ([[image:...]]) triggers sendImage + sends remaining text","invocations":1,"location":null,"numPassingAsserts":6,"retryReasons":[],"status":"passed","title":"outbound image marker ([[image:...]]) triggers sendImage + sends remaining text"},{"ancestorTitles":["Provider webhook"],"duration":172,"failureDetails":[],"failureMessages":[],"fullName":"Provider webhook RAG context image marker auto-attaches and triggers sendImage","invocations":1,"location":null,"numPassingAsserts":6,"retryReasons":[],"status":"passed","title":"RAG context image marker auto-attaches and triggers sendImage"},{"ancestorTitles":["Provider webhook"],"duration":172,"failureDetails":[],"failureMessages":[],"fullName":"Provider webhook bare image URL triggers sendImage + removes url from text","invocations":1,"location":null,"numPassingAsserts":6,"retryReasons":[],"status":"passed","title":"bare image URL triggers sendImage + removes url from text"},{"ancestorTitles":["Provider webhook"],"duration":192,"failureDetails":[],"failureMessages":[],"fullName":"Provider webhook tuition fee question without prodi -> asks program/dual degree, then answers after program pick","invocations":1,"location":null,"numPassingAsserts":26,"retryReasons":[],"status":"passed","title":"tuition fee question without prodi -> asks program/dual degree, then answers after program pick"},{"ancestorTitles":["Provider webhook"],"duration":390,"failureDetails":[],"failureMessages":[],"fullName":"Provider webhook fee breakdown question with HELP code is treated as Dual Degree (not non-marketing)","invocations":1,"location":null,"numPassingAsserts":13,"retryReasons":[],"status":"passed","title":"fee breakdown question with HELP code is treated as Dual Degree (not non-marketing)"},{"ancestorTitles":["Provider webhook"],"duration":364,"failureDetails":[],"failureMessages":[],"fullName":"Provider webhook HELP partner code in a per-semester fee question is recognized directly","invocations":1,"location":null,"numPassingAsserts":9,"retryReasons":[],"status":"passed","title":"HELP partner code in a per-semester fee question is recognized directly"},{"ancestorTitles":["Provider webhook"],"duration":366,"failureDetails":[],"failureMessages":[],"fullName":"Provider webhook HELP per-semester fee answer uses the correct HELP fee label","invocations":1,"location":null,"numPassingAsserts":10,"retryReasons":[],"status":"passed","title":"HELP per-semester fee answer uses the correct HELP fee label"},{"ancestorTitles":["Provider webhook"],"duration":386,"failureDetails":[],"failureMessages":[],"fullName":"Provider webhook explicit \"HELP\" fee breakdown does not fall back to previous S1 prodi (session lastProgramHint)","invocations":1,"location":null,"numPassingAsserts":9,"retryReasons":[],"status":"passed","title":"explicit \"HELP\" fee breakdown does not fall back to previous S1 prodi (session lastProgramHint)"},{"ancestorTitles":["Provider webhook"],"duration":181,"failureDetails":[],"failureMessages":[],"fullName":"Provider webhook tuition fee prompt -> picking HELP triggers RAG anchored to Dual Degree HELP University","invocations":1,"location":null,"numPassingAsserts":9,"retryReasons":[],"status":"passed","title":"tuition fee prompt -> picking HELP triggers RAG anchored to Dual Degree HELP University"},{"ancestorTitles":["Provider webhook"],"duration":383,"failureDetails":[],"failureMessages":[],"fullName":"Provider webhook fee breakdown question (\"rincian biaya kuliah\") without prodi -> asks program, then after pick returns full breakdown (fast)","invocations":1,"location":null,"numPassingAsserts":15,"retryReasons":[],"status":"passed","title":"fee breakdown question (\"rincian biaya kuliah\") without prodi -> asks program, then after pick returns full breakdown (fast)"},{"ancestorTitles":["Provider webhook"],"duration":374,"failureDetails":[],"failureMessages":[],"fullName":"Provider webhook UKT answer offers full breakdown; replying YA returns the breakdown deterministically","invocations":1,"location":null,"numPassingAsserts":14,"retryReasons":[],"status":"passed","title":"UKT answer offers full breakdown; replying YA returns the breakdown deterministically"},{"ancestorTitles":["Provider webhook"],"duration":191,"failureDetails":[],"failureMessages":[],"fullName":"Provider webhook tuition fee program pick is not hijacked by active registrationFlow (session carryover)","invocations":1,"location":null,"numPassingAsserts":11,"retryReasons":[],"status":"passed","title":"tuition fee program pick is not hijacked by active registrationFlow (session carryover)"},{"ancestorTitles":["Provider webhook"],"duration":162,"failureDetails":[],"failureMessages":[],"fullName":"Provider webhook tuition fee/UKT question without prodi asks program again even if lastProgramHint exists (no direct answer)","invocations":1,"location":null,"numPassingAsserts":9,"retryReasons":[],"status":"passed","title":"tuition fee/UKT question without prodi asks program again even if lastProgramHint exists (no direct answer)"},{"ancestorTitles":["Provider webhook"],"duration":186,"failureDetails":[],"failureMessages":[],"fullName":"Provider webhook registrationFlow(done): UKT question without prodi still asks program (no auto-answer from stored prodi)","invocations":1,"location":null,"numPassingAsserts":9,"retryReasons":[],"status":"passed","title":"registrationFlow(done): UKT question without prodi still asks program (no auto-answer from stored prodi)"},{"ancestorTitles":["Provider webhook"],"duration":780,"failureDetails":[{"matcherResult":{"message":"\u001b[2mexpect(\u001b[22m\u001b[31mreceived\u001b[39m\u001b[2m).\u001b[22mtoMatch\u001b[2m(\u001b[22m\u001b[32mexpected\u001b[39m\u001b[2m)\u001b[22m\n\nExpected pattern: \u001b[32m/KTP/i\u001b[39m\nReceived string:  \u001b[31m\"\"\u001b[39m","pass":false}}],"failureMessages":["Error: \u001b[2mexpect(\u001b[22m\u001b[31mreceived\u001b[39m\u001b[2m).\u001b[22mtoMatch\u001b[2m(\u001b[22m\u001b[32mexpected\u001b[39m\u001b[2m)\u001b[22m\n\nExpected pattern: \u001b[32m/KTP/i\u001b[39m\nReceived string:  \u001b[31m\"\"\u001b[39m\n    at Object.toMatch (C:\\Users\\TSC-AKA\\Videos\\MARKETING\\BOTAI\\system_wa\\tests\\providerWebhook.test.js:1055:22)\n    at processTicksAndRejections (node:internal/process/task_queues:105:5)"],"fullName":"Provider webhook program-pick menu: reply \"syarat dan dokumen\" after program_pick_prompt is handled deterministically (no fallback)","invocations":1,"location":null,"numPassingAsserts":14,"retryReasons":[],"status":"failed","title":"program-pick menu: reply \"syarat dan dokumen\" after program_pick_prompt is handled deterministically (no fallback)"},{"ancestorTitles":["Provider webhook"],"duration":221,"failureDetails":[],"failureMessages":[],"fullName":"Provider webhook faculty question: if RAG says \"not in data\", route uses website excerpt fallback when enabled","invocations":1,"location":null,"numPassingAsserts":6,"retryReasons":[],"status":"passed","title":"faculty question: if RAG says \"not in data\", route uses website excerpt fallback when enabled"},{"ancestorTitles":["Provider webhook"],"duration":330,"failureDetails":[],"failureMessages":[],"fullName":"Provider webhook location question: answered deterministically from bundled index (fast, no slow web/OpenAI dependency)","invocations":1,"location":null,"numPassingAsserts":7,"retryReasons":[],"status":"passed","title":"location question: answered deterministically from bundled index (fast, no slow web/OpenAI dependency)"},{"ancestorTitles":["Provider webhook"],"duration":285,"failureDetails":[],"failureMessages":[],"fullName":"Provider webhook dual degree location question: answers with STIKOM + partner campuses (no mojibake)","invocations":1,"location":null,"numPassingAsserts":11,"retryReasons":[],"status":"passed","title":"dual degree location question: answers with STIKOM + partner campuses (no mojibake)"},{"ancestorTitles":["Provider webhook"],"duration":326,"failureDetails":[],"failureMessages":[],"fullName":"Provider webhook PMB submenu numeric reply works even if last bot menu text is missing (pendingPmbMenu)","invocations":1,"location":null,"numPassingAsserts":3,"retryReasons":[],"status":"passed","title":"PMB submenu numeric reply works even if last bot menu text is missing (pendingPmbMenu)"},{"ancestorTitles":["Provider webhook"],"duration":311,"failureDetails":[],"failureMessages":[],"fullName":"Provider webhook PMB submenu numeric reply works when last bot message contains Menu PMB","invocations":1,"location":null,"numPassingAsserts":3,"retryReasons":[],"status":"passed","title":"PMB submenu numeric reply works when last bot message contains Menu PMB"},{"ancestorTitles":["Provider webhook"],"duration":180,"failureDetails":[],"failureMessages":[],"fullName":"Provider webhook keyword rules short-circuit before RAG (starts_with match)","invocations":1,"location":null,"numPassingAsserts":4,"retryReasons":[],"status":"passed","title":"keyword rules short-circuit before RAG (starts_with match)"},{"ancestorTitles":["Provider webhook"],"duration":408,"failureDetails":[],"failureMessages":[],"fullName":"Provider webhook first non-greeting message: sends welcome first, then main reply (2 separate messages)","invocations":1,"location":null,"numPassingAsserts":4,"retryReasons":[],"status":"passed","title":"first non-greeting message: sends welcome first, then main reply (2 separate messages)"},{"ancestorTitles":["Provider webhook"],"duration":404,"failureDetails":[],"failureMessages":[],"fullName":"Provider webhook program code in cost question uses fast fee path (\"biaya pendaftaran si\" => Sistem Informasi)","invocations":1,"location":null,"numPassingAsserts":5,"retryReasons":[],"status":"passed","title":"program code in cost question uses fast fee path (\"biaya pendaftaran si\" => Sistem Informasi)"},{"ancestorTitles":["Provider webhook"],"duration":660,"failureDetails":[{"matcherResult":{"message":"\u001b[2mexpect(\u001b[22m\u001b[31mreceived\u001b[39m\u001b[2m).\u001b[22mtoMatch\u001b[2m(\u001b[22m\u001b[32mexpected\u001b[39m\u001b[2m)\u001b[22m\n\nExpected pattern: \u001b[32m/Prodi\\s+Sistem\\s+Komputer/i\u001b[39m\nReceived string:  \u001b[31m\"Kalau yang kamu maksud biaya Sistem Komputer, aku sudah nemu info biayanya, tapi aku ringkas dulu ya. Apakah Anda ingin penjelasan lebih lanjut?\"\u001b[39m","pass":false}}],"failureMessages":["Error: \u001b[2mexpect(\u001b[22m\u001b[31mreceived\u001b[39m\u001b[2m).\u001b[22mtoMatch\u001b[2m(\u001b[22m\u001b[32mexpected\u001b[39m\u001b[2m)\u001b[22m\n\nExpected pattern: \u001b[32m/Prodi\\s+Sistem\\s+Komputer/i\u001b[39m\nReceived string:  \u001b[31m\"Kalau yang kamu maksud biaya Sistem Komputer, aku sudah nemu info biayanya, tapi aku ringkas dulu ya. Apakah Anda ingin penjelasan lebih lanjut?\"\u001b[39m\n    at Object.toMatch (C:\\Users\\TSC-AKA\\Videos\\MARKETING\\BOTAI\\system_wa\\tests\\providerWebhook.test.js:1302:23)\n    at processTicksAndRejections (node:internal/process/task_queues:105:5)"],"fullName":"Provider webhook program list follow-up: \"prodi sk\" is treated as Sistem Komputer selection (not SKS confusion)","invocations":1,"location":null,"numPassingAsserts":0,"retryReasons":[],"status":"failed","title":"program list follow-up: \"prodi sk\" is treated as Sistem Komputer selection (not SKS confusion)"},{"ancestorTitles":["Provider webhook"],"duration":747,"failureDetails":[{"matcherResult":{"message":"\u001b[2mexpect(\u001b[22m\u001b[31mreceived\u001b[39m\u001b[2m).\u001b[22mtoMatch\u001b[2m(\u001b[22m\u001b[32mexpected\u001b[39m\u001b[2m)\u001b[22m\n\nExpected pattern: \u001b[32m/Dual\\s+Degree/i\u001b[39m\nReceived string:  \u001b[31m\"Program studi yang tersedia di ITB STIKOM Bali:\u001b[39m\n\u001b[31mS2 (Pascasarjana):\u001b[39m\n\u001b[31m- S2 Sistem Informasi (SI)\u001b[39m\n\u001b[31mS1 (Sarjana):\u001b[39m\n\u001b[31m- Sistem Informasi\u001b[39m\n\u001b[31m- Teknologi Informasi\u001b[39m\n\u001b[31m- Bisnis Digital\u001b[39m\n\u001b[31m- Sistem Komputer\u001b[39m\n\u001b[31mD3 (Diploma):\u001b[39m\n\u001b[31m- D3 Manajemen Informatika\"\u001b[39m","pass":false}}],"failureMessages":["Error: \u001b[2mexpect(\u001b[22m\u001b[31mreceived\u001b[39m\u001b[2m).\u001b[22mtoMatch\u001b[2m(\u001b[22m\u001b[32mexpected\u001b[39m\u001b[2m)\u001b[22m\n\nExpected pattern: \u001b[32m/Dual\\s+Degree/i\u001b[39m\nReceived string:  \u001b[31m\"Program studi yang tersedia di ITB STIKOM Bali:\u001b[39m\n\u001b[31mS2 (Pascasarjana):\u001b[39m\n\u001b[31m- S2 Sistem Informasi (SI)\u001b[39m\n\u001b[31mS1 (Sarjana):\u001b[39m\n\u001b[31m- Sistem Informasi\u001b[39m\n\u001b[31m- Teknologi Informasi\u001b[39m\n\u001b[31m- Bisnis Digital\u001b[39m\n\u001b[31m- Sistem Komputer\u001b[39m\n\u001b[31mD3 (Diploma):\u001b[39m\n\u001b[31m- D3 Manajemen Informatika\"\u001b[39m\n    at Object.toMatch (C:\\Users\\TSC-AKA\\Videos\\MARKETING\\BOTAI\\system_wa\\tests\\providerWebhook.test.js:1330:22)\n    at processTicksAndRejections (node:internal/process/task_queues:105:5)"],"fullName":"Provider webhook program list question includes all core S1 programs and dual degree (no \"tidak terdeteksi\")","invocations":1,"location":null,"numPassingAsserts":9,"retryReasons":[],"status":"failed","title":"program list question includes all core S1 programs and dual degree (no \"tidak terdeteksi\")"},{"ancestorTitles":["Provider webhook"],"duration":180,"failureDetails":[{"matcherResult":{"message":"\u001b[2mexpect(\u001b[22m\u001b[31mreceived\u001b[39m\u001b[2m).\u001b[22mtoMatch\u001b[2m(\u001b[22m\u001b[32mexpected\u001b[39m\u001b[2m)\u001b[22m\n\nExpected pattern: \u001b[32m/per\\s+semester/i\u001b[39m\nReceived string:  \u001b[31m\"Kalau yang kamu maksud biaya yang kamu tanyakan, aku nemu biaya awalnya sekitar Rp 1.000.000. Apakah Anda ingin penjelasan lebih lanjut?\"\u001b[39m","pass":false}}],"failureMessages":["Error: \u001b[2mexpect(\u001b[22m\u001b[31mreceived\u001b[39m\u001b[2m).\u001b[22mtoMatch\u001b[2m(\u001b[22m\u001b[32mexpected\u001b[39m\u001b[2m)\u001b[22m\n\nExpected pattern: \u001b[32m/per\\s+semester/i\u001b[39m\nReceived string:  \u001b[31m\"Kalau yang kamu maksud biaya yang kamu tanyakan, aku nemu biaya awalnya sekitar Rp 1.000.000. Apakah Anda ingin penjelasan lebih lanjut?\"\u001b[39m\n    at Object.toMatch (C:\\Users\\TSC-AKA\\Videos\\MARKETING\\BOTAI\\system_wa\\tests\\providerWebhook.test.js:1377:22)\n    at processTicksAndRejections (node:internal/process/task_queues:105:5)"],"fullName":"Provider webhook post-program follow-up: offers and handles biaya/kontak/alur keywords","invocations":1,"location":null,"numPassingAsserts":5,"retryReasons":[],"status":"failed","title":"post-program follow-up: offers and handles biaya/kontak/alur keywords"},{"ancestorTitles":["Provider webhook"],"duration":188,"failureDetails":[],"failureMessages":[],"fullName":"Provider webhook pendingFeeDetail: \"daftar ulang\" is treated as new topic (not biaya pendaftaran)","invocations":1,"location":null,"numPassingAsserts":5,"retryReasons":[],"status":"passed","title":"pendingFeeDetail: \"daftar ulang\" is treated as new topic (not biaya pendaftaran)"},{"ancestorTitles":["Provider webhook"],"duration":179,"failureDetails":[],"failureMessages":[],"fullName":"Provider webhook pendingFeeDetail: requirements question uses formulir pendaftaran training data (not fee breakdown)","invocations":1,"location":null,"numPassingAsserts":8,"retryReasons":[],"status":"passed","title":"pendingFeeDetail: requirements question uses formulir pendaftaran training data (not fee breakdown)"},{"ancestorTitles":["Provider webhook"],"duration":173,"failureDetails":[{"matcherResult":{"message":"\u001b[2mexpect(\u001b[22m\u001b[31mreceived\u001b[39m\u001b[2m).\u001b[22mtoMatch\u001b[2m(\u001b[22m\u001b[32mexpected\u001b[39m\u001b[2m)\u001b[22m\n\nExpected pattern: \u001b[32m/Formulir\\s+Pendaftaran/i\u001b[39m\nReceived string:  \u001b[31m\"Kalau yang kamu maksud biaya yang kamu tanyakan, aku sudah nemu info biayanya, tapi aku ringkas dulu ya. Kalau mau, saya bisa uraikan per komponen biayanya ya.\u001b[39m\n\u001b[31mKalau mau, saya bantu lagi.\u001b[39m\n\u001b[31mBoleh saya kirim kontak pendaftaran yang relevan?\"\u001b[39m","pass":false}}],"failureMessages":["Error: \u001b[2mexpect(\u001b[22m\u001b[31mreceived\u001b[39m\u001b[2m).\u001b[22mtoMatch\u001b[2m(\u001b[22m\u001b[32mexpected\u001b[39m\u001b[2m)\u001b[22m\n\nExpected pattern: \u001b[32m/Formulir\\s+Pendaftaran/i\u001b[39m\nReceived string:  \u001b[31m\"Kalau yang kamu maksud biaya yang kamu tanyakan, aku sudah nemu info biayanya, tapi aku ringkas dulu ya. Kalau mau, saya bisa uraikan per komponen biayanya ya.\u001b[39m\n\u001b[31mKalau mau, saya bantu lagi.\u001b[39m\n\u001b[31mBoleh saya kirim kontak pendaftaran yang relevan?\"\u001b[39m\n    at Object.toMatch (C:\\Users\\TSC-AKA\\Videos\\MARKETING\\BOTAI\\system_wa\\tests\\providerWebhook.test.js:1540:22)\n    at processTicksAndRejections (node:internal/process/task_queues:105:5)"],"fullName":"Provider webhook requirements fallback: when RAG has no answer, respond using FORMULIR PENDAFTARAN training content","invocations":1,"location":null,"numPassingAsserts":1,"retryReasons":[],"status":"failed","title":"requirements fallback: when RAG has no answer, respond using FORMULIR PENDAFTARAN training content"},{"ancestorTitles":["Provider webhook"],"duration":192,"failureDetails":[{"matcherResult":{"message":"\u001b[2mexpect(\u001b[22m\u001b[31mreceived\u001b[39m\u001b[2m).\u001b[22mtoBeUndefined\u001b[2m()\u001b[22m\n\nReceived: \u001b[31m{\"ts\": \"2026-05-20T04:55:31.381Z\"}\u001b[39m","pass":false}}],"failureMessages":["Error: \u001b[2mexpect(\u001b[22m\u001b[31mreceived\u001b[39m\u001b[2m).\u001b[22mtoBeUndefined\u001b[2m()\u001b[22m\n\nReceived: \u001b[31m{\"ts\": \"2026-05-20T04:55:31.381Z\"}\u001b[39m\n    at Object.toBeUndefined (C:\\Users\\TSC-AKA\\Videos\\MARKETING\\BOTAI\\system_wa\\tests\\providerWebhook.test.js:1599:62)\n    at processTicksAndRejections (node:internal/process/task_queues:105:5)"],"fullName":"Provider webhook requirements follow-up: reply \"mahasiswa baru\" after bot asks applicant type is handled (no generic fallback)","invocations":1,"location":null,"numPassingAsserts":8,"retryReasons":[],"status":"failed","title":"requirements follow-up: reply \"mahasiswa baru\" after bot asks applicant type is handled (no generic fallback)"},{"ancestorTitles":["Provider webhook"],"duration":187,"failureDetails":[],"failureMessages":[],"fullName":"Provider webhook hobby clarification follow-up: short activity reply is treated as continuation (no generic fallback)","invocations":1,"location":null,"numPassingAsserts":9,"retryReasons":[],"status":"passed","title":"hobby clarification follow-up: short activity reply is treated as continuation (no generic fallback)"},{"ancestorTitles":["Provider webhook"],"duration":178,"failureDetails":[],"failureMessages":[],"fullName":"Provider webhook comparison question (TI vs SK) is prioritized over pending hobby follow-up","invocations":1,"location":null,"numPassingAsserts":8,"retryReasons":[],"status":"passed","title":"comparison question (TI vs SK) is prioritized over pending hobby follow-up"},{"ancestorTitles":["Provider webhook"],"duration":167,"failureDetails":[],"failureMessages":[],"fullName":"Provider webhook comparison question supports non-S1 programs (D3 vs S2)","invocations":1,"location":null,"numPassingAsserts":4,"retryReasons":[],"status":"passed","title":"comparison question supports non-S1 programs (D3 vs S2)"},{"ancestorTitles":["Provider webhook"],"duration":168,"failureDetails":[],"failureMessages":[],"fullName":"Provider webhook formal comparison sentence is recognized and answered as program comparison intent","invocations":1,"location":null,"numPassingAsserts":5,"retryReasons":[],"status":"passed","title":"formal comparison sentence is recognized and answered as program comparison intent"},{"ancestorTitles":["Provider webhook"],"duration":165,"failureDetails":[],"failureMessages":[],"fullName":"Provider webhook slang comparison sentence is recognized and answered as program comparison intent","invocations":1,"location":null,"numPassingAsserts":5,"retryReasons":[],"status":"passed","title":"slang comparison sentence is recognized and answered as program comparison intent"},{"ancestorTitles":["Provider webhook"],"duration":278,"failureDetails":[],"failureMessages":[],"fullName":"Provider webhook schedule shorthand: \"jadwal lengkapnya 2 a\" is answered deterministically (Gelombang II A)","invocations":1,"location":null,"numPassingAsserts":3,"retryReasons":[],"status":"passed","title":"schedule shorthand: \"jadwal lengkapnya 2 a\" is answered deterministically (Gelombang II A)"},{"ancestorTitles":["Provider webhook"],"duration":294,"failureDetails":[],"failureMessages":[],"fullName":"Provider webhook schedule shorthand no-answer: still returns a deterministic schedule (not a format prompt)","invocations":1,"location":null,"numPassingAsserts":2,"retryReasons":[],"status":"passed","title":"schedule shorthand no-answer: still returns a deterministic schedule (not a format prompt)"},{"ancestorTitles":["Provider webhook"],"duration":163,"failureDetails":[],"failureMessages":[],"fullName":"Provider webhook post-program follow-up: \"hitung total\" triggers anchored RAG calculation","invocations":1,"location":null,"numPassingAsserts":2,"retryReasons":[],"status":"passed","title":"post-program follow-up: \"hitung total\" triggers anchored RAG calculation"},{"ancestorTitles":["Provider webhook"],"duration":175,"failureDetails":[],"failureMessages":[],"fullName":"Provider webhook outbound sanitizer: strips markdown headings (##) from bot reply","invocations":1,"location":null,"numPassingAsserts":3,"retryReasons":[],"status":"passed","title":"outbound sanitizer: strips markdown headings (##) from bot reply"},{"ancestorTitles":["Provider webhook"],"duration":162,"failureDetails":[],"failureMessages":[],"fullName":"Provider webhook outbound sanitizer: normalizes bullets, numbering, blockquotes, and markdown links","invocations":1,"location":null,"numPassingAsserts":6,"retryReasons":[],"status":"passed","title":"outbound sanitizer: normalizes bullets, numbering, blockquotes, and markdown links"},{"ancestorTitles":["Provider webhook"],"duration":175,"failureDetails":[],"failureMessages":[],"fullName":"Provider webhook choose program + total question: answers directly without mini-menu","invocations":1,"location":null,"numPassingAsserts":1,"retryReasons":[],"status":"passed","title":"choose program + total question: answers directly without mini-menu"},{"ancestorTitles":["Provider webhook"],"duration":174,"failureDetails":[],"failureMessages":[],"fullName":"Provider webhook total-cost follow-up: replying with gelombang computes total (no loop)","invocations":1,"location":null,"numPassingAsserts":3,"retryReasons":[],"status":"passed","title":"total-cost follow-up: replying with gelombang computes total (no loop)"},{"ancestorTitles":["Provider webhook"],"duration":161,"failureDetails":[],"failureMessages":[],"fullName":"Provider webhook pending total-cost follow-up: discount table is not treated as butir 1–4 costs","invocations":1,"location":null,"numPassingAsserts":5,"retryReasons":[],"status":"passed","title":"pending total-cost follow-up: discount table is not treated as butir 1–4 costs"},{"ancestorTitles":["Provider webhook"],"duration":371,"failureDetails":[],"failureMessages":[],"fullName":"Provider webhook must-pay question still uses deterministic total even when pendingTotalCost exists","invocations":1,"location":null,"numPassingAsserts":6,"retryReasons":[],"status":"passed","title":"must-pay question still uses deterministic total even when pendingTotalCost exists"},{"ancestorTitles":["Provider webhook"],"duration":180,"failureDetails":[],"failureMessages":[],"fullName":"Provider webhook wave-only follow-up: uses last-bot intent (discount) instead of asking \"info apa\"","invocations":1,"location":null,"numPassingAsserts":2,"retryReasons":[],"status":"passed","title":"wave-only follow-up: uses last-bot intent (discount) instead of asking \"info apa\""},{"ancestorTitles":["Provider webhook"],"duration":209,"failureDetails":[],"failureMessages":[],"fullName":"Provider webhook normal inbound queries route through composer and persist composer telemetry","invocations":1,"location":null,"numPassingAsserts":45,"retryReasons":[],"status":"passed","title":"normal inbound queries route through composer and persist composer telemetry"},{"ancestorTitles":["Provider webhook"],"duration":165,"failureDetails":[],"failureMessages":[],"fullName":"Provider webhook timeout fallback does not race with composer success","invocations":1,"location":null,"numPassingAsserts":2,"retryReasons":[],"status":"passed","title":"timeout fallback does not race with composer success"},{"ancestorTitles":["Provider webhook"],"duration":154,"failureDetails":[],"failureMessages":[],"fullName":"Provider webhook fee responder sanitizes raw OCR/training snippets before outbound","invocations":1,"location":null,"numPassingAsserts":2,"retryReasons":[],"status":"passed","title":"fee responder sanitizes raw OCR/training snippets before outbound"},{"ancestorTitles":["Provider webhook"],"duration":163,"failureDetails":[],"failureMessages":[],"fullName":"Provider webhook one inbound request sends exactly one outbound reply","invocations":1,"location":null,"numPassingAsserts":1,"retryReasons":[],"status":"passed","title":"one inbound request sends exactly one outbound reply"},{"ancestorTitles":["Provider webhook"],"duration":225,"failureDetails":[],"failureMessages":[],"fullName":"Provider webhook outbound telemetry fields are always present for normal composer replies","invocations":1,"location":null,"numPassingAsserts":3,"retryReasons":[],"status":"passed","title":"outbound telemetry fields are always present for normal composer replies"},{"ancestorTitles":["Provider webhook"],"duration":165,"failureDetails":[],"failureMessages":[],"fullName":"Provider webhook composer bypass prevention is enforced for normal inbound replies","invocations":1,"location":null,"numPassingAsserts":4,"retryReasons":[],"status":"passed","title":"composer bypass prevention is enforced for normal inbound replies"},{"ancestorTitles":["Provider webhook"],"duration":162,"failureDetails":[],"failureMessages":[],"fullName":"Provider webhook outbound path consistency uses composer reply funnel for normal messages","invocations":1,"location":null,"numPassingAsserts":2,"retryReasons":[],"status":"passed","title":"outbound path consistency uses composer reply funnel for normal messages"},{"ancestorTitles":["Provider webhook"],"duration":160,"failureDetails":[{"matcherResult":{"actual":"fallback","expected":"alumni_smk_discount_fast","message":"\u001b[2mexpect(\u001b[22m\u001b[31mreceived\u001b[39m\u001b[2m).\u001b[22mtoBe\u001b[2m(\u001b[22m\u001b[32mexpected\u001b[39m\u001b[2m) // Object.is equality\u001b[22m\n\nExpected: \u001b[32m\"al\u001b[7mumni_smk_discount_fast\u001b[27m\"\u001b[39m\nReceived: \u001b[31m\"\u001b[7mf\u001b[27mal\u001b[7mlback\u001b[27m\"\u001b[39m","name":"toBe","pass":false}}],"failureMessages":["Error: \u001b[2mexpect(\u001b[22m\u001b[31mreceived\u001b[39m\u001b[2m).\u001b[22mtoBe\u001b[2m(\u001b[22m\u001b[32mexpected\u001b[39m\u001b[2m) // Object.is equality\u001b[22m\n\nExpected: \u001b[32m\"al\u001b[7mumni_smk_discount_fast\u001b[27m\"\u001b[39m\nReceived: \u001b[31m\"\u001b[7mf\u001b[27mal\u001b[7mlback\u001b[27m\"\u001b[39m\n    at Object.toBe (C:\\Users\\TSC-AKA\\Videos\\MARKETING\\BOTAI\\system_wa\\tests\\providerWebhook.test.js:2376:29)\n    at processTicksAndRejections (node:internal/process/task_queues:105:5)"],"fullName":"Provider webhook alumni SMK TI discount question is answered deterministically (no fallback)","invocations":1,"location":null,"numPassingAsserts":1,"retryReasons":[],"status":"failed","title":"alumni SMK TI discount question is answered deterministically (no fallback)"},{"ancestorTitles":["Provider webhook"],"duration":370,"failureDetails":[],"failureMessages":[],"fullName":"Provider webhook must-pay phrasing with SI + gelombang 2B computes total (not clarify-wave)","invocations":1,"location":null,"numPassingAsserts":7,"retryReasons":[],"status":"passed","title":"must-pay phrasing with SI + gelombang 2B computes total (not clarify-wave)"},{"ancestorTitles":["Provider webhook"],"duration":358,"failureDetails":[],"failureMessages":[],"fullName":"Provider webhook must-pay phrasing with SI + gelombang 2B (compact) computes total","invocations":1,"location":null,"numPassingAsserts":5,"retryReasons":[],"status":"passed","title":"must-pay phrasing with SI + gelombang 2B (compact) computes total"},{"ancestorTitles":["Provider webhook"],"duration":368,"failureDetails":[{"matcherResult":{"message":"\u001b[2mexpect(\u001b[22m\u001b[31mreceived\u001b[39m\u001b[2m).\u001b[22mtoMatch\u001b[2m(\u001b[22m\u001b[32mexpected\u001b[39m\u001b[2m)\u001b[22m\n\nExpected pattern: \u001b[32m/Potongan\\s+biaya\\s+pendaftaran\\s*\\(Gelombang\\s+I\\)\\s*:\\s*Rp\\s*250\\.000/i\u001b[39m\nReceived string:  \u001b[31m\"Prodi Dual Degree UTB (Bisnis Digital), Gelombang Gelombang I:\u001b[39m\n\u001b[31mTotal awal masuk setelah potongan: Rp 13.750.000.\u001b[39m\n\u001b[31mBiaya pendaftarannya sekitar Rp 250.000.\u001b[39m\n\u001b[31mKomponen awal masuknya terkumpul di kisaran Rp 15.500.000 sebelum potongan DPP.\u001b[39m\n\u001b[31mBiaya pendidikan per semester: Rp 6.500.000.\"\u001b[39m","pass":false}}],"failureMessages":["Error: \u001b[2mexpect(\u001b[22m\u001b[31mreceived\u001b[39m\u001b[2m).\u001b[22mtoMatch\u001b[2m(\u001b[22m\u001b[32mexpected\u001b[39m\u001b[2m)\u001b[22m\n\nExpected pattern: \u001b[32m/Potongan\\s+biaya\\s+pendaftaran\\s*\\(Gelombang\\s+I\\)\\s*:\\s*Rp\\s*250\\.000/i\u001b[39m\nReceived string:  \u001b[31m\"Prodi Dual Degree UTB (Bisnis Digital), Gelombang Gelombang I:\u001b[39m\n\u001b[31mTotal awal masuk setelah potongan: Rp 13.750.000.\u001b[39m\n\u001b[31mBiaya pendaftarannya sekitar Rp 250.000.\u001b[39m\n\u001b[31mKomponen awal masuknya terkumpul di kisaran Rp 15.500.000 sebelum potongan DPP.\u001b[39m\n\u001b[31mBiaya pendidikan per semester: Rp 6.500.000.\"\u001b[39m\n    at Object.toMatch (C:\\Users\\TSC-AKA\\Videos\\MARKETING\\BOTAI\\system_wa\\tests\\providerWebhook.test.js:2450:22)\n    at processTicksAndRejections (node:internal/process/task_queues:105:5)"],"fullName":"Provider webhook deterministic UTB mapping: potongan pendaftaran dan DPP sesuai gelombang I/IV","invocations":1,"location":null,"numPassingAsserts":2,"retryReasons":[],"status":"failed","title":"deterministic UTB mapping: potongan pendaftaran dan DPP sesuai gelombang I/IV"},{"ancestorTitles":["Provider webhook"],"duration":160,"failureDetails":[],"failureMessages":[],"fullName":"Provider webhook choose program + specific question: skips mini-menu and answers via anchored RAG","invocations":1,"location":null,"numPassingAsserts":3,"retryReasons":[],"status":"passed","title":"choose program + specific question: skips mini-menu and answers via anchored RAG"},{"ancestorTitles":["Provider webhook"],"duration":165,"failureDetails":[{"matcherResult":{"message":"\u001b[2mexpect(\u001b[22m\u001b[31mreceived\u001b[39m\u001b[2m).\u001b[22mtoContain\u001b[2m(\u001b[22m\u001b[32mexpected\u001b[39m\u001b[2m) // indexOf\u001b[22m\n\nExpected substring: \u001b[32m\"kategori\"\u001b[39m\nReceived string:    \u001b[31m\"siap, kak. apakah anda ingin penjelasan lebih lanjut?\"\u001b[39m","pass":false}}],"failureMessages":["Error: \u001b[2mexpect(\u001b[22m\u001b[31mreceived\u001b[39m\u001b[2m).\u001b[22mtoContain\u001b[2m(\u001b[22m\u001b[32mexpected\u001b[39m\u001b[2m) // indexOf\u001b[22m\n\nExpected substring: \u001b[32m\"kategori\"\u001b[39m\nReceived string:    \u001b[31m\"siap, kak. apakah anda ingin penjelasan lebih lanjut?\"\u001b[39m\n    at Object.toContain (C:\\Users\\TSC-AKA\\Videos\\MARKETING\\BOTAI\\system_wa\\tests\\providerWebhook.test.js:2535:36)\n    at processTicksAndRejections (node:internal/process/task_queues:105:5)"],"fullName":"Provider webhook ack-only \"siap\" after scholarship category prompt asks category (no cost drift)","invocations":1,"location":null,"numPassingAsserts":1,"retryReasons":[],"status":"failed","title":"ack-only \"siap\" after scholarship category prompt asks category (no cost drift)"},{"ancestorTitles":["Provider webhook"],"duration":174,"failureDetails":[{"matcherResult":{"message":"\u001b[2mexpect(\u001b[22m\u001b[31mreceived\u001b[39m\u001b[2m).\u001b[22mtoContain\u001b[2m(\u001b[22m\u001b[32mexpected\u001b[39m\u001b[2m) // indexOf\u001b[22m\n\nExpected substring: \u001b[32m\"terima kasih\"\u001b[39m\nReceived string:    \u001b[31m\"siap, kak. apakah anda ingin penjelasan lebih lanjut?\"\u001b[39m","pass":false}}],"failureMessages":["Error: \u001b[2mexpect(\u001b[22m\u001b[31mreceived\u001b[39m\u001b[2m).\u001b[22mtoContain\u001b[2m(\u001b[22m\u001b[32mexpected\u001b[39m\u001b[2m) // indexOf\u001b[22m\n\nExpected substring: \u001b[32m\"terima kasih\"\u001b[39m\nReceived string:    \u001b[31m\"siap, kak. apakah anda ingin penjelasan lebih lanjut?\"\u001b[39m\n    at Object.toContain (C:\\Users\\TSC-AKA\\Videos\\MARKETING\\BOTAI\\system_wa\\tests\\providerWebhook.test.js:2572:36)\n    at processTicksAndRejections (node:internal/process/task_queues:105:5)"],"fullName":"Provider webhook ack-only \"siap\" after payment-plan follow-up closes (does not elaborate)","invocations":1,"location":null,"numPassingAsserts":1,"retryReasons":[],"status":"failed","title":"ack-only \"siap\" after payment-plan follow-up closes (does not elaborate)"},{"ancestorTitles":["Provider webhook"],"duration":165,"failureDetails":[],"failureMessages":[],"fullName":"Provider webhook anchors ultra-short affirmation to prior program context (TI)","invocations":1,"location":null,"numPassingAsserts":5,"retryReasons":[],"status":"passed","title":"anchors ultra-short affirmation to prior program context (TI)"},{"ancestorTitles":["Provider webhook"],"duration":162,"failureDetails":[],"failureMessages":[],"fullName":"Provider webhook anchors short continue request variant (oke jelasin) to prior program context (TI)","invocations":1,"location":null,"numPassingAsserts":5,"retryReasons":[],"status":"passed","title":"anchors short continue request variant (oke jelasin) to prior program context (TI)"},{"ancestorTitles":["Provider webhook"],"duration":165,"failureDetails":[],"failureMessages":[],"fullName":"Provider webhook replies politely to gratitude without triggering RAG","invocations":1,"location":null,"numPassingAsserts":6,"retryReasons":[],"status":"passed","title":"replies politely to gratitude without triggering RAG"},{"ancestorTitles":["Provider webhook"],"duration":166,"failureDetails":[{"matcherResult":{"message":"\u001b[2mexpect(\u001b[22m\u001b[31mreceived\u001b[39m\u001b[2m).\u001b[22mtoMatch\u001b[2m(\u001b[22m\u001b[32mexpected\u001b[39m\u001b[2m)\u001b[22m\n\nExpected pattern: \u001b[32m/terima kasih|makasih|sama-?sama/i\u001b[39m\nReceived string:  \u001b[31m\"Siap, kak. Apakah Anda ingin penjelasan lebih lanjut?\"\u001b[39m","pass":false}}],"failureMessages":["Error: \u001b[2mexpect(\u001b[22m\u001b[31mreceived\u001b[39m\u001b[2m).\u001b[22mtoMatch\u001b[2m(\u001b[22m\u001b[32mexpected\u001b[39m\u001b[2m)\u001b[22m\n\nExpected pattern: \u001b[32m/terima kasih|makasih|sama-?sama/i\u001b[39m\nReceived string:  \u001b[31m\"Siap, kak. Apakah Anda ingin penjelasan lebih lanjut?\"\u001b[39m\n    at Object.toMatch (C:\\Users\\TSC-AKA\\Videos\\MARKETING\\BOTAI\\system_wa\\tests\\providerWebhook.test.js:2698:59)\n    at processTicksAndRejections (node:internal/process/task_queues:105:5)"],"fullName":"Provider webhook does not answer with fees for acknowledgement-only \"siap\" when no follow-up was asked","invocations":1,"location":null,"numPassingAsserts":5,"retryReasons":[],"status":"failed","title":"does not answer with fees for acknowledgement-only \"siap\" when no follow-up was asked"},{"ancestorTitles":["Provider webhook"],"duration":355,"failureDetails":[],"failureMessages":[],"fullName":"Provider webhook pendaftaran answer offers the full fee breakdown (YA/TIDAK)","invocations":1,"location":null,"numPassingAsserts":3,"retryReasons":[],"status":"passed","title":"pendaftaran answer offers the full fee breakdown (YA/TIDAK)"},{"ancestorTitles":["Provider webhook"],"duration":418,"failureDetails":[{"matcherResult":{"actual":"fee_breakdown_offer_answer_fast","expected":"fee_breakdown_offer_need_program","message":"\u001b[2mexpect(\u001b[22m\u001b[31mreceived\u001b[39m\u001b[2m).\u001b[22mtoBe\u001b[2m(\u001b[22m\u001b[32mexpected\u001b[39m\u001b[2m) // Object.is equality\u001b[22m\n\nExpected: \u001b[32m\"fee_breakdown_offer_\u001b[7mneed_program\u001b[27m\"\u001b[39m\nReceived: \u001b[31m\"fee_breakdown_offer_\u001b[7manswer_fast\u001b[27m\"\u001b[39m","name":"toBe","pass":false}}],"failureMessages":["Error: \u001b[2mexpect(\u001b[22m\u001b[31mreceived\u001b[39m\u001b[2m).\u001b[22mtoBe\u001b[2m(\u001b[22m\u001b[32mexpected\u001b[39m\u001b[2m) // Object.is equality\u001b[22m\n\nExpected: \u001b[32m\"fee_breakdown_offer_\u001b[7mneed_program\u001b[27m\"\u001b[39m\nReceived: \u001b[31m\"fee_breakdown_offer_\u001b[7manswer_fast\u001b[27m\"\u001b[39m\n    at Object.toBe (C:\\Users\\TSC-AKA\\Videos\\MARKETING\\BOTAI\\system_wa\\tests\\providerWebhook.test.js:2759:30)\n    at processTicksAndRejections (node:internal/process/task_queues:105:5)"],"fullName":"Provider webhook pendaftaran question without explicit prodi does not mention a prodi; still offers breakdown","invocations":1,"location":null,"numPassingAsserts":6,"retryReasons":[],"status":"failed","title":"pendaftaran question without explicit prodi does not mention a prodi; still offers breakdown"},{"ancestorTitles":["Provider webhook"],"duration":356,"failureDetails":[{"matcherResult":{"message":"\u001b[2mexpect(\u001b[22m\u001b[31mreceived\u001b[39m\u001b[2m).\u001b[22mtoMatch\u001b[2m(\u001b[22m\u001b[32mexpected\u001b[39m\u001b[2m)\u001b[22m\n\nExpected pattern: \u001b[32m/Untuk program studi\\s+Sistem\\s+Komputer.*rincian biaya/i\u001b[39m\nReceived string:  \u001b[31m\"1) Rincian biaya\u001b[39m\n\u001b[31mProdi Sistem Komputer:\u001b[39m\n\u001b[31mPendaftaran: Rp 500.000.\u001b[39m\n\u001b[31mDPP: Rp 11.000.000.\u001b[39m\n\u001b[31mKomponen awal masuk: Rp 13.000.000 sebelum potongan.\u001b[39m\n\u001b[31mTotal awal masuk setelah potongan: Rp 13.000.000.\u001b[39m\n\u001b[31mBiaya pendidikan per semester (UKT): Rp 6.000.000.\"\u001b[39m","pass":false}}],"failureMessages":["Error: \u001b[2mexpect(\u001b[22m\u001b[31mreceived\u001b[39m\u001b[2m).\u001b[22mtoMatch\u001b[2m(\u001b[22m\u001b[32mexpected\u001b[39m\u001b[2m)\u001b[22m\n\nExpected pattern: \u001b[32m/Untuk program studi\\s+Sistem\\s+Komputer.*rincian biaya/i\u001b[39m\nReceived string:  \u001b[31m\"1) Rincian biaya\u001b[39m\n\u001b[31mProdi Sistem Komputer:\u001b[39m\n\u001b[31mPendaftaran: Rp 500.000.\u001b[39m\n\u001b[31mDPP: Rp 11.000.000.\u001b[39m\n\u001b[31mKomponen awal masuk: Rp 13.000.000 sebelum potongan.\u001b[39m\n\u001b[31mTotal awal masuk setelah potongan: Rp 13.000.000.\u001b[39m\n\u001b[31mBiaya pendidikan per semester (UKT): Rp 6.000.000.\"\u001b[39m\n    at Object.toMatch (C:\\Users\\TSC-AKA\\Videos\\MARKETING\\BOTAI\\system_wa\\tests\\providerWebhook.test.js:2796:18)\n    at processTicksAndRejections (node:internal/process/task_queues:105:5)"],"fullName":"Provider webhook breakdown request with explicit SK overrides prior TI hint (answers SK)","invocations":1,"location":null,"numPassingAsserts":5,"retryReasons":[],"status":"failed","title":"breakdown request with explicit SK overrides prior TI hint (answers SK)"},{"ancestorTitles":["Provider webhook"],"duration":371,"failureDetails":[],"failureMessages":[],"fullName":"Provider webhook semester fee answer for DNUI uses per semester label, not Ujian/Subject","invocations":1,"location":null,"numPassingAsserts":6,"retryReasons":[],"status":"passed","title":"semester fee answer for DNUI uses per semester label, not Ujian/Subject"},{"ancestorTitles":["Provider webhook"],"duration":362,"failureDetails":[],"failureMessages":[],"fullName":"Provider webhook DNUI breakdown answer does not use Ujian/Subject label in detailed fee list","invocations":1,"location":null,"numPassingAsserts":13,"retryReasons":[],"status":"passed","title":"DNUI breakdown answer does not use Ujian/Subject label in detailed fee list"},{"ancestorTitles":["Provider webhook"],"duration":362,"failureDetails":[{"matcherResult":{"message":"\u001b[2mexpect(\u001b[22m\u001b[31mreceived\u001b[39m\u001b[2m).\u001b[22mtoMatch\u001b[2m(\u001b[22m\u001b[32mexpected\u001b[39m\u001b[2m)\u001b[22m\n\nExpected pattern: \u001b[32m/Untuk program studi\\s+Teknologi\\s+Informasi.*rincian biaya/i\u001b[39m\nReceived string:  \u001b[31m\"1) Rincian biaya\u001b[39m\n\u001b[31mProdi Teknologi Informasi:\u001b[39m\n\u001b[31mPendaftaran: Rp 500.000.\u001b[39m\n\u001b[31mDPP: Rp 14.000.000.\u001b[39m\n\u001b[31mKomponen awal masuk: Rp 16.000.000 sebelum potongan.\u001b[39m\n\u001b[31mTotal awal masuk setelah potongan: Rp 16.000.000.\u001b[39m\n\u001b[31mBiaya pendidikan per semester (UKT): Rp 6.500.000.\"\u001b[39m","pass":false}}],"failureMessages":["Error: \u001b[2mexpect(\u001b[22m\u001b[31mreceived\u001b[39m\u001b[2m).\u001b[22mtoMatch\u001b[2m(\u001b[22m\u001b[32mexpected\u001b[39m\u001b[2m)\u001b[22m\n\nExpected pattern: \u001b[32m/Untuk program studi\\s+Teknologi\\s+Informasi.*rincian biaya/i\u001b[39m\nReceived string:  \u001b[31m\"1) Rincian biaya\u001b[39m\n\u001b[31mProdi Teknologi Informasi:\u001b[39m\n\u001b[31mPendaftaran: Rp 500.000.\u001b[39m\n\u001b[31mDPP: Rp 14.000.000.\u001b[39m\n\u001b[31mKomponen awal masuk: Rp 16.000.000 sebelum potongan.\u001b[39m\n\u001b[31mTotal awal masuk setelah potongan: Rp 16.000.000.\u001b[39m\n\u001b[31mBiaya pendidikan per semester (UKT): Rp 6.500.000.\"\u001b[39m\n    at Object.toMatch (C:\\Users\\TSC-AKA\\Videos\\MARKETING\\BOTAI\\system_wa\\tests\\providerWebhook.test.js:2903:18)\n    at processTicksAndRejections (node:internal/process/task_queues:105:5)"],"fullName":"Provider webhook breakdown offer: pendaftaran without prodi -> YA -> pick TI -> returns full breakdown (fast)","invocations":1,"location":null,"numPassingAsserts":13,"retryReasons":[],"status":"failed","title":"breakdown offer: pendaftaran without prodi -> YA -> pick TI -> returns full breakdown (fast)"},{"ancestorTitles":["Provider webhook"],"duration":370,"failureDetails":[],"failureMessages":[],"fullName":"Provider webhook registrationFlow pendingFeeDetail: pendaftaran answer does not mention prodi unless user types it; still offers breakdown","invocations":1,"location":null,"numPassingAsserts":8,"retryReasons":[],"status":"passed","title":"registrationFlow pendingFeeDetail: pendaftaran answer does not mention prodi unless user types it; still offers breakdown"},{"ancestorTitles":["Provider webhook"],"duration":177,"failureDetails":[{"matcherResult":{"message":"\u001b[2mexpect(\u001b[22m\u001b[31mreceived\u001b[39m\u001b[2m).\u001b[22mtoContain\u001b[2m(\u001b[22m\u001b[32mexpected\u001b[39m\u001b[2m) // indexOf\u001b[22m\n\nExpected substring: \u001b[32m\"Total biaya awal masuk\"\u001b[39m\nReceived string:    \u001b[31m\"Kalau yang kamu maksud biaya yang kamu tanyakan, aku nemu biaya awalnya sekitar Rp 500.000. Apakah Anda ingin penjelasan lebih lanjut?\"\u001b[39m","pass":false}}],"failureMessages":["Error: \u001b[2mexpect(\u001b[22m\u001b[31mreceived\u001b[39m\u001b[2m).\u001b[22mtoContain\u001b[2m(\u001b[22m\u001b[32mexpected\u001b[39m\u001b[2m) // indexOf\u001b[22m\n\nExpected substring: \u001b[32m\"Total biaya awal masuk\"\u001b[39m\nReceived string:    \u001b[31m\"Kalau yang kamu maksud biaya yang kamu tanyakan, aku nemu biaya awalnya sekitar Rp 500.000. Apakah Anda ingin penjelasan lebih lanjut?\"\u001b[39m\n    at Object.toContain (C:\\Users\\TSC-AKA\\Videos\\MARKETING\\BOTAI\\system_wa\\tests\\providerWebhook.test.js:2981:22)\n    at processTicksAndRejections (node:internal/process/task_queues:105:5)"],"fullName":"Provider webhook total pembayaran request computes from last bot breakdown (butir 1–4 + extras)","invocations":1,"location":null,"numPassingAsserts":0,"retryReasons":[],"status":"failed","title":"total pembayaran request computes from last bot breakdown (butir 1–4 + extras)"},{"ancestorTitles":["Provider webhook"],"duration":174,"failureDetails":[{"matcherResult":{"message":"\u001b[2mexpect(\u001b[22m\u001b[31mreceived\u001b[39m\u001b[2m).\u001b[22mtoMatch\u001b[2m(\u001b[22m\u001b[32mexpected\u001b[39m\u001b[2m)\u001b[22m\n\nExpected pattern: \u001b[32m/S1|S2|pascasarjana/i\u001b[39m\nReceived string:  \u001b[31m\"Boleh, kak. Apakah Anda ingin penjelasan lebih lanjut?\"\u001b[39m","pass":false}}],"failureMessages":["Error: \u001b[2mexpect(\u001b[22m\u001b[31mreceived\u001b[39m\u001b[2m).\u001b[22mtoMatch\u001b[2m(\u001b[22m\u001b[32mexpected\u001b[39m\u001b[2m)\u001b[22m\n\nExpected pattern: \u001b[32m/S1|S2|pascasarjana/i\u001b[39m\nReceived string:  \u001b[31m\"Boleh, kak. Apakah Anda ingin penjelasan lebih lanjut?\"\u001b[39m\n    at Object.toMatch (C:\\Users\\TSC-AKA\\Videos\\MARKETING\\BOTAI\\system_wa\\tests\\providerWebhook.test.js:3005:59)\n    at processTicksAndRejections (node:internal/process/task_queues:105:5)"],"fullName":"Provider webhook registration intent asks degree (S1 vs S2)","invocations":1,"location":null,"numPassingAsserts":5,"retryReasons":[],"status":"failed","title":"registration intent asks degree (S1 vs S2)"},{"ancestorTitles":["Provider webhook"],"duration":160,"failureDetails":[{"matcherResult":{"message":"\u001b[2mexpect(\u001b[22m\u001b[31mreceived\u001b[39m\u001b[2m).\u001b[22mtoMatch\u001b[2m(\u001b[22m\u001b[32mexpected\u001b[39m\u001b[2m)\u001b[22m\n\nExpected pattern: \u001b[32m/Form\\s+pendaftaran/i\u001b[39m\nReceived string:  \u001b[31m\"Kalau yang kamu maksud biaya & kampus, aku sudah nemu info biayanya, tapi aku ringkas dulu ya. Apakah Anda ingin penjelasan lebih lanjut?\"\u001b[39m","pass":false}}],"failureMessages":["Error: \u001b[2mexpect(\u001b[22m\u001b[31mreceived\u001b[39m\u001b[2m).\u001b[22mtoMatch\u001b[2m(\u001b[22m\u001b[32mexpected\u001b[39m\u001b[2m)\u001b[22m\n\nExpected pattern: \u001b[32m/Form\\s+pendaftaran/i\u001b[39m\nReceived string:  \u001b[31m\"Kalau yang kamu maksud biaya & kampus, aku sudah nemu info biayanya, tapi aku ringkas dulu ya. Apakah Anda ingin penjelasan lebih lanjut?\"\u001b[39m\n    at Object.toMatch (C:\\Users\\TSC-AKA\\Videos\\MARKETING\\BOTAI\\system_wa\\tests\\providerWebhook.test.js:3029:17)\n    at processTicksAndRejections (node:internal/process/task_queues:105:5)"],"fullName":"Provider webhook replying \"mau daftar s1\" asks program choice (SI/TI/BD/SK) instead of defaulting","invocations":1,"location":null,"numPassingAsserts":5,"retryReasons":[],"status":"failed","title":"replying \"mau daftar s1\" asks program choice (SI/TI/BD/SK) instead of defaulting"},{"ancestorTitles":["Provider webhook"],"duration":164,"failureDetails":[{"matcherResult":{"message":"\u001b[2mexpect(\u001b[22m\u001b[31mreceived\u001b[39m\u001b[2m).\u001b[22mtoContain\u001b[2m(\u001b[22m\u001b[32mexpected\u001b[39m\u001b[2m) // indexOf\u001b[22m\n\nExpected substring: \u001b[32m\"berkas\"\u001b[39m\nReceived string:    \u001b[31m\"oke, kak. apakah anda ingin penjelasan lebih lanjut?\"\u001b[39m","pass":false}}],"failureMessages":["Error: \u001b[2mexpect(\u001b[22m\u001b[31mreceived\u001b[39m\u001b[2m).\u001b[22mtoContain\u001b[2m(\u001b[22m\u001b[32mexpected\u001b[39m\u001b[2m) // indexOf\u001b[22m\n\nExpected substring: \u001b[32m\"berkas\"\u001b[39m\nReceived string:    \u001b[31m\"oke, kak. apakah anda ingin penjelasan lebih lanjut?\"\u001b[39m\n    at Object.toContain (C:\\Users\\TSC-AKA\\Videos\\MARKETING\\BOTAI\\system_wa\\tests\\providerWebhook.test.js:3059:32)\n    at processTicksAndRejections (node:internal/process/task_queues:105:5)"],"fullName":"Provider webhook registration flow: after prodi pick, sends requirements/docs first and offers biaya; short \"iya\" triggers biaya follow-up","invocations":1,"location":null,"numPassingAsserts":5,"retryReasons":[],"status":"failed","title":"registration flow: after prodi pick, sends requirements/docs first and offers biaya; short \"iya\" triggers biaya follow-up"},{"ancestorTitles":["Provider webhook"],"duration":165,"failureDetails":[{"matcherResult":{"message":"\u001b[2mexpect(\u001b[22m\u001b[31mreceived\u001b[39m\u001b[2m).\u001b[22mtoContain\u001b[2m(\u001b[22m\u001b[32mexpected\u001b[39m\u001b[2m) // indexOf\u001b[22m\n\nExpected substring: \u001b[32m\"sudah saya kirim\"\u001b[39m\nReceived string:    \u001b[31m\"kalau yang kamu maksud biaya teknologi informasi, aku sudah nemu info biayanya, tapi aku ringkas dulu ya. apakah anda ingin penjelasan lebih lanjut?\"\u001b[39m","pass":false}}],"failureMessages":["Error: \u001b[2mexpect(\u001b[22m\u001b[31mreceived\u001b[39m\u001b[2m).\u001b[22mtoContain\u001b[2m(\u001b[22m\u001b[32mexpected\u001b[39m\u001b[2m) // indexOf\u001b[22m\n\nExpected substring: \u001b[32m\"sudah saya kirim\"\u001b[39m\nReceived string:    \u001b[31m\"kalau yang kamu maksud biaya teknologi informasi, aku sudah nemu info biayanya, tapi aku ringkas dulu ya. apakah anda ingin penjelasan lebih lanjut?\"\u001b[39m\n    at Object.toContain (C:\\Users\\TSC-AKA\\Videos\\MARKETING\\BOTAI\\system_wa\\tests\\providerWebhook.test.js:3109:31)\n    at processTicksAndRejections (node:internal/process/task_queues:105:5)"],"fullName":"Provider webhook registration flow: does not repeat docs list if it was just sent recently","invocations":1,"location":null,"numPassingAsserts":4,"retryReasons":[],"status":"failed","title":"registration flow: does not repeat docs list if it was just sent recently"},{"ancestorTitles":["Provider webhook"],"duration":165,"failureDetails":[{"matcherResult":{"message":"\u001b[2mexpect(\u001b[22m\u001b[31mreceived\u001b[39m\u001b[2m).\u001b[22mtoMatch\u001b[2m(\u001b[22m\u001b[32mexpected\u001b[39m\u001b[2m)\u001b[22m\n\nExpected pattern: \u001b[32m/Form\\s+pendaftaran/i\u001b[39m\nReceived string:  \u001b[31m\"Berikut ringkasannya:\u001b[39m\n\u001b[31mMaksudnya biaya awal masuk atau biaya per semester?\"\u001b[39m","pass":false}}],"failureMessages":["Error: \u001b[2mexpect(\u001b[22m\u001b[31mreceived\u001b[39m\u001b[2m).\u001b[22mtoMatch\u001b[2m(\u001b[22m\u001b[32mexpected\u001b[39m\u001b[2m)\u001b[22m\n\nExpected pattern: \u001b[32m/Form\\s+pendaftaran/i\u001b[39m\nReceived string:  \u001b[31m\"Berikut ringkasannya:\u001b[39m\n\u001b[31mMaksudnya biaya awal masuk atau biaya per semester?\"\u001b[39m\n    at Object.toMatch (C:\\Users\\TSC-AKA\\Videos\\MARKETING\\BOTAI\\system_wa\\tests\\providerWebhook.test.js:3142:17)\n    at processTicksAndRejections (node:internal/process/task_queues:105:5)"],"fullName":"Provider webhook registration flow: stage choose_degree accepts \"S1\" reply even if lastBot context is missing (race-safe)","invocations":1,"location":null,"numPassingAsserts":5,"retryReasons":[],"status":"failed","title":"registration flow: stage choose_degree accepts \"S1\" reply even if lastBot context is missing (race-safe)"},{"ancestorTitles":["Provider webhook"],"duration":162,"failureDetails":[],"failureMessages":[],"fullName":"Provider webhook returns 400 when chatId missing","invocations":1,"location":null,"numPassingAsserts":1,"retryReasons":[],"status":"passed","title":"returns 400 when chatId missing"},{"ancestorTitles":["Provider webhook"],"duration":163,"failureDetails":[],"failureMessages":[],"fullName":"Provider webhook handles basic message flow","invocations":1,"location":null,"numPassingAsserts":2,"retryReasons":[],"status":"passed","title":"handles basic message flow"},{"ancestorTitles":["Provider webhook"],"duration":173,"failureDetails":[],"failureMessages":[],"fullName":"Provider webhook dedupes late retries by text+timestamp when messageId missing","invocations":1,"location":null,"numPassingAsserts":8,"retryReasons":[],"status":"passed","title":"dedupes late retries by text+timestamp when messageId missing"},{"ancestorTitles":["Provider webhook"],"duration":164,"failureDetails":[],"failureMessages":[],"fullName":"Provider webhook sends welcome only for simple greeting","invocations":1,"location":null,"numPassingAsserts":5,"retryReasons":[],"status":"passed","title":"sends welcome only for simple greeting"},{"ancestorTitles":["Provider webhook"],"duration":166,"failureDetails":[],"failureMessages":[],"fullName":"Provider webhook treats custom greeting alias as greeting-only and sends welcome only","invocations":1,"location":null,"numPassingAsserts":5,"retryReasons":[],"status":"passed","title":"treats custom greeting alias as greeting-only and sends welcome only"},{"ancestorTitles":["Provider webhook"],"duration":164,"failureDetails":[],"failureMessages":[],"fullName":"Provider webhook treats \"selamat sang\" as greeting (typo for siang) and sends welcome only","invocations":1,"location":null,"numPassingAsserts":5,"retryReasons":[],"status":"passed","title":"treats \"selamat sang\" as greeting (typo for siang) and sends welcome only"},{"ancestorTitles":["Provider webhook"],"duration":167,"failureDetails":[],"failureMessages":[],"fullName":"Provider webhook treats common greeting variant \"pagi kak\" as greeting-only","invocations":1,"location":null,"numPassingAsserts":5,"retryReasons":[],"status":"passed","title":"treats common greeting variant \"pagi kak\" as greeting-only"},{"ancestorTitles":["Provider webhook"],"duration":170,"failureDetails":[],"failureMessages":[],"fullName":"Provider webhook treats common greeting variant \"siang min\" as greeting-only","invocations":1,"location":null,"numPassingAsserts":5,"retryReasons":[],"status":"passed","title":"treats common greeting variant \"siang min\" as greeting-only"},{"ancestorTitles":["Provider webhook"],"duration":162,"failureDetails":[],"failureMessages":[],"fullName":"Provider webhook treats common greeting variant \"malem kak\" as greeting-only","invocations":1,"location":null,"numPassingAsserts":5,"retryReasons":[],"status":"passed","title":"treats common greeting variant \"malem kak\" as greeting-only"},{"ancestorTitles":["Provider webhook"],"duration":162,"failureDetails":[],"failureMessages":[],"fullName":"Provider webhook treats common greeting variant \"selamat malem kak\" as greeting-only","invocations":1,"location":null,"numPassingAsserts":5,"retryReasons":[],"status":"passed","title":"treats common greeting variant \"selamat malem kak\" as greeting-only"},{"ancestorTitles":["Provider webhook"],"duration":201,"failureDetails":[],"failureMessages":[],"fullName":"Provider webhook treats common greeting variant \"halo selamat pagi\" as greeting-only","invocations":1,"location":null,"numPassingAsserts":5,"retryReasons":[],"status":"passed","title":"treats common greeting variant \"halo selamat pagi\" as greeting-only"},{"ancestorTitles":["Provider webhook"],"duration":160,"failureDetails":[],"failureMessages":[],"fullName":"Provider webhook treats common greeting variant \"halo selamat pagi kak\" as greeting-only","invocations":1,"location":null,"numPassingAsserts":5,"retryReasons":[],"status":"passed","title":"treats common greeting variant \"halo selamat pagi kak\" as greeting-only"},{"ancestorTitles":["Provider webhook"],"duration":162,"failureDetails":[],"failureMessages":[],"fullName":"Provider webhook treats common greeting variant \"met pagi\" as greeting-only","invocations":1,"location":null,"numPassingAsserts":5,"retryReasons":[],"status":"passed","title":"treats common greeting variant \"met pagi\" as greeting-only"},{"ancestorTitles":["Provider webhook"],"duration":165,"failureDetails":[],"failureMessages":[],"fullName":"Provider webhook treats common greeting variant \"met siang kak\" as greeting-only","invocations":1,"location":null,"numPassingAsserts":5,"retryReasons":[],"status":"passed","title":"treats common greeting variant \"met siang kak\" as greeting-only"},{"ancestorTitles":["Provider webhook"],"duration":176,"failureDetails":[],"failureMessages":[],"fullName":"Provider webhook treats common greeting variant \"halo pak\" as greeting-only","invocations":1,"location":null,"numPassingAsserts":5,"retryReasons":[],"status":"passed","title":"treats common greeting variant \"halo pak\" as greeting-only"},{"ancestorTitles":["Provider webhook"],"duration":173,"failureDetails":[],"failureMessages":[],"fullName":"Provider webhook treats common greeting variant \"halo bu\" as greeting-only","invocations":1,"location":null,"numPassingAsserts":5,"retryReasons":[],"status":"passed","title":"treats common greeting variant \"halo bu\" as greeting-only"},{"ancestorTitles":["Provider webhook"],"duration":159,"failureDetails":[],"failureMessages":[],"fullName":"Provider webhook treats common greeting variant \"halo bang\" as greeting-only","invocations":1,"location":null,"numPassingAsserts":5,"retryReasons":[],"status":"passed","title":"treats common greeting variant \"halo bang\" as greeting-only"},{"ancestorTitles":["Provider webhook"],"duration":159,"failureDetails":[{"matcherResult":{"message":"\u001b[2mexpect(\u001b[22m\u001b[31mreceived\u001b[39m\u001b[2m).\u001b[22mtoBeUndefined\u001b[2m()\u001b[22m\n\nReceived: \u001b[31m{\"degree\": \"S1\", \"program\": \"Teknologi Informasi\", \"stage\": \"done\"}\u001b[39m","pass":false}}],"failureMessages":["Error: \u001b[2mexpect(\u001b[22m\u001b[31mreceived\u001b[39m\u001b[2m).\u001b[22mtoBeUndefined\u001b[2m()\u001b[22m\n\nReceived: \u001b[31m{\"degree\": \"S1\", \"program\": \"Teknologi Informasi\", \"stage\": \"done\"}\u001b[39m\n    at toBeUndefined (C:\\Users\\TSC-AKA\\Videos\\MARKETING\\BOTAI\\system_wa\\tests\\providerWebhook.test.js:3315:50)\n    at processTicksAndRejections (node:internal/process/task_queues:105:5)"],"fullName":"Provider webhook pure greeting \"Halo\" restarts session and re-sends welcome even if previously welcomed","invocations":1,"location":null,"numPassingAsserts":6,"retryReasons":[],"status":"failed","title":"pure greeting \"Halo\" restarts session and re-sends welcome even if previously welcomed"},{"ancestorTitles":["Provider webhook"],"duration":155,"failureDetails":[{"matcherResult":{"message":"\u001b[2mexpect(\u001b[22m\u001b[31mreceived\u001b[39m\u001b[2m).\u001b[22mtoBeUndefined\u001b[2m()\u001b[22m\n\nReceived: \u001b[31m{\"degree\": \"S1\", \"program\": \"Teknologi Informasi\", \"stage\": \"done\"}\u001b[39m","pass":false}}],"failureMessages":["Error: \u001b[2mexpect(\u001b[22m\u001b[31mreceived\u001b[39m\u001b[2m).\u001b[22mtoBeUndefined\u001b[2m()\u001b[22m\n\nReceived: \u001b[31m{\"degree\": \"S1\", \"program\": \"Teknologi Informasi\", \"stage\": \"done\"}\u001b[39m\n    at toBeUndefined (C:\\Users\\TSC-AKA\\Videos\\MARKETING\\BOTAI\\system_wa\\tests\\providerWebhook.test.js:3315:50)\n    at processTicksAndRejections (node:internal/process/task_queues:105:5)"],"fullName":"Provider webhook pure greeting \"Halo selamat pagi\" restarts session and re-sends welcome even if previously welcomed","invocations":1,"location":null,"numPassingAsserts":6,"retryReasons":[],"status":"failed","title":"pure greeting \"Halo selamat pagi\" restarts session and re-sends welcome even if previously welcomed"},{"ancestorTitles":["Provider webhook"],"duration":171,"failureDetails":[{"matcherResult":{"message":"\u001b[2mexpect(\u001b[22m\u001b[31mreceived\u001b[39m\u001b[2m).\u001b[22mtoBeUndefined\u001b[2m()\u001b[22m\n\nReceived: \u001b[31m{\"degree\": \"S1\", \"program\": \"Teknologi Informasi\", \"stage\": \"done\"}\u001b[39m","pass":false}}],"failureMessages":["Error: \u001b[2mexpect(\u001b[22m\u001b[31mreceived\u001b[39m\u001b[2m).\u001b[22mtoBeUndefined\u001b[2m()\u001b[22m\n\nReceived: \u001b[31m{\"degree\": \"S1\", \"program\": \"Teknologi Informasi\", \"stage\": \"done\"}\u001b[39m\n    at toBeUndefined (C:\\Users\\TSC-AKA\\Videos\\MARKETING\\BOTAI\\system_wa\\tests\\providerWebhook.test.js:3315:50)\n    at processTicksAndRejections (node:internal/process/task_queues:105:5)"],"fullName":"Provider webhook pure greeting \"Halo selamat pagi kak\" restarts session and re-sends welcome even if previously welcomed","invocations":1,"location":null,"numPassingAsserts":6,"retryReasons":[],"status":"failed","title":"pure greeting \"Halo selamat pagi kak\" restarts session and re-sends welcome even if previously welcomed"},{"ancestorTitles":["Provider webhook"],"duration":161,"failureDetails":[],"failureMessages":[],"fullName":"Provider webhook typing \"menu\" resets session and re-sends welcome_message (preferred)","invocations":1,"location":null,"numPassingAsserts":12,"retryReasons":[],"status":"passed","title":"typing \"menu\" resets session and re-sends welcome_message (preferred)"},{"ancestorTitles":["Provider webhook"],"duration":359,"failureDetails":[],"failureMessages":[],"fullName":"Provider webhook greeting + question is not hijacked by welcome-only","invocations":1,"location":null,"numPassingAsserts":6,"retryReasons":[],"status":"passed","title":"greeting + question is not hijacked by welcome-only"},{"ancestorTitles":["Provider webhook"],"duration":366,"failureDetails":[],"failureMessages":[],"fullName":"Provider webhook greeting + addressee + question is not hijacked by welcome-only","invocations":1,"location":null,"numPassingAsserts":4,"retryReasons":[],"status":"passed","title":"greeting + addressee + question is not hijacked by welcome-only"},{"ancestorTitles":["Provider webhook"],"duration":158,"failureDetails":[{"matcherResult":{"message":"\u001b[2mexpect(\u001b[22m\u001b[31mreceived\u001b[39m\u001b[2m).\u001b[22mtoMatch\u001b[2m(\u001b[22m\u001b[32mexpected\u001b[39m\u001b[2m)\u001b[22m\n\nExpected pattern: \u001b[32m/tanya|tanyakan|pertanyaan/i\u001b[39m\nReceived string:  \u001b[31m\"Halo, kak. Apakah Anda ingin penjelasan lebih lanjut?\"\u001b[39m","pass":false}}],"failureMessages":["Error: \u001b[2mexpect(\u001b[22m\u001b[31mreceived\u001b[39m\u001b[2m).\u001b[22mtoMatch\u001b[2m(\u001b[22m\u001b[32mexpected\u001b[39m\u001b[2m)\u001b[22m\n\nExpected pattern: \u001b[32m/tanya|tanyakan|pertanyaan/i\u001b[39m\nReceived string:  \u001b[31m\"Halo, kak. Apakah Anda ingin penjelasan lebih lanjut?\"\u001b[39m\n    at Object.toMatch (C:\\Users\\TSC-AKA\\Videos\\MARKETING\\BOTAI\\system_wa\\tests\\providerWebhook.test.js:3420:22)\n    at processTicksAndRejections (node:internal/process/task_queues:105:5)"],"fullName":"Provider webhook greeting-only (no welcome setting) is answered with a prompt (no RAG)","invocations":1,"location":null,"numPassingAsserts":5,"retryReasons":[],"status":"failed","title":"greeting-only (no welcome setting) is answered with a prompt (no RAG)"},{"ancestorTitles":["Provider webhook"],"duration":164,"failureDetails":[{"matcherResult":{"message":"\u001b[2mexpect(\u001b[22m\u001b[31mreceived\u001b[39m\u001b[2m).\u001b[22mtoMatch\u001b[2m(\u001b[22m\u001b[32mexpected\u001b[39m\u001b[2m)\u001b[22m\n\nExpected pattern: \u001b[32m/tanya|tanyakan|pertanyaan/i\u001b[39m\nReceived string:  \u001b[31m\"Halo, kak. Apakah Anda ingin penjelasan lebih lanjut?\"\u001b[39m","pass":false}}],"failureMessages":["Error: \u001b[2mexpect(\u001b[22m\u001b[31mreceived\u001b[39m\u001b[2m).\u001b[22mtoMatch\u001b[2m(\u001b[22m\u001b[32mexpected\u001b[39m\u001b[2m)\u001b[22m\n\nExpected pattern: \u001b[32m/tanya|tanyakan|pertanyaan/i\u001b[39m\nReceived string:  \u001b[31m\"Halo, kak. Apakah Anda ingin penjelasan lebih lanjut?\"\u001b[39m\n    at Object.toMatch (C:\\Users\\TSC-AKA\\Videos\\MARKETING\\BOTAI\\system_wa\\tests\\providerWebhook.test.js:3442:22)\n    at processTicksAndRejections (node:internal/process/task_queues:105:5)"],"fullName":"Provider webhook custom greeting alias (no welcome setting) is answered with a prompt (no RAG)","invocations":1,"location":null,"numPassingAsserts":5,"retryReasons":[],"status":"failed","title":"custom greeting alias (no welcome setting) is answered with a prompt (no RAG)"},{"ancestorTitles":["Provider webhook"],"duration":169,"failureDetails":[],"failureMessages":[],"fullName":"Provider webhook double degree HELP process question returns daily Monday-Friday class answer","invocations":1,"location":null,"numPassingAsserts":5,"retryReasons":[],"status":"passed","title":"double degree HELP process question returns daily Monday-Friday class answer"},{"ancestorTitles":["Provider webhook"],"duration":161,"failureDetails":[],"failureMessages":[],"fullName":"Provider webhook double degree DNUI process question returns Bali-online-China study path","invocations":1,"location":null,"numPassingAsserts":6,"retryReasons":[],"status":"passed","title":"double degree DNUI process question returns Bali-online-China study path"},{"ancestorTitles":["Provider webhook"],"duration":159,"failureDetails":[],"failureMessages":[],"fullName":"Provider webhook follow-up \"boleh, coba hitung\" sums butir 1-4 deterministically (no RPL/SKS clarifier)","invocations":1,"location":null,"numPassingAsserts":7,"retryReasons":[],"status":"passed","title":"follow-up \"boleh, coba hitung\" sums butir 1-4 deterministically (no RPL/SKS clarifier)"},{"ancestorTitles":["Provider webhook"],"duration":172,"failureDetails":[],"failureMessages":[],"fullName":"Provider webhook follow-up compute ignores per-semester line when initial entry is only butir 1-3","invocations":1,"location":null,"numPassingAsserts":7,"retryReasons":[],"status":"passed","title":"follow-up compute ignores per-semester line when initial entry is only butir 1-3"},{"ancestorTitles":["Provider webhook"],"duration":168,"failureDetails":[],"failureMessages":[],"fullName":"Provider webhook follow-up \"ya boleh\" after dual offer (total awal masuk vs potongan gelombang) asks 1/2 choice","invocations":1,"location":null,"numPassingAsserts":7,"retryReasons":[],"status":"passed","title":"follow-up \"ya boleh\" after dual offer (total awal masuk vs potongan gelombang) asks 1/2 choice"},{"ancestorTitles":["Provider webhook"],"duration":164,"failureDetails":[],"failureMessages":[],"fullName":"Provider webhook follow-up \"iya tolong jelaskan\" after biaya pendaftaran offer anchors to rincian biaya (not campus)","invocations":1,"location":null,"numPassingAsserts":10,"retryReasons":[],"status":"passed","title":"follow-up \"iya tolong jelaskan\" after biaya pendaftaran offer anchors to rincian biaya (not campus)"},{"ancestorTitles":["Provider webhook"],"duration":170,"failureDetails":[],"failureMessages":[],"fullName":"Provider webhook pending dual-offer choice \"1\" computes total (overrides numeric menu)","invocations":1,"location":null,"numPassingAsserts":5,"retryReasons":[],"status":"passed","title":"pending dual-offer choice \"1\" computes total (overrides numeric menu)"},{"ancestorTitles":["Provider webhook"],"duration":184,"failureDetails":[],"failureMessages":[],"fullName":"Provider webhook pending dual-offer: unclear reply triggers reprompt and keeps pending so next choice works","invocations":1,"location":null,"numPassingAsserts":17,"retryReasons":[],"status":"passed","title":"pending dual-offer: unclear reply triggers reprompt and keeps pending so next choice works"},{"ancestorTitles":["Provider webhook"],"duration":379,"failureDetails":[],"failureMessages":[],"fullName":"Provider webhook pending dual-offer choice does not hijack a new explicit question (clears pending and answers deterministically)","invocations":1,"location":null,"numPassingAsserts":9,"retryReasons":[],"status":"passed","title":"pending dual-offer choice does not hijack a new explicit question (clears pending and answers deterministically)"},{"ancestorTitles":["Provider webhook"],"duration":170,"failureDetails":[],"failureMessages":[],"fullName":"Provider webhook numeric welcome menu: custom \"5 Lokasi Kampus\" routes to location answer (label-driven)","invocations":1,"location":null,"numPassingAsserts":4,"retryReasons":[],"status":"passed","title":"numeric welcome menu: custom \"5 Lokasi Kampus\" routes to location answer (label-driven)"},{"ancestorTitles":["Provider webhook"],"duration":164,"failureDetails":[{"matcherResult":{"message"
[...]
tryReasons":[],"status":"passed","title":"progressive answering: beasiswa short informal question returns concise lead"},{"ancestorTitles":["AIReplyEngine"],"duration":14,"failureDetails":[],"failureMessages":[],"fullName":"AIReplyEngine progressive answering: kelas malam short informal question returns concise lead","invocations":1,"location":null,"numPassingAsserts":2,"retryReasons":[],"status":"passed","title":"progressive answering: kelas malam short informal question returns concise lead"},{"ancestorTitles":["AIReplyEngine"],"duration":16,"failureDetails":[],"failureMessages":[],"fullName":"AIReplyEngine progressive answering: yang murah apa returns concise comparative lead","invocations":1,"location":null,"numPassingAsserts":2,"retryReasons":[],"status":"passed","title":"progressive answering: yang murah apa returns concise comparative lead"}],"endTime":1779252984414,"message":"","name":"C:\\Users\\TSC-AKA\\Videos\\MARKETING\\BOTAI\\system_wa\\tests\\aiEngine.test.js","startTime":1779252984199,"status":"passed","summary":""},{"assertionResults":[{"ancestorTitles":["WATI webhook"],"duration":112,"failureDetails":[],"failureMessages":[],"fullName":"WATI webhook extracts nested WATI payload fields and forwards them to provider webhook","invocations":1,"location":null,"numPassingAsserts":5,"retryReasons":[],"status":"passed","title":"extracts nested WATI payload fields and forwards them to provider webhook"}],"endTime":1779252984794,"message":"","name":"C:\\Users\\TSC-AKA\\Videos\\MARKETING\\BOTAI\\system_wa\\tests\\watiWebhook.test.js","startTime":1779252984434,"status":"passed","summary":""},{"assertionResults":[{"ancestorTitles":["sessionOrchestrator"],"duration":4,"failureDetails":[],"failureMessages":[],"fullName":"sessionOrchestrator detects cost intent from question","invocations":1,"location":null,"numPassingAsserts":4,"retryReasons":[],"status":"passed","title":"detects cost intent from question"},{"ancestorTitles":["sessionOrchestrator"],"duration":3,"failureDetails":[],"failureMessages":[],"fullName":"sessionOrchestrator detects schedule intent from question","invocations":1,"location":null,"numPassingAsserts":2,"retryReasons":[],"status":"passed","title":"detects schedule intent from question"},{"ancestorTitles":["sessionOrchestrator"],"duration":1,"failureDetails":[],"failureMessages":[],"fullName":"sessionOrchestrator detects program info intent","invocations":1,"location":null,"numPassingAsserts":2,"retryReasons":[],"status":"passed","title":"detects program info intent"},{"ancestorTitles":["sessionOrchestrator"],"duration":1,"failureDetails":[],"failureMessages":[],"fullName":"sessionOrchestrator detects intent transition - cost to schedule","invocations":1,"location":null,"numPassingAsserts":4,"retryReasons":[],"status":"passed","title":"detects intent transition - cost to schedule"},{"ancestorTitles":["sessionOrchestrator"],"duration":0,"failureDetails":[],"failureMessages":[],"fullName":"sessionOrchestrator clears retrieval context on intent change","invocations":1,"location":null,"numPassingAsserts":3,"retryReasons":[],"status":"passed","title":"clears retrieval context on intent change"},{"ancestorTitles":["sessionOrchestrator"],"duration":1,"failureDetails":[],"failureMessages":[],"fullName":"sessionOrchestrator preserves inheritable entities on context reset","invocations":1,"location":null,"numPassingAsserts":4,"retryReasons":[],"status":"passed","title":"preserves inheritable entities on context reset"},{"ancestorTitles":["sessionOrchestrator"],"duration":1,"failureDetails":[],"failureMessages":[],"fullName":"sessionOrchestrator validates query completeness for cost query","invocations":1,"location":null,"numPassingAsserts":3,"retryReasons":[],"status":"passed","title":"validates query completeness for cost query"},{"ancestorTitles":["sessionOrchestrator"],"duration":1,"failureDetails":[],"failureMessages":[],"fullName":"sessionOrchestrator accepts complete cost query","invocations":1,"location":null,"numPassingAsserts":3,"retryReasons":[],"status":"passed","title":"accepts complete cost query"},{"ancestorTitles":["sessionOrchestrator"],"duration":1,"failureDetails":[],"failureMessages":[],"fullName":"sessionOrchestrator builds clarification prompt for incomplete query","invocations":1,"location":null,"numPassingAsserts":4,"retryReasons":[],"status":"passed","title":"builds clarification prompt for incomplete query"},{"ancestorTitles":["hardMetadataGates"],"duration":1,"failureDetails":[],"failureMessages":[],"fullName":"hardMetadataGates extracts metadata from chunk","invocations":1,"location":null,"numPassingAsserts":4,"retryReasons":[],"status":"passed","title":"extracts metadata from chunk"},{"ancestorTitles":["hardMetadataGates"],"duration":1,"failureDetails":[],"failureMessages":[],"fullName":"hardMetadataGates rejects chunk with invalid metadata","invocations":1,"location":null,"numPassingAsserts":2,"retryReasons":[],"status":"passed","title":"rejects chunk with invalid metadata"},{"ancestorTitles":["hardMetadataGates"],"duration":1,"failureDetails":[],"failureMessages":[],"fullName":"hardMetadataGates HARD GATE: rejects program mismatch","invocations":1,"location":null,"numPassingAsserts":4,"retryReasons":[],"status":"passed","title":"HARD GATE: rejects program mismatch"},{"ancestorTitles":["hardMetadataGates"],"duration":0,"failureDetails":[],"failureMessages":[],"fullName":"hardMetadataGates HARD GATE: rejects wave mismatch","invocations":1,"location":null,"numPassingAsserts":2,"retryReasons":[],"status":"passed","title":"HARD GATE: rejects wave mismatch"},{"ancestorTitles":["hardMetadataGates"],"duration":1,"failureDetails":[],"failureMessages":[],"fullName":"hardMetadataGates HARD GATE: passes when metadata matches","invocations":1,"location":null,"numPassingAsserts":2,"retryReasons":[],"status":"passed","title":"HARD GATE: passes when metadata matches"},{"ancestorTitles":["hardMetadataGates"],"duration":1,"failureDetails":[],"failureMessages":[],"fullName":"hardMetadataGates HARD GATE: rejects low OCR quality for financial data","invocations":1,"location":null,"numPassingAsserts":2,"retryReasons":[],"status":"passed","title":"HARD GATE: rejects low OCR quality for financial data"},{"ancestorTitles":["hardMetadataGates"],"duration":1,"failureDetails":[],"failureMessages":[],"fullName":"hardMetadataGates filters chunks by metadata gates","invocations":1,"location":null,"numPassingAsserts":4,"retryReasons":[],"status":"passed","title":"filters chunks by metadata gates"},{"ancestorTitles":["hardMetadataGates"],"duration":1,"failureDetails":[],"failureMessages":[],"fullName":"hardMetadataGates validates query constraints","invocations":1,"location":null,"numPassingAsserts":2,"retryReasons":[],"status":"passed","title":"validates query constraints"},{"ancestorTitles":["hardMetadataGates"],"duration":1,"failureDetails":[],"failureMessages":[],"fullName":"hardMetadataGates rejects invalid academic year","invocations":1,"location":null,"numPassingAsserts":2,"retryReasons":[],"status":"passed","title":"rejects invalid academic year"},{"ancestorTitles":["hardMetadataGates"],"duration":1,"failureDetails":[],"failureMessages":[],"fullName":"hardMetadataGates checks metadata consistency across chunks","invocations":1,"location":null,"numPassingAsserts":3,"retryReasons":[],"status":"passed","title":"checks metadata consistency across chunks"},{"ancestorTitles":["Integration Scenarios"],"duration":1,"failureDetails":[],"failureMessages":[],"fullName":"Integration Scenarios SCENARIO 1: Intent change from COST to SCHEDULE","invocations":1,"location":null,"numPassingAsserts":5,"retryReasons":[],"status":"passed","title":"SCENARIO 1: Intent change from COST to SCHEDULE"},{"ancestorTitles":["Integration Scenarios"],"duration":6,"failureDetails":[],"failureMessages":[],"fullName":"Integration Scenarios SCENARIO 2: Metadata gate prevents wrong-program answer","invocations":1,"location":null,"numPassingAsserts":2,"retryReasons":[],"status":"passed","title":"SCENARIO 2: Metadata gate prevents wrong-program answer"},{"ancestorTitles":["Integration Scenarios"],"duration":2,"failureDetails":[],"failureMessages":[],"fullName":"Integration Scenarios SCENARIO 3: Query validation prevents hallucination from incomplete query","invocations":1,"location":null,"numPassingAsserts":3,"retryReasons":[],"status":"passed","title":"SCENARIO 3: Query validation prevents hallucination from incomplete query"},{"ancestorTitles":["Integration Scenarios"],"duration":3,"failureDetails":[],"failureMessages":[],"fullName":"Integration Scenarios SCENARIO 4: Multiple intent changes with context cleanup","invocations":1,"location":null,"numPassingAsserts":2,"retryReasons":[],"status":"passed","title":"SCENARIO 4: Multiple intent changes with context cleanup"}],"endTime":1779252984966,"message":"","name":"C:\\Users\\TSC-AKA\\Videos\\MARKETING\\BOTAI\\system_wa\\tests\\orchestration.test.js","startTime":1779252984806,"status":"passed","summary":""},{"assertionResults":[{"ancestorTitles":["composerPipeline deterministic vs conversational"],"duration":2,"failureDetails":[],"failureMessages":[],"fullName":"composerPipeline deterministic vs conversational deterministic mode bypasses composer and sends literal text","invocations":1,"location":null,"numPassingAsserts":3,"retryReasons":[],"status":"passed","title":"deterministic mode bypasses composer and sends literal text"},{"ancestorTitles":["composerPipeline deterministic vs conversational"],"duration":8,"failureDetails":[],"failureMessages":[],"fullName":"composerPipeline deterministic vs conversational conversational mode runs humanizer and composer","invocations":1,"location":null,"numPassingAsserts":4,"retryReasons":[],"status":"passed","title":"conversational mode runs humanizer and composer"},{"ancestorTitles":["composerPipeline deterministic vs conversational"],"duration":1,"failureDetails":[],"failureMessages":[],"fullName":"composerPipeline deterministic vs conversational deterministic numbered menu preserves exact formatting and bypasses humanizer","invocations":1,"location":null,"numPassingAsserts":4,"retryReasons":[],"status":"passed","title":"deterministic numbered menu preserves exact formatting and bypasses humanizer"},{"ancestorTitles":["composerPipeline deterministic vs conversational"],"duration":1,"failureDetails":[],"failureMessages":[],"fullName":"composerPipeline deterministic vs conversational deterministic fee breakdown response is sent literally without humanizer","invocations":1,"location":null,"numPassingAsserts":4,"retryReasons":[],"status":"passed","title":"deterministic fee breakdown response is sent literally without humanizer"},{"ancestorTitles":["composerPipeline deterministic vs conversational"],"duration":1,"failureDetails":[],"failureMessages":[],"fullName":"composerPipeline deterministic vs conversational outbound.reply forwards deterministic responseMode and circumvents composer","invocations":1,"location":null,"numPassingAsserts":2,"retryReasons":[],"status":"passed","title":"outbound.reply forwards deterministic responseMode and circumvents composer"}],"endTime":1779252985081,"message":"","name":"C:\\Users\\TSC-AKA\\Videos\\MARKETING\\BOTAI\\system_wa\\tests\\composerPipeline.deterministic.test.js","startTime":1779252984978,"status":"passed","summary":""},{"assertionResults":[{"ancestorTitles":["Fonnte provider sendMessage"],"duration":23,"failureDetails":[],"failureMessages":[],"fullName":"Fonnte provider sendMessage uses Fonnte token header and form-encoded payload","invocations":1,"location":null,"numPassingAsserts":7,"retryReasons":[],"status":"passed","title":"uses Fonnte token header and form-encoded payload"}],"endTime":1779252985216,"message":"","name":"C:\\Users\\TSC-AKA\\Videos\\MARKETING\\BOTAI\\system_wa\\tests\\fonnteProvider.test.js","startTime":1779252985088,"status":"passed","summary":""},{"assertionResults":[{"ancestorTitles":[],"duration":3,"failureDetails":[],"failureMessages":[],"fullName":"compose simple TI brp with retrieval","invocations":1,"location":null,"numPassingAsserts":4,"retryReasons":[],"status":"passed","title":"compose simple TI brp with retrieval"},{"ancestorTitles":[],"duration":1,"failureDetails":[],"failureMessages":[],"fullName":"compose clarifying when ambiguous","invocations":1,"location":null,"numPassingAsserts":2,"retryReasons":[],"status":"passed","title":"compose clarifying when ambiguous"},{"ancestorTitles":[],"duration":0,"failureDetails":[],"failureMessages":[],"fullName":"should not reflect when direct high confidence","invocations":1,"location":null,"numPassingAsserts":1,"retryReasons":[],"status":"passed","title":"should not reflect when direct high confidence"}],"endTime":1779252985301,"message":"","name":"C:\\Users\\TSC-AKA\\Videos\\MARKETING\\BOTAI\\system_wa\\tests\\composer.test.js","startTime":1779252985224,"status":"passed","summary":""},{"assertionResults":[{"ancestorTitles":["uploadSecurity helpers"],"duration":1,"failureDetails":[],"failureMessages":[],"fullName":"uploadSecurity helpers sanitizeFilename removes dangerous characters","invocations":1,"location":null,"numPassingAsserts":3,"retryReasons":[],"status":"passed","title":"sanitizeFilename removes dangerous characters"},{"ancestorTitles":["uploadSecurity helpers"],"duration":1,"failureDetails":[],"failureMessages":[],"fullName":"uploadSecurity helpers validateFileType rejects unsupported extensions","invocations":1,"location":null,"numPassingAsserts":1,"retryReasons":[],"status":"passed","title":"validateFileType rejects unsupported extensions"},{"ancestorTitles":["uploadSecurity helpers"],"duration":1,"failureDetails":[],"failureMessages":[],"fullName":"uploadSecurity helpers validateFileType allows whitelisted extensions","invocations":1,"location":null,"numPassingAsserts":1,"retryReasons":[],"status":"passed","title":"validateFileType allows whitelisted extensions"}],"endTime":1779252985423,"message":"","name":"C:\\Users\\TSC-AKA\\Videos\\MARKETING\\BOTAI\\system_wa\\tests\\uploadSecurity.test.js","startTime":1779252985307,"status":"passed","summary":""},{"assertionResults":[{"ancestorTitles":["Regression tests: deterministic / welcome / fee / numbered menu"],"duration":2,"failureDetails":[],"failureMessages":[],"fullName":"Regression tests: deterministic / welcome / fee / numbered menu deterministic bypass calls sendRaw with responseMode metadata","invocations":1,"location":null,"numPassingAsserts":4,"retryReasons":[],"status":"passed","title":"deterministic bypass calls sendRaw with responseMode metadata"},{"ancestorTitles":["Regression tests: deterministic / welcome / fee / numbered menu"],"duration":1,"failureDetails":[],"failureMessages":[],"fullName":"Regression tests: deterministic / welcome / fee / numbered menu welcome literal detection preserves WELCOME_MENU token","invocations":1,"location":null,"numPassingAsserts":4,"retryReasons":[],"status":"passed","title":"welcome literal detection preserves WELCOME_MENU token"},{"ancestorTitles":["Regression tests: deterministic / welcome / fee / numbered menu"],"duration":2,"failureDetails":[],"failureMessages":[],"fullName":"Regression tests: deterministic / welcome / fee / numbered menu fee fast-path builds deterministic partial response with bullets","invocations":1,"location":null,"numPassingAsserts":3,"retryReasons":[],"status":"passed","title":"fee fast-path builds deterministic partial response with bullets"},{"ancestorTitles":["Regression tests: deterministic / welcome / fee / numbered menu"],"duration":5,"failureDetails":[],"failureMessages":[],"fullName":"Regression tests: deterministic / welcome / fee / numbered menu numbered menu parser (extracted from provider) recognizes multi-line numeric menus","invocations":1,"location":null,"numPassingAsserts":4,"retryReasons":[],"status":"passed","title":"numbered menu parser (extracted from provider) recognizes multi-line numeric menus"}],"endTime":1779252985518,"message":"","name":"C:\\Users\\TSC-AKA\\Videos\\MARKETING\\BOTAI\\system_wa\\tests\\regression.deterministic.test.js","startTime":1779252985430,"status":"passed","summary":""},{"assertionResults":[{"ancestorTitles":["FSM engine"],"duration":2,"failureDetails":[],"failureMessages":[],"fullName":"FSM engine upsertSession does not overwrite Session.data when data is omitted","invocations":1,"location":null,"numPassingAsserts":2,"retryReasons":[],"status":"passed","title":"upsertSession does not overwrite Session.data when data is omitted"},{"ancestorTitles":["FSM engine"],"duration":1,"failureDetails":[],"failureMessages":[],"fullName":"FSM engine upsertSession overwrites Session.data only when explicitly provided","invocations":1,"location":null,"numPassingAsserts":2,"retryReasons":[],"status":"passed","title":"upsertSession overwrites Session.data only when explicitly provided"},{"ancestorTitles":["FSM engine"],"duration":2,"failureDetails":[],"failureMessages":[],"fullName":"FSM engine handleFSM numeric selection updates state and returns menu text (without wiping data)","invocations":1,"location":null,"numPassingAsserts":3,"retryReasons":[],"status":"passed","title":"handleFSM numeric selection updates state and returns menu text (without wiping data)"},{"ancestorTitles":["FSM engine"],"duration":2,"failureDetails":[],"failureMessages":[],"fullName":"FSM engine handleFSM \"menu\" works from non-root state and lists only top-level root.<digit> items (first line as label)","invocations":1,"location":null,"numPassingAsserts":2,"retryReasons":[],"status":"passed","title":"handleFSM \"menu\" works from non-root state and lists only top-level root.<digit> items (first line as label)"}],"endTime":1779252985609,"message":"","name":"C:\\Users\\TSC-AKA\\Videos\\MARKETING\\BOTAI\\system_wa\\tests\\fsmEngine.test.js","startTime":1779252985528,"status":"passed","summary":""},{"assertionResults":[{"ancestorTitles":["webSearchFallbackAnswer"],"duration":8,"failureDetails":[],"failureMessages":[],"fullName":"webSearchFallbackAnswer academics: faculty question extracts faculty lines from seed page quick scan","invocations":1,"location":null,"numPassingAsserts":5,"retryReasons":[],"status":"passed","title":"academics: faculty question extracts faculty lines from seed page quick scan"},{"ancestorTitles":["webSearchFallbackAnswer"],"duration":2,"failureDetails":[],"failureMessages":[],"fullName":"webSearchFallbackAnswer location: \"dimana\" (no space) is treated as location intent and uses seed page quick scan","invocations":1,"location":null,"numPassingAsserts":4,"retryReasons":[],"status":"passed","title":"location: \"dimana\" (no space) is treated as location intent and uses seed page quick scan"}],"endTime":1779252985722,"message":"","name":"C:\\Users\\TSC-AKA\\Videos\\MARKETING\\BOTAI\\system_wa\\tests\\webSearchFallback.test.js","startTime":1779252985615,"status":"passed","summary":""},{"assertionResults":[{"ancestorTitles":["replyEngine keyword normalization"],"duration":5,"failureDetails":[],"failureMessages":[],"fullName":"replyEngine keyword normalization contains match tolerates punctuation + \"brapakah\" typo + \"mendaftar/pendaftaran\" variants","invocations":1,"location":null,"numPassingAsserts":2,"retryReasons":[],"status":"passed","title":"contains match tolerates punctuation + \"brapakah\" typo + \"mendaftar/pendaftaran\" variants"},{"ancestorTitles":["replyEngine keyword normalization"],"duration":2,"failureDetails":[],"failureMessages":[],"fullName":"replyEngine keyword normalization regex match is also tested against normalized text (so typos can still match)","invocations":1,"location":null,"numPassingAsserts":1,"retryReasons":[],"status":"passed","title":"regex match is also tested against normalized text (so typos can still match)"}],"endTime":1779252985809,"message":"","name":"C:\\Users\\TSC-AKA\\Videos\\MARKETING\\BOTAI\\system_wa\\tests\\replyEngineNormalization.test.js","startTime":1779252985728,"status":"passed","summary":""}],"wasInterrupted":false}
