{"numFailedTestSuites":1,"numFailedTests":22,"numPassedTestSuites":0,"numPassedTests":69,"numPendingTestSuites":0,"numPendingTests":0,"numRuntimeErrorTestSuites":0,"numTodoTests":0,"numTotalTestSuites":1,"numTotalTests":91,"openHandles":[],"snapshot":{"added":0,"didUpdate":false,"failure":false,"filesAdded":0,"filesRemoved":0,"filesRemovedList":[],"filesUnmatched":0,"filesUpdated":0,"matched":0,"total":0,"unchecked":0,"uncheckedKeysByFile":[],"unmatched":0,"updated":0},"startTime":1783264410103,"success":false,"testResults":[{"assertionResults":[{"ancestorTitles":["ragEngine helpers"],"duration":4175,"failureDetails":[{"matcherResult":{"actual":"gpt-4o-mini","expected":"rag-greeting","message":"\u001b[2mexpect(\u001b[22m\u001b[31mreceived\u001b[39m\u001b[2m).\u001b[22mtoBe\u001b[2m(\u001b[22m\u001b[32mexpected\u001b[39m\u001b[2m) // Object.is equality\u001b[22m\n\nExpected: \u001b[32m\"\u001b[7mrag-greet\u001b[27min\u001b[7mg\u001b[27m\"\u001b[39m\nReceived: \u001b[31m\"\u001b[7mgpt-4o-m\u001b[27min\u001b[7mi\u001b[27m\"\u001b[39m","name":"toBe","pass":false}}],"failureMessages":["Error: \u001b[2mexpect(\u001b[22m\u001b[31mreceived\u001b[39m\u001b[2m).\u001b[22mtoBe\u001b[2m(\u001b[22m\u001b[32mexpected\u001b[39m\u001b[2m) // Object.is equality\u001b[22m\n\nExpected: \u001b[32m\"\u001b[7mrag-greet\u001b[27min\u001b[7mg\u001b[27m\"\u001b[39m\nReceived: \u001b[31m\"\u001b[7mgpt-4o-m\u001b[27min\u001b[7mi\u001b[27m\"\u001b[39m\n    at Object.toBe (C:\\Users\\TSC-AKA\\Videos\\MARKETING\\BOTAI\\system_wa\\tests\\ragEngine.test.js:15:29)\n    at processTicksAndRejections (node:internal/process/task_queues:105:5)"],"fullName":"ragEngine helpers regression: all greeting aliases return identical deterministic greeting","invocations":1,"location":null,"numPassingAsserts":0,"retryReasons":[],"status":"failed","title":"regression: all greeting aliases return identical deterministic greeting"},{"ancestorTitles":["ragEngine helpers"],"duration":12389,"failureDetails":[{"matcherResult":{"actual":"gpt-4o-mini","expected":"rag-pmb-info","message":"\u001b[2mexpect(\u001b[22m\u001b[31mreceived\u001b[39m\u001b[2m).\u001b[22mtoBe\u001b[2m(\u001b[22m\u001b[32mexpected\u001b[39m\u001b[2m) // Object.is equality\u001b[22m\n\nExpected: \u001b[32m\"rag-pmb-info\"\u001b[39m\nReceived: \u001b[31m\"gpt-4o-mini\"\u001b[39m","name":"toBe","pass":false}}],"failureMessages":["Error: \u001b[2mexpect(\u001b[22m\u001b[31mreceived\u001b[39m\u001b[2m).\u001b[22mtoBe\u001b[2m(\u001b[22m\u001b[32mexpected\u001b[39m\u001b[2m) // Object.is equality\u001b[22m\n\nExpected: \u001b[32m\"rag-pmb-info\"\u001b[39m\nReceived: \u001b[31m\"gpt-4o-mini\"\u001b[39m\n    at Object.toBe (C:\\Users\\TSC-AKA\\Videos\\MARKETING\\BOTAI\\system_wa\\tests\\ragEngine.test.js:24:27)\n    at processTicksAndRejections (node:internal/process/task_queues:105:5)"],"fullName":"ragEngine helpers regression: PMB information is not routed to biaya answer","invocations":1,"location":null,"numPassingAsserts":0,"retryReasons":[],"status":"failed","title":"regression: PMB information is not routed to biaya answer"},{"ancestorTitles":["ragEngine helpers"],"duration":4137,"failureDetails":[{"matcherResult":{"actual":"gpt-4o-mini","expected":"rag-program-profile","message":"\u001b[2mexpect(\u001b[22m\u001b[31mreceived\u001b[39m\u001b[2m).\u001b[22mtoBe\u001b[2m(\u001b[22m\u001b[32mexpected\u001b[39m\u001b[2m) // Object.is equality\u001b[22m\n\nExpected: \u001b[32m\"rag-program-profile\"\u001b[39m\nReceived: \u001b[31m\"gpt-4o-mini\"\u001b[39m","name":"toBe","pass":false}}],"failureMessages":["Error: \u001b[2mexpect(\u001b[22m\u001b[31mreceived\u001b[39m\u001b[2m).\u001b[22mtoBe\u001b[2m(\u001b[22m\u001b[32mexpected\u001b[39m\u001b[2m) // Object.is equality\u001b[22m\n\nExpected: \u001b[32m\"rag-program-profile\"\u001b[39m\nReceived: \u001b[31m\"gpt-4o-mini\"\u001b[39m\n    at Object.toBe (C:\\Users\\TSC-AKA\\Videos\\MARKETING\\BOTAI\\system_wa\\tests\\ragEngine.test.js:34:27)\n    at processTicksAndRejections (node:internal/process/task_queues:105:5)"],"fullName":"ragEngine helpers regression: SK in PMB/program context means Sistem Komputer, not SKS","invocations":1,"location":null,"numPassingAsserts":0,"retryReasons":[],"status":"failed","title":"regression: SK in PMB/program context means Sistem Komputer, not SKS"},{"ancestorTitles":["ragEngine helpers"],"duration":3631,"failureDetails":[{"matcherResult":{"actual":"gpt-4o-mini","expected":"rag-program-profile","message":"\u001b[2mexpect(\u001b[22m\u001b[31mreceived\u001b[39m\u001b[2m).\u001b[22mtoBe\u001b[2m(\u001b[22m\u001b[32mexpected\u001b[39m\u001b[2m) // Object.is equality\u001b[22m\n\nExpected: \u001b[32m\"rag-program-profile\"\u001b[39m\nReceived: \u001b[31m\"gpt-4o-mini\"\u001b[39m","name":"toBe","pass":false}}],"failureMessages":["Error: \u001b[2mexpect(\u001b[22m\u001b[31mreceived\u001b[39m\u001b[2m).\u001b[22mtoBe\u001b[2m(\u001b[22m\u001b[32mexpected\u001b[39m\u001b[2m) // Object.is equality\u001b[22m\n\nExpected: \u001b[32m\"rag-program-profile\"\u001b[39m\nReceived: \u001b[31m\"gpt-4o-mini\"\u001b[39m\n    at Object.toBe (C:\\Users\\TSC-AKA\\Videos\\MARKETING\\BOTAI\\system_wa\\tests\\ragEngine.test.js:42:29)\n    at processTicksAndRejections (node:internal/process/task_queues:105:5)"],"fullName":"ragEngine helpers regression: TI and SI program definitions are complete and no resolver internals leak","invocations":1,"location":null,"numPassingAsserts":0,"retryReasons":[],"status":"failed","title":"regression: TI and SI program definitions are complete and no resolver internals leak"},{"ancestorTitles":["ragEngine helpers"],"duration":535988,"failureDetails":[{"matcherResult":{"message":"\u001b[2mexpect(\u001b[22m\u001b[31mreceived\u001b[39m\u001b[2m).\u001b[22mtoMatch\u001b[2m(\u001b[22m\u001b[32mexpected\u001b[39m\u001b[2m)\u001b[22m\n\nExpected pattern: \u001b[32m/Program Studi\\s+:\\s+Teknologi Informasi/i\u001b[39m\nReceived string:  \u001b[31m\"Program Studi: Teknologi Informasi\u001b[39m\n\u001b[31mGelombang 1C\u001b[39m\n\u001b[31mTahun Akademik: Tahun Akademik tidak tersedia·\u001b[39m\n\u001b[31mBiaya Pendaftaran:·\u001b[39m\n\u001b[31mPotongan Pendaftaran (Gel 1):\u001b[39m\n\u001b[31mRp 2.000.000·\u001b[39m\n\u001b[31mTotal Pendaftaran:\u001b[39m\n\u001b[31mRp 0·\u001b[39m\n\u001b[31mDPP:\u001b[39m\n\u001b[31mRp 8·\u001b[39m\n\u001b[31mBiaya Perlengkapan:·\u001b[39m\n\u001b[31m- Jas almamater: Rp 0\u001b[39m\n\u001b[31m- Topi: Rp 0\u001b[39m\n\u001b[31m- Kaos: Rp 0\u001b[39m\n\u001b[31m- GMTI: Rp 0\u001b[39m\n\u001b[31m- Tas: Rp 0·\u001b[39m\n\u001b[31mSubtotal Awal Masuk: Rp 8\u001b[39m\n\u001b[31mTotal Biaya Masuk: Rp 8·\u001b[39m\n\u001b[31mSumber:·\u001b[39m\n\u001b[31m- rincian Biaya SK Tahun Ajaran 2026-2027.pdf\u001b[39m\n\u001b[31m- rincian Biaya SI, TI dan BD Tahun Ajaran 2026-2027.pdf·\u001b[39m\n\u001b[31mMau saya jelaskan komponen biaya lain atau opsi potongan yang relevan?\"\u001b[39m","pass":false}}],"failureMessages":["Error: \u001b[2mexpect(\u001b[22m\u001b[31mreceived\u001b[39m\u001b[2m).\u001b[22mtoMatch\u001b[2m(\u001b[22m\u001b[32mexpected\u001b[39m\u001b[2m)\u001b[22m\n\nExpected pattern: \u001b[32m/Program Studi\\s+:\\s+Teknologi Informasi/i\u001b[39m\nReceived string:  \u001b[31m\"Program Studi: Teknologi Informasi\u001b[39m\n\u001b[31mGelombang 1C\u001b[39m\n\u001b[31mTahun Akademik: Tahun Akademik tidak tersedia·\u001b[39m\n\u001b[31mBiaya Pendaftaran:·\u001b[39m\n\u001b[31mPotongan Pendaftaran (Gel 1):\u001b[39m\n\u001b[31mRp 2.000.000·\u001b[39m\n\u001b[31mTotal Pendaftaran:\u001b[39m\n\u001b[31mRp 0·\u001b[39m\n\u001b[31mDPP:\u001b[39m\n\u001b[31mRp 8·\u001b[39m\n\u001b[31mBiaya Perlengkapan:·\u001b[39m\n\u001b[31m- Jas almamater: Rp 0\u001b[39m\n\u001b[31m- Topi: Rp 0\u001b[39m\n\u001b[31m- Kaos: Rp 0\u001b[39m\n\u001b[31m- GMTI: Rp 0\u001b[39m\n\u001b[31m- Tas: Rp 0·\u001b[39m\n\u001b[31mSubtotal Awal Masuk: Rp 8\u001b[39m\n\u001b[31mTotal Biaya Masuk: Rp 8·\u001b[39m\n\u001b[31mSumber:·\u001b[39m\n\u001b[31m- rincian Biaya SK Tahun Ajaran 2026-2027.pdf\u001b[39m\n\u001b[31m- rincian Biaya SI, TI dan BD Tahun Ajaran 2026-2027.pdf·\u001b[39m\n\u001b[31mMau saya jelaskan komponen biaya lain atau opsi potongan yang relevan?\"\u001b[39m\n    at Object.toMatch (C:\\Users\\TSC-AKA\\Videos\\MARKETING\\BOTAI\\system_wa\\tests\\ragEngine.test.js:57:27)\n    at processTicksAndRejections (node:internal/process/task_queues:105:5)"],"fullName":"ragEngine helpers regression: detailed fee answer uses normalized requested format without duplicate headings","invocations":1,"location":null,"numPassingAsserts":1,"retryReasons":[],"status":"failed","title":"regression: detailed fee answer uses normalized requested format without duplicate headings"},{"ancestorTitles":["ragEngine helpers"],"duration":643374,"failureDetails":[{"matcherResult":{"message":"\u001b[2mexpect(\u001b[22m\u001b[31mreceived\u001b[39m\u001b[2m).\u001b[22mtoMatch\u001b[2m(\u001b[22m\u001b[32mexpected\u001b[39m\u001b[2m)\u001b[22m\n\nExpected pattern: \u001b[32m/Program Studi\\s+:\\s+Teknologi Informasi/i\u001b[39m\nReceived string:  \u001b[31m\"Program Studi: Teknologi Informasi\u001b[39m\n\u001b[31mGelombang 1A\u001b[39m\n\u001b[31mTahun Akademik: Tahun Akademik tidak tersedia·\u001b[39m\n\u001b[31mBiaya Pendaftaran:·\u001b[39m\n\u001b[31mPotongan Pendaftaran (Gel 1):\u001b[39m\n\u001b[31mRp 2.000.000·\u001b[39m\n\u001b[31mTotal Pendaftaran:\u001b[39m\n\u001b[31mRp 0·\u001b[39m\n\u001b[31mDPP:\u001b[39m\n\u001b[31mRp 8·\u001b[39m\n\u001b[31mBiaya Perlengkapan:·\u001b[39m\n\u001b[31m- Jas almamater: Rp 0\u001b[39m\n\u001b[31m- Topi: Rp 0\u001b[39m\n\u001b[31m- Kaos: Rp 0\u001b[39m\n\u001b[31m- GMTI: Rp 0\u001b[39m\n\u001b[31m- Tas: Rp 0·\u001b[39m\n\u001b[31mSubtotal Awal Masuk: Rp 8\u001b[39m\n\u001b[31mTotal Biaya Masuk: Rp 8·\u001b[39m\n\u001b[31mSumber:·\u001b[39m\n\u001b[31m- rincian Biaya SK Tahun Ajaran 2026-2027.pdf\u001b[39m\n\u001b[31m- rincian Biaya SI, TI dan BD Tahun Ajaran 2026-2027.pdf·\u001b[39m\n\u001b[31mMau saya jelaskan komponen biaya lain atau opsi potongan yang relevan?\"\u001b[39m","pass":false}}],"failureMessages":["Error: \u001b[2mexpect(\u001b[22m\u001b[31mreceived\u001b[39m\u001b[2m).\u001b[22mtoMatch\u001b[2m(\u001b[22m\u001b[32mexpected\u001b[39m\u001b[2m)\u001b[22m\n\nExpected pattern: \u001b[32m/Program Studi\\s+:\\s+Teknologi Informasi/i\u001b[39m\nReceived string:  \u001b[31m\"Program Studi: Teknologi Informasi\u001b[39m\n\u001b[31mGelombang 1A\u001b[39m\n\u001b[31mTahun Akademik: Tahun Akademik tidak tersedia·\u001b[39m\n\u001b[31mBiaya Pendaftaran:·\u001b[39m\n\u001b[31mPotongan Pendaftaran (Gel 1):\u001b[39m\n\u001b[31mRp 2.000.000·\u001b[39m\n\u001b[31mTotal Pendaftaran:\u001b[39m\n\u001b[31mRp 0·\u001b[39m\n\u001b[31mDPP:\u001b[39m\n\u001b[31mRp 8·\u001b[39m\n\u001b[31mBiaya Perlengkapan:·\u001b[39m\n\u001b[31m- Jas almamater: Rp 0\u001b[39m\n\u001b[31m- Topi: Rp 0\u001b[39m\n\u001b[31m- Kaos: Rp 0\u001b[39m\n\u001b[31m- GMTI: Rp 0\u001b[39m\n\u001b[31m- Tas: Rp 0·\u001b[39m\n\u001b[31mSubtotal Awal Masuk: Rp 8\u001b[39m\n\u001b[31mTotal Biaya Masuk: Rp 8·\u001b[39m\n\u001b[31mSumber:·\u001b[39m\n\u001b[31m- rincian Biaya SK Tahun Ajaran 2026-2027.pdf\u001b[39m\n\u001b[31m- rincian Biaya SI, TI dan BD Tahun Ajaran 2026-2027.pdf·\u001b[39m\n\u001b[31mMau saya jelaskan komponen biaya lain atau opsi potongan yang relevan?\"\u001b[39m\n    at Object.toMatch (C:\\Users\\TSC-AKA\\Videos\\MARKETING\\BOTAI\\system_wa\\tests\\ragEngine.test.js:84:29)\n    at processTicksAndRejections (node:internal/process/task_queues:105:5)"],"fullName":"ragEngine helpers regression: cost intent wins over program profile for TI fee queries","invocations":1,"location":null,"numPassingAsserts":4,"retryReasons":[],"status":"failed","title":"regression: cost intent wins over program profile for TI fee queries"},{"ancestorTitles":["ragEngine helpers"],"duration":268,"failureDetails":[{"matcherResult":{"message":"\u001b[2mexpect(\u001b[22m\u001b[31mreceived\u001b[39m\u001b[2m).\u001b[22mtoBeTruthy\u001b[2m()\u001b[22m\n\nReceived: \u001b[31mnull\u001b[39m","pass":false}}],"failureMessages":["Error: \u001b[2mexpect(\u001b[22m\u001b[31mreceived\u001b[39m\u001b[2m).\u001b[22mtoBeTruthy\u001b[2m()\u001b[22m\n\nReceived: \u001b[31mnull\u001b[39m\n    at Object.toBeTruthy (C:\\Users\\TSC-AKA\\Videos\\MARKETING\\BOTAI\\system_wa\\tests\\ragEngine.test.js:100:20)\n    at Promise.then.completed (C:\\Users\\TSC-AKA\\Videos\\MARKETING\\BOTAI\\system_wa\\node_modules\\jest-circus\\build\\utils.js:298:28)\n    at new Promise (<anonymous>)\n    at callAsyncCircusFn (C:\\Users\\TSC-AKA\\Videos\\MARKETING\\BOTAI\\system_wa\\node_modules\\jest-circus\\build\\utils.js:231:10)\n    at _callCircusTest (C:\\Users\\TSC-AKA\\Videos\\MARKETING\\BOTAI\\system_wa\\node_modules\\jest-circus\\build\\run.js:316:40)\n    at processTicksAndRejections (node:internal/process/task_queues:105:5)\n    at _runTest (C:\\Users\\TSC-AKA\\Videos\\MARKETING\\BOTAI\\system_wa\\node_modules\\jest-circus\\build\\run.js:252:3)\n    at _runTestsForDescribeBlock (C:\\Users\\TSC-AKA\\Videos\\MARKETING\\BOTAI\\system_wa\\node_modules\\jest-circus\\build\\run.js:126:9)\n    at _runTestsForDescribeBlock (C:\\Users\\TSC-AKA\\Videos\\MARKETING\\BOTAI\\system_wa\\node_modules\\jest-circus\\build\\run.js:121:9)\n    at run (C:\\Users\\TSC-AKA\\Videos\\MARKETING\\BOTAI\\system_wa\\node_modules\\jest-circus\\build\\run.js:71:3)\n    at runAndTransformResultsToJestFormat (C:\\Users\\TSC-AKA\\Videos\\MARKETING\\BOTAI\\system_wa\\node_modules\\jest-circus\\build\\legacy-code-todo-rewrite\\jestAdapterInit.js:122:21)\n    at jestAdapter (C:\\Users\\TSC-AKA\\Videos\\MARKETING\\BOTAI\\system_wa\\node_modules\\jest-circus\\build\\legacy-code-todo-rewrite\\jestAdapter.js:79:19)\n    at runTestInternal (C:\\Users\\TSC-AKA\\Videos\\MARKETING\\BOTAI\\system_wa\\node_modules\\jest-runner\\build\\runTest.js:367:16)\n    at runTest (C:\\Users\\TSC-AKA\\Videos\\MARKETING\\BOTAI\\system_wa\\node_modules\\jest-runner\\build\\runTest.js:444:34)"],"fullName":"ragEngine helpers regression: SK course code should not be parsed as semester fee label","invocations":1,"location":null,"numPassingAsserts":0,"retryReasons":[],"status":"failed","title":"regression: SK course code should not be parsed as semester fee label"},{"ancestorTitles":["ragEngine helpers"],"duration":6,"failureDetails":[],"failureMessages":[],"fullName":"ragEngine helpers regression: extractStructuredEntities recognizes SK semester cost intent","invocations":1,"location":null,"numPassingAsserts":3,"retryReasons":[],"status":"passed","title":"regression: extractStructuredEntities recognizes SK semester cost intent"},{"ancestorTitles":["ragEngine helpers"],"duration":6,"failureDetails":[],"failureMessages":[],"fullName":"ragEngine helpers chunkText respects size and overlap","invocations":1,"location":null,"numPassingAsserts":2,"retryReasons":[],"status":"passed","title":"chunkText respects size and overlap"},{"ancestorTitles":["ragEngine helpers"],"duration":2,"failureDetails":[],"failureMessages":[],"fullName":"ragEngine helpers cleanAnswerLanguage removes confusing phrases","invocations":1,"location":null,"numPassingAsserts":2,"retryReasons":[],"status":"passed","title":"cleanAnswerLanguage removes confusing phrases"},{"ancestorTitles":["ragEngine helpers"],"duration":920,"failureDetails":[],"failureMessages":[],"fullName":"ragEngine helpers formatRagAnswer does not insert explicit Follow-up label","invocations":1,"location":null,"numPassingAsserts":5,"retryReasons":[],"status":"passed","title":"formatRagAnswer does not insert explicit Follow-up label"},{"ancestorTitles":["ragEngine helpers"],"duration":333,"failureDetails":[],"failureMessages":[],"fullName":"ragEngine helpers formatRagAnswer uses context-specific follow-up for scholarship answers","invocations":1,"location":null,"numPassingAsserts":2,"retryReasons":[],"status":"passed","title":"formatRagAnswer uses context-specific follow-up for scholarship answers"},{"ancestorTitles":["ragEngine helpers"],"duration":6,"failureDetails":[],"failureMessages":[],"fullName":"ragEngine helpers tryStructuredProgramComparisonAnswer returns numeric fee comparison for cost questions","invocations":1,"location":null,"numPassingAsserts":7,"retryReasons":[],"status":"passed","title":"tryStructuredProgramComparisonAnswer returns numeric fee comparison for cost questions"},{"ancestorTitles":["ragEngine helpers"],"duration":3,"failureDetails":[],"failureMessages":[],"fullName":"ragEngine helpers tryStructuredProgramComparisonAnswer includes cheapest and most expensive guidance for broader cost comparison","invocations":1,"location":null,"numPassingAsserts":5,"retryReasons":[],"status":"passed","title":"tryStructuredProgramComparisonAnswer includes cheapest and most expensive guidance for broader cost comparison"},{"ancestorTitles":["ragEngine helpers"],"duration":3,"failureDetails":[],"failureMessages":[],"fullName":"ragEngine helpers tryStructuredProgramComparisonAnswer answers direct cheapest program queries","invocations":1,"location":null,"numPassingAsserts":6,"retryReasons":[],"status":"passed","title":"tryStructuredProgramComparisonAnswer answers direct cheapest program queries"},{"ancestorTitles":["ragEngine helpers"],"duration":1,"failureDetails":[{"matcherResult":{"message":"\u001b[2mexpect(\u001b[22m\u001b[31mreceived\u001b[39m\u001b[2m).\u001b[22mtoBeTruthy\u001b[2m()\u001b[22m\n\nReceived: \u001b[31mnull\u001b[39m","pass":false}}],"failureMessages":["Error: \u001b[2mexpect(\u001b[22m\u001b[31mreceived\u001b[39m\u001b[2m).\u001b[22mtoBeTruthy\u001b[2m()\u001b[22m\n\nReceived: \u001b[31mnull\u001b[39m\n    at Object.toBeTruthy (C:\\Users\\TSC-AKA\\Videos\\MARKETING\\BOTAI\\system_wa\\tests\\ragEngine.test.js:202:20)\n    at Promise.then.completed (C:\\Users\\TSC-AKA\\Videos\\MARKETING\\BOTAI\\system_wa\\node_modules\\jest-circus\\build\\utils.js:298:28)\n    at new Promise (<anonymous>)\n    at callAsyncCircusFn (C:\\Users\\TSC-AKA\\Videos\\MARKETING\\BOTAI\\system_wa\\node_modules\\jest-circus\\build\\utils.js:231:10)\n    at _callCircusTest (C:\\Users\\TSC-AKA\\Videos\\MARKETING\\BOTAI\\system_wa\\node_modules\\jest-circus\\build\\run.js:316:40)\n    at processTicksAndRejections (node:internal/process/task_queues:105:5)\n    at _runTest (C:\\Users\\TSC-AKA\\Videos\\MARKETING\\BOTAI\\system_wa\\node_modules\\jest-circus\\build\\run.js:252:3)\n    at _runTestsForDescribeBlock (C:\\Users\\TSC-AKA\\Videos\\MARKETING\\BOTAI\\system_wa\\node_modules\\jest-circus\\build\\run.js:126:9)\n    at _runTestsForDescribeBlock (C:\\Users\\TSC-AKA\\Videos\\MARKETING\\BOTAI\\system_wa\\node_modules\\jest-circus\\build\\run.js:121:9)\n    at run (C:\\Users\\TSC-AKA\\Videos\\MARKETING\\BOTAI\\system_wa\\node_modules\\jest-circus\\build\\run.js:71:3)\n    at runAndTransformResultsToJestFormat (C:\\Users\\TSC-AKA\\Videos\\MARKETING\\BOTAI\\system_wa\\node_modules\\jest-circus\\build\\legacy-code-todo-rewrite\\jestAdapterInit.js:122:21)\n    at jestAdapter (C:\\Users\\TSC-AKA\\Videos\\MARKETING\\BOTAI\\system_wa\\node_modules\\jest-circus\\build\\legacy-code-todo-rewrite\\jestAdapter.js:79:19)\n    at runTestInternal (C:\\Users\\TSC-AKA\\Videos\\MARKETING\\BOTAI\\system_wa\\node_modules\\jest-runner\\build\\runTest.js:367:16)\n    at runTest (C:\\Users\\TSC-AKA\\Videos\\MARKETING\\BOTAI\\system_wa\\node_modules\\jest-runner\\build\\runTest.js:444:34)"],"fullName":"ragEngine helpers tryStructuredProgramComparisonAnswer compares a single mentioned program against other programs for cost questions","invocations":1,"location":null,"numPassingAsserts":0,"retryReasons":[],"status":"failed","title":"tryStructuredProgramComparisonAnswer compares a single mentioned program against other programs for cost questions"},{"ancestorTitles":["ragEngine helpers"],"duration":1,"failureDetails":[{"matcherResult":{"message":"\u001b[2mexpect(\u001b[22m\u001b[31mreceived\u001b[39m\u001b[2m).\u001b[22mtoBeTruthy\u001b[2m()\u001b[22m\n\nReceived: \u001b[31mnull\u001b[39m","pass":false}}],"failureMessages":["Error: \u001b[2mexpect(\u001b[22m\u001b[31mreceived\u001b[39m\u001b[2m).\u001b[22mtoBeTruthy\u001b[2m()\u001b[22m\n\nReceived: \u001b[31mnull\u001b[39m\n    at Object.toBeTruthy (C:\\Users\\TSC-AKA\\Videos\\MARKETING\\BOTAI\\system_wa\\tests\\ragEngine.test.js:212:20)\n    at Promise.then.completed (C:\\Users\\TSC-AKA\\Videos\\MARKETING\\BOTAI\\system_wa\\node_modules\\jest-circus\\build\\utils.js:298:28)\n    at new Promise (<anonymous>)\n    at callAsyncCircusFn (C:\\Users\\TSC-AKA\\Videos\\MARKETING\\BOTAI\\system_wa\\node_modules\\jest-circus\\build\\utils.js:231:10)\n    at _callCircusTest (C:\\Users\\TSC-AKA\\Videos\\MARKETING\\BOTAI\\system_wa\\node_modules\\jest-circus\\build\\run.js:316:40)\n    at processTicksAndRejections (node:internal/process/task_queues:105:5)\n    at _runTest (C:\\Users\\TSC-AKA\\Videos\\MARKETING\\BOTAI\\system_wa\\node_modules\\jest-circus\\build\\run.js:252:3)\n    at _runTestsForDescribeBlock (C:\\Users\\TSC-AKA\\Videos\\MARKETING\\BOTAI\\system_wa\\node_modules\\jest-circus\\build\\run.js:126:9)\n    at _runTestsForDescribeBlock (C:\\Users\\TSC-AKA\\Videos\\MARKETING\\BOTAI\\system_wa\\node_modules\\jest-circus\\build\\run.js:121:9)\n    at run (C:\\Users\\TSC-AKA\\Videos\\MARKETING\\BOTAI\\system_wa\\node_modules\\jest-circus\\build\\run.js:71:3)\n    at runAndTransformResultsToJestFormat (C:\\Users\\TSC-AKA\\Videos\\MARKETING\\BOTAI\\system_wa\\node_modules\\jest-circus\\build\\legacy-code-todo-rewrite\\jestAdapterInit.js:122:21)\n    at jestAdapter (C:\\Users\\TSC-AKA\\Videos\\MARKETING\\BOTAI\\system_wa\\node_modules\\jest-circus\\build\\legacy-code-todo-rewrite\\jestAdapter.js:79:19)\n    at runTestInternal (C:\\Users\\TSC-AKA\\Videos\\MARKETING\\BOTAI\\system_wa\\node_modules\\jest-runner\\build\\runTest.js:367:16)\n    at runTest (C:\\Users\\TSC-AKA\\Videos\\MARKETING\\BOTAI\\system_wa\\node_modules\\jest-runner\\build\\runTest.js:444:34)"],"fullName":"ragEngine helpers tryStructuredProgramComparisonAnswer includes MI and D3 in the comparison catalog","invocations":1,"location":null,"numPassingAsserts":0,"retryReasons":[],"status":"failed","title":"tryStructuredProgramComparisonAnswer includes MI and D3 in the comparison catalog"},{"ancestorTitles":["ragEngine helpers"],"duration":1,"failureDetails":[],"failureMessages":[],"fullName":"ragEngine helpers tryStructuredProgramComparisonAnswer answers explicit more expensive queries with a direct clarification","invocations":1,"location":null,"numPassingAsserts":6,"retryReasons":[],"status":"passed","title":"tryStructuredProgramComparisonAnswer answers explicit more expensive queries with a direct clarification"},{"ancestorTitles":["ragEngine helpers"],"duration":292,"failureDetails":[],"failureMessages":[],"fullName":"ragEngine helpers validateFinalAnswer rejects medium confidence numeric answers","invocations":1,"location":null,"numPassingAsserts":2,"retryReasons":[],"status":"passed","title":"validateFinalAnswer rejects medium confidence numeric answers"},{"ancestorTitles":["ragEngine helpers"],"duration":337,"failureDetails":[],"failureMessages":[],"fullName":"ragEngine helpers validateNumericGrounding accepts explicit numeric values from official documents","invocations":1,"location":null,"numPassingAsserts":1,"retryReasons":[],"status":"passed","title":"validateNumericGrounding accepts explicit numeric values from official documents"},{"ancestorTitles":["ragEngine helpers"],"duration":475,"failureDetails":[],"failureMessages":[],"fullName":"ragEngine helpers validateNumericGrounding accepts official documents via sourceFile when filename is missing","invocations":1,"location":null,"numPassingAsserts":1,"retryReasons":[],"status":"passed","title":"validateNumericGrounding accepts official documents via sourceFile when filename is missing"},{"ancestorTitles":["ragEngine helpers"],"duration":1041,"failureDetails":[],"failureMessages":[],"fullName":"ragEngine helpers validateNumericGrounding accepts explicit numeric evidence from a single chunk without OCR quality metadata","invocations":1,"location":null,"numPassingAsserts":1,"retryReasons":[],"status":"passed","title":"validateNumericGrounding accepts explicit numeric evidence from a single chunk without OCR quality metadata"},{"ancestorTitles":["ragEngine helpers"],"duration":5,"failureDetails":[],"failureMessages":[],"fullName":"ragEngine helpers normalizeProgramLabel derives canonical alias from full program name and program abbreviation in context","invocations":1,"location":null,"numPassingAsserts":13,"retryReasons":[],"status":"passed","title":"normalizeProgramLabel derives canonical alias from full program name and program abbreviation in context"},{"ancestorTitles":["ragEngine helpers"],"duration":8,"failureDetails":[],"failureMessages":[],"fullName":"ragEngine helpers extractStructuredEntities preserves TI when the prompt contains pengakuan SKS","invocations":1,"location":null,"numPassingAsserts":2,"retryReasons":[],"status":"passed","title":"extractStructuredEntities preserves TI when the prompt contains pengakuan SKS"},{"ancestorTitles":["ragEngine helpers"],"duration":13,"failureDetails":[],"failureMessages":[],"fullName":"ragEngine helpers extractStructuredEntities recognizes program abbreviations and canonical program labels","invocations":1,"location":null,"numPassingAsserts":2,"retryReasons":[],"status":"passed","title":"extractStructuredEntities recognizes program abbreviations and canonical program labels"},{"ancestorTitles":["ragEngine helpers"],"duration":4,"failureDetails":[],"failureMessages":[],"fullName":"ragEngine helpers extractStructuredEntities recognizes S.Kom program alias for Sistem Komputer","invocations":1,"location":null,"numPassingAsserts":4,"retryReasons":[],"status":"passed","title":"extractStructuredEntities recognizes S.Kom program alias for Sistem Komputer"},{"ancestorTitles":["ragEngine helpers"],"duration":3,"failureDetails":[],"failureMessages":[],"fullName":"ragEngine helpers extractAcademicIntent recognizes academic program sub-intents","invocations":1,"location":null,"numPassingAsserts":7,"retryReasons":[],"status":"passed","title":"extractAcademicIntent recognizes academic program sub-intents"},{"ancestorTitles":["ragEngine helpers"],"duration":19870,"failureDetails":[],"failureMessages":[],"fullName":"ragEngine helpers regression: career-prospect questions use retrieval context instead of generic lexical fallback","invocations":1,"location":null,"numPassingAsserts":2,"retryReasons":[],"status":"passed","title":"regression: career-prospect questions use retrieval context instead of generic lexical fallback"},{"ancestorTitles":["ragEngine helpers"],"duration":4656,"failureDetails":[{"matcherResult":{"message":"\u001b[2mexpect(\u001b[22m\u001b[31mreceived\u001b[39m\u001b[2m).\u001b[22mtoMatch\u001b[2m(\u001b[22m\u001b[32mexpected\u001b[39m\u001b[2m)\u001b[22m\n\nExpected pattern: \u001b[32m/sapaan|baik|bisa bantu|halo/i\u001b[39m\nReceived string:  \u001b[31m\"Maaf, data yang Anda minta tidak tersedia pada sumber yang kami miliki.\"\u001b[39m","pass":false}}],"failureMessages":["Error: \u001b[2mexpect(\u001b[22m\u001b[31mreceived\u001b[39m\u001b[2m).\u001b[22mtoMatch\u001b[2m(\u001b[22m\u001b[32mexpected\u001b[39m\u001b[2m)\u001b[22m\n\nExpected pattern: \u001b[32m/sapaan|baik|bisa bantu|halo/i\u001b[39m\nReceived string:  \u001b[31m\"Maaf, data yang Anda minta tidak tersedia pada sumber yang kami miliki.\"\u001b[39m\n    at toMatch (C:\\Users\\TSC-AKA\\Videos\\MARKETING\\BOTAI\\system_wa\\tests\\ragEngine.test.js:340:41)\n    at processTicksAndRejections (node:internal/process/task_queues:105:5)"],"fullName":"ragEngine helpers common question apa kabar? is answered with relevant content","invocations":1,"location":null,"numPassingAsserts":1,"retryReasons":[],"status":"failed","title":"common question apa kabar? is answered with relevant content"},{"ancestorTitles":["ragEngine helpers"],"duration":4749,"failureDetails":[],"failureMessages":[],"fullName":"ragEngine helpers common question apa itu prodi ti? is answered with relevant content","invocations":1,"location":null,"numPassingAsserts":2,"retryReasons":[],"status":"passed","title":"common question apa itu prodi ti? is answered with relevant content"},{"ancestorTitles":["ragEngine helpers"],"duration":2068,"failureDetails":[],"failureMessages":[],"fullName":"ragEngine helpers common question gelombang apa saja yang ada? is answered with relevant content","invocations":1,"location":null,"numPassingAsserts":2,"retryReasons":[],"status":"passed","title":"common question gelombang apa saja yang ada? is answered with relevant content"},{"ancestorTitles":["ragEngine helpers"],"duration":880,"failureDetails":[],"failureMessages":[],"fullName":"ragEngine helpers common question sekarang buka gelombang berapa? is answered with relevant content","invocations":1,"location":null,"numPassingAsserts":2,"retryReasons":[],"status":"passed","title":"common question sekarang buka gelombang berapa? is answered with relevant content"},{"ancestorTitles":["ragEngine helpers"],"duration":395,"failureDetails":[],"failureMessages":[],"fullName":"ragEngine helpers common question apa saja program double degree? is answered with relevant content","invocations":1,"location":null,"numPassingAsserts":2,"retryReasons":[],"status":"passed","title":"common question apa saja program double degree? is answered with relevant content"},{"ancestorTitles":["ragEngine helpers"],"duration":448,"failureDetails":[],"failureMessages":[],"fullName":"ragEngine helpers common question apakah ada program double degree internasional? is answered with relevant content","invocations":1,"location":null,"numPassingAsserts":2,"retryReasons":[],"status":"passed","title":"common question apakah ada program double degree internasional? is answered with relevant content"},{"ancestorTitles":["ragEngine helpers"],"duration":514,"failureDetails":[],"failureMessages":[],"fullName":"ragEngine helpers common question apakah ada program double degree nasional? is answered with relevant content","invocations":1,"location":null,"numPassingAsserts":2,"retryReasons":[],"status":"passed","title":"common question apakah ada program double degree nasional? is answered with relevant content"},{"ancestorTitles":["ragEngine helpers"],"duration":229,"failureDetails":[],"failureMessages":[],"fullName":"ragEngine helpers common question biaya mana yang paling murah? is answered with relevant content","invocations":1,"location":null,"numPassingAsserts":2,"retryReasons":[],"status":"passed","title":"common question biaya mana yang paling murah? is answered with relevant content"},{"ancestorTitles":["ragEngine helpers"],"duration":1,"failureDetails":[],"failureMessages":[],"fullName":"ragEngine helpers regression: fee intent wins when prodi and gelombang present","invocations":1,"location":null,"numPassingAsserts":2,"retryReasons":[],"status":"passed","title":"regression: fee intent wins when prodi and gelombang present"},{"ancestorTitles":["ragEngine helpers"],"duration":3,"failureDetails":[{"matcherResult":{"actual":0,"expected":1,"message":"\u001b[2mexpect(\u001b[22m\u001b[31mreceived\u001b[39m\u001b[2m).\u001b[22mtoBe\u001b[2m(\u001b[22m\u001b[32mexpected\u001b[39m\u001b[2m) // Object.is equality\u001b[22m\n\nExpected: \u001b[32m1\u001b[39m\nReceived: \u001b[31m0\u001b[39m","name":"toBe","pass":false}}],"failureMessages":["Error: \u001b[2mexpect(\u001b[22m\u001b[31mreceived\u001b[39m\u001b[2m).\u001b[22mtoBe\u001b[2m(\u001b[22m\u001b[32mexpected\u001b[39m\u001b[2m) // Object.is equality\u001b[22m\n\nExpected: \u001b[32m1\u001b[39m\nReceived: \u001b[31m0\u001b[39m\n    at Object.toBe (C:\\Users\\TSC-AKA\\Videos\\MARKETING\\BOTAI\\system_wa\\tests\\ragEngine.test.js:387:29)\n    at Promise.then.completed (C:\\Users\\TSC-AKA\\Videos\\MARKETING\\BOTAI\\system_wa\\node_modules\\jest-circus\\build\\utils.js:298:28)\n    at new Promise (<anonymous>)\n    at callAsyncCircusFn (C:\\Users\\TSC-AKA\\Videos\\MARKETING\\BOTAI\\system_wa\\node_modules\\jest-circus\\build\\utils.js:231:10)\n    at _callCircusTest (C:\\Users\\TSC-AKA\\Videos\\MARKETING\\BOTAI\\system_wa\\node_modules\\jest-circus\\build\\run.js:316:40)\n    at processTicksAndRejections (node:internal/process/task_queues:105:5)\n    at _runTest (C:\\Users\\TSC-AKA\\Videos\\MARKETING\\BOTAI\\system_wa\\node_modules\\jest-circus\\build\\run.js:252:3)\n    at _runTestsForDescribeBlock (C:\\Users\\TSC-AKA\\Videos\\MARKETING\\BOTAI\\system_wa\\node_modules\\jest-circus\\build\\run.js:126:9)\n    at _runTestsForDescribeBlock (C:\\Users\\TSC-AKA\\Videos\\MARKETING\\BOTAI\\system_wa\\node_modules\\jest-circus\\build\\run.js:121:9)\n    at run (C:\\Users\\TSC-AKA\\Videos\\MARKETING\\BOTAI\\system_wa\\node_modules\\jest-circus\\build\\run.js:71:3)\n    at runAndTransformResultsToJestFormat (C:\\Users\\TSC-AKA\\Videos\\MARKETING\\BOTAI\\system_wa\\node_modules\\jest-circus\\build\\legacy-code-todo-rewrite\\jestAdapterInit.js:122:21)\n    at jestAdapter (C:\\Users\\TSC-AKA\\Videos\\MARKETING\\BOTAI\\system_wa\\node_modules\\jest-circus\\build\\legacy-code-todo-rewrite\\jestAdapter.js:79:19)\n    at runTestInternal (C:\\Users\\TSC-AKA\\Videos\\MARKETING\\BOTAI\\system_wa\\node_modules\\jest-runner\\build\\runTest.js:367:16)\n    at runTest (C:\\Users\\TSC-AKA\\Videos\\MARKETING\\BOTAI\\system_wa\\node_modules\\jest-runner\\build\\runTest.js:444:34)"],"fullName":"ragEngine helpers filterRelevantChunks removes off-topic academic chunks for program definition queries","invocations":1,"location":null,"numPassingAsserts":0,"retryReasons":[],"status":"failed","title":"filterRelevantChunks removes off-topic academic chunks for program definition queries"},{"ancestorTitles":["ragEngine helpers"],"duration":1,"failureDetails":[],"failureMessages":[],"fullName":"ragEngine helpers validateAcademicProgramContexts rejects irrelevant academic contexts","invocations":1,"location":null,"numPassingAsserts":1,"retryReasons":[],"status":"passed","title":"validateAcademicProgramContexts rejects irrelevant academic contexts"},{"ancestorTitles":["ragEngine helpers"],"duration":314,"failureDetails":[],"failureMessages":[],"fullName":"ragEngine helpers tokenizeForRelevanceGuard preserves short program aliases like BD and SI","invocations":1,"location":null,"numPassingAsserts":3,"retryReasons":[],"status":"passed","title":"tokenizeForRelevanceGuard preserves short program aliases like BD and SI"},{"ancestorTitles":["ragEngine helpers"],"duration":271,"failureDetails":[],"failureMessages":[],"fullName":"ragEngine helpers loadIndex is exported from ragEngine for debug and index access","invocations":1,"location":null,"numPassingAsserts":1,"retryReasons":[],"status":"passed","title":"loadIndex is exported from ragEngine for debug and index access"},{"ancestorTitles":["ragEngine helpers"],"duration":1,"failureDetails":[],"failureMessages":[],"fullName":"ragEngine helpers normalizeWaveLabel normalizes wave variants to compact canonical forms","invocations":1,"location":null,"numPassingAsserts":3,"retryReasons":[],"status":"passed","title":"normalizeWaveLabel normalizes wave variants to compact canonical forms"},{"ancestorTitles":["ragEngine helpers"],"duration":107910,"failureDetails":[{"matcherResult":{"message":"\u001b[2mexpect(\u001b[22m\u001b[31mreceived\u001b[39m\u001b[2m).\u001b[22mtoMatch\u001b[2m(\u001b[22m\u001b[32mexpected\u001b[39m\u001b[2m)\u001b[22m\n\nExpected pattern: \u001b[32m/Biaya Pendaftaran[\\s\\S]*Potongan Pendaftaran[\\s\\S]*Rp\\s*200\\.000/i\u001b[39m\nReceived string:  \u001b[31m\"Program Studi: Sistem Komputer\u001b[39m\n\u001b[31mGelombang: 1A\u001b[39m\n\u001b[31mTahun Akademik: 2025··\u001b[39m\n\u001b[31mBiaya Pendaftaran:\u001b[39m\n\u001b[31mTotal Pendaftaran:\u001b[39m\n\u001b[31mRp 0·\u001b[39m\n\u001b[31mDPP:\u001b[39m\n\u001b[31mRp 11.000.000·\u001b[39m\n\u001b[31mBiaya Perlengkapan:\u001b[39m\n\u001b[31m- Jas almamater: Rp 0\u001b[39m\n\u001b[31m- Topi: Rp 0\u001b[39m\n\u001b[31m- Kaos: Rp 0\u001b[39m\n\u001b[31m- GMTI: Rp 0\u001b[39m\n\u001b[31m- Tas: Rp 0·\u001b[39m\n\u001b[31mSubtotal Awal Masuk: Rp 11.000.000·\u001b[39m\n\u001b[31mTotal Biaya Masuk: Rp 11.000.000\u001b[39m\n\u001b[31mSumber:\u001b[39m\n\u001b[31m- PMB_2025_SK.pdf\"\u001b[39m","pass":false}}],"failureMessages":["Error: \u001b[2mexpect(\u001b[22m\u001b[31mreceived\u001b[39m\u001b[2m).\u001b[22mtoMatch\u001b[2m(\u001b[22m\u001b[32mexpected\u001b[39m\u001b[2m)\u001b[22m\n\nExpected pattern: \u001b[32m/Biaya Pendaftaran[\\s\\S]*Potongan Pendaftaran[\\s\\S]*Rp\\s*200\\.000/i\u001b[39m\nReceived string:  \u001b[31m\"Program Studi: Sistem Komputer\u001b[39m\n\u001b[31mGelombang: 1A\u001b[39m\n\u001b[31mTahun Akademik: 2025··\u001b[39m\n\u001b[31mBiaya Pendaftaran:\u001b[39m\n\u001b[31mTotal Pendaftaran:\u001b[39m\n\u001b[31mRp 0·\u001b[39m\n\u001b[31mDPP:\u001b[39m\n\u001b[31mRp 11.000.000·\u001b[39m\n\u001b[31mBiaya Perlengkapan:\u001b[39m\n\u001b[31m- Jas almamater: Rp 0\u001b[39m\n\u001b[31m- Topi: Rp 0\u001b[39m\n\u001b[31m- Kaos: Rp 0\u001b[39m\n\u001b[31m- GMTI: Rp 0\u001b[39m\n\u001b[31m- Tas: Rp 0·\u001b[39m\n\u001b[31mSubtotal Awal Masuk: Rp 11.000.000·\u001b[39m\n\u001b[31mTotal Biaya Masuk: Rp 11.000.000\u001b[39m\n\u001b[31mSumber:\u001b[39m\n\u001b[31m- PMB_2025_SK.pdf\"\u001b[39m\n    at Object.toMatch (C:\\Users\\TSC-AKA\\Videos\\MARKETING\\BOTAI\\system_wa\\tests\\ragEngine.test.js:446:27)\n    at Promise.then.completed (C:\\Users\\TSC-AKA\\Videos\\MARKETING\\BOTAI\\system_wa\\node_modules\\jest-circus\\build\\utils.js:298:28)\n    at new Promise (<anonymous>)\n    at callAsyncCircusFn (C:\\Users\\TSC-AKA\\Videos\\MARKETING\\BOTAI\\system_wa\\node_modules\\jest-circus\\build\\utils.js:231:10)\n    at _callCircusTest (C:\\Users\\TSC-AKA\\Videos\\MARKETING\\BOTAI\\system_wa\\node_modules\\jest-circus\\build\\run.js:316:40)\n    at processTicksAndRejections (node:internal/process/task_queues:105:5)\n    at _runTest (C:\\Users\\TSC-AKA\\Videos\\MARKETING\\BOTAI\\system_wa\\node_modules\\jest-circus\\build\\run.js:252:3)\n    at _runTestsForDescribeBlock (C:\\Users\\TSC-AKA\\Videos\\MARKETING\\BOTAI\\system_wa\\node_modules\\jest-circus\\build\\run.js:126:9)\n    at _runTestsForDescribeBlock (C:\\Users\\TSC-AKA\\Videos\\MARKETING\\BOTAI\\system_wa\\node_modules\\jest-circus\\build\\run.js:121:9)\n    at run (C:\\Users\\TSC-AKA\\Videos\\MARKETING\\BOTAI\\system_wa\\node_modules\\jest-circus\\build\\run.js:71:3)\n    at runAndTransformResultsToJestFormat (C:\\Users\\TSC-AKA\\Videos\\MARKETING\\BOTAI\\system_wa\\node_modules\\jest-circus\\build\\legacy-code-todo-rewrite\\jestAdapterInit.js:122:21)\n    at jestAdapter (C:\\Users\\TSC-AKA\\Videos\\MARKETING\\BOTAI\\system_wa\\node_modules\\jest-circus\\build\\legacy-code-todo-rewrite\\jestAdapter.js:79:19)\n    at runTestInternal (C:\\Users\\TSC-AKA\\Videos\\MARKETING\\BOTAI\\system_wa\\node_modules\\jest-runner\\build\\runTest.js:367:16)\n    at runTest (C:\\Users\\TSC-AKA\\Videos\\MARKETING\\BOTAI\\system_wa\\node_modules\\jest-runner\\build\\runTest.js:444:34)"],"fullName":"ragEngine helpers tryStructuredExactCostAnswer merges global wave 1 discounts into SK 1A cost output","invocations":1,"location":null,"numPassingAsserts":3,"retryReasons":[],"status":"failed","title":"tryStructuredExactCostAnswer merges global wave 1 discounts into SK 1A cost output"},{"ancestorTitles":["ragEngine helpers"],"duration":660,"failureDetails":[{"matcherResult":{"message":"\u001b[2mexpect(\u001b[22m\u001b[31mreceived\u001b[39m\u001b[2m).\u001b[22mtoMatch\u001b[2m(\u001b[22m\u001b[32mexpected\u001b[39m\u001b[2m)\u001b[22m\n\nExpected pattern: \u001b[32m/Potongan Pendaftaran/i\u001b[39m\nReceived string:  \u001b[31m\"Program Studi: Sistem Informasi\u001b[39m\n\u001b[31mGelombang: 1A\u001b[39m\n\u001b[31mTahun Akademik: 2026··\u001b[39m\n\u001b[31mBiaya Pendaftaran:\u001b[39m\n\u001b[31mTotal Pendaftaran:\u001b[39m\n\u001b[31mRp 0·\u001b[39m\n\u001b[31mDPP:\u001b[39m\n\u001b[31mRp 7.000.000\u001b[39m\n\u001b[31mPotongan DPP (Gel 1):\u001b[39m\n\u001b[31mRp 7.000.000·\u001b[39m\n\u001b[31mBiaya Perlengkapan:\u001b[39m\n\u001b[31m- Jas almamater: Rp 0\u001b[39m\n\u001b[31m- Topi: Rp 0\u001b[39m\n\u001b[31m- Kaos: Rp 0\u001b[39m\n\u001b[31m- GMTI: Rp 0\u001b[39m\n\u001b[31m- Tas: Rp 0·\u001b[39m\n\u001b[31mSubtotal Awal Masuk: Rp 7.000.000\u001b[39m\n\u001b[31mSumber:\u001b[39m\n\u001b[31m- PMB_2026_SI.pdf\"\u001b[39m","pass":false}}],"failureMessages":["Error: \u001b[2mexpect(\u001b[22m\u001b[31mreceived\u001b[39m\u001b[2m).\u001b[22mtoMatch\u001b[2m(\u001b[22m\u001b[32mexpected\u001b[39m\u001b[2m)\u001b[22m\n\nExpected pattern: \u001b[32m/Potongan Pendaftaran/i\u001b[39m\nReceived string:  \u001b[31m\"Program Studi: Sistem Informasi\u001b[39m\n\u001b[31mGelombang: 1A\u001b[39m\n\u001b[31mTahun Akademik: 2026··\u001b[39m\n\u001b[31mBiaya Pendaftaran:\u001b[39m\n\u001b[31mTotal Pendaftaran:\u001b[39m\n\u001b[31mRp 0·\u001b[39m\n\u001b[31mDPP:\u001b[39m\n\u001b[31mRp 7.000.000\u001b[39m\n\u001b[31mPotongan DPP (Gel 1):\u001b[39m\n\u001b[31mRp 7.000.000·\u001b[39m\n\u001b[31mBiaya Perlengkapan:\u001b[39m\n\u001b[31m- Jas almamater: Rp 0\u001b[39m\n\u001b[31m- Topi: Rp 0\u001b[39m\n\u001b[31m- Kaos: Rp 0\u001b[39m\n\u001b[31m- GMTI: Rp 0\u001b[39m\n\u001b[31m- Tas: Rp 0·\u001b[39m\n\u001b[31mSubtotal Awal Masuk: Rp 7.000.000\u001b[39m\n\u001b[31mSumber:\u001b[39m\n\u001b[31m- PMB_2026_SI.pdf\"\u001b[39m\n    at Object.toMatch (C:\\Users\\TSC-AKA\\Videos\\MARKETING\\BOTAI\\system_wa\\tests\\ragEngine.test.js:471:27)\n    at Promise.then.completed (C:\\Users\\TSC-AKA\\Videos\\MARKETING\\BOTAI\\system_wa\\node_modules\\jest-circus\\build\\utils.js:298:28)\n    at new Promise (<anonymous>)\n    at callAsyncCircusFn (C:\\Users\\TSC-AKA\\Videos\\MARKETING\\BOTAI\\system_wa\\node_modules\\jest-circus\\build\\utils.js:231:10)\n    at _callCircusTest (C:\\Users\\TSC-AKA\\Videos\\MARKETING\\BOTAI\\system_wa\\node_modules\\jest-circus\\build\\run.js:316:40)\n    at processTicksAndRejections (node:internal/process/task_queues:105:5)\n    at _runTest (C:\\Users\\TSC-AKA\\Videos\\MARKETING\\BOTAI\\system_wa\\node_modules\\jest-circus\\build\\run.js:252:3)\n    at _runTestsForDescribeBlock (C:\\Users\\TSC-AKA\\Videos\\MARKETING\\BOTAI\\system_wa\\node_modules\\jest-circus\\build\\run.js:126:9)\n    at _runTestsForDescribeBlock (C:\\Users\\TSC-AKA\\Videos\\MARKETING\\BOTAI\\system_wa\\node_modules\\jest-circus\\build\\run.js:121:9)\n    at run (C:\\Users\\TSC-AKA\\Videos\\MARKETING\\BOTAI\\system_wa\\node_modules\\jest-circus\\build\\run.js:71:3)\n    at runAndTransformResultsToJestFormat (C:\\Users\\TSC-AKA\\Videos\\MARKETING\\BOTAI\\system_wa\\node_modules\\jest-circus\\build\\legacy-code-todo-rewrite\\jestAdapterInit.js:122:21)\n    at jestAdapter (C:\\Users\\TSC-AKA\\Videos\\MARKETING\\BOTAI\\system_wa\\node_modules\\jest-circus\\build\\legacy-code-todo-rewrite\\jestAdapter.js:79:19)\n    at runTestInternal (C:\\Users\\TSC-AKA\\Videos\\MARKETING\\BOTAI\\system_wa\\node_modules\\jest-runner\\build\\runTest.js:367:16)\n    at runTest (C:\\Users\\TSC-AKA\\Videos\\MARKETING\\BOTAI\\system_wa\\node_modules\\jest-runner\\build\\runTest.js:444:34)"],"fullName":"ragEngine helpers tryStructuredExactCostAnswer preserves explicit registration discount phrasing without potongan","invocations":1,"location":null,"numPassingAsserts":1,"retryReasons":[],"status":"failed","title":"tryStructuredExactCostAnswer preserves explicit registration discount phrasing without potongan"},{"ancestorTitles":["ragEngine helpers"],"duration":648806,"failureDetails":[{"matcherResult":{"message":"\u001b[2mexpect(\u001b[22m\u001b[31mreceived\u001b[39m\u001b[2m).\u001b[22mtoMatch\u001b[2m(\u001b[22m\u001b[32mexpected\u001b[39m\u001b[2m)\u001b[22m\n\nExpected pattern: \u001b[32m/Rp\\s*250\\.000/i\u001b[39m\nReceived string:  \u001b[31m\"Program Studi: Sistem Informasi\u001b[39m\n\u001b[31mGelombang 1A\u001b[39m\n\u001b[31mTahun Akademik: Tahun Akademik tidak tersedia·\u001b[39m\n\u001b[31mBiaya Pendaftaran:·\u001b[39m\n\u001b[31mPotongan Pendaftaran (Gel 1):\u001b[39m\n\u001b[31mRp 2.000.000·\u001b[39m\n\u001b[31mTotal Pendaftaran:\u001b[39m\n\u001b[31mRp 0·\u001b[39m\n\u001b[31mDPP:\u001b[39m\n\u001b[31mRp 7.000.000·\u001b[39m\n\u001b[31mBiaya Perlengkapan:·\u001b[39m\n\u001b[31m- Jas almamater: Rp 0\u001b[39m\n\u001b[31m- Topi: Rp 0\u001b[39m\n\u001b[31m- Kaos: Rp 0\u001b[39m\n\u001b[31m- GMTI: Rp 0\u001b[39m\n\u001b[31m- Tas: Rp 0·\u001b[39m\n\u001b[31mSubtotal Awal Masuk: Rp 7.000.000\u001b[39m\n\u001b[31mTotal Biaya Masuk: Rp 7.000.000·\u001b[39m\n\u001b[31mSumber:·\u001b[39m\n\u001b[31m- rincian Biaya SI, TI dan BD Tahun Ajaran 2026-2027.pdf·\u001b[39m\n\u001b[31mMau saya jelaskan komponen biaya lain atau opsi potongan yang relevan?\"\u001b[39m","pass":false}}],"failureMessages":["Error: \u001b[2mexpect(\u001b[22m\u001b[31mreceived\u001b[39m\u001b[2m).\u001b[22mtoMatch\u001b[2m(\u001b[22m\u001b[32mexpected\u001b[39m\u001b[2m)\u001b[22m\n\nExpected pattern: \u001b[32m/Rp\\s*250\\.000/i\u001b[39m\nReceived string:  \u001b[31m\"Program Studi: Sistem Informasi\u001b[39m\n\u001b[31mGelombang 1A\u001b[39m\n\u001b[31mTahun Akademik: Tahun Akademik tidak tersedia·\u001b[39m\n\u001b[31mBiaya Pendaftaran:·\u001b[39m\n\u001b[31mPotongan Pendaftaran (Gel 1):\u001b[39m\n\u001b[31mRp 2.000.000·\u001b[39m\n\u001b[31mTotal Pendaftaran:\u001b[39m\n\u001b[31mRp 0·\u001b[39m\n\u001b[31mDPP:\u001b[39m\n\u001b[31mRp 7.000.000·\u001b[39m\n\u001b[31mBiaya Perlengkapan:·\u001b[39m\n\u001b[31m- Jas almamater: Rp 0\u001b[39m\n\u001b[31m- Topi: Rp 0\u001b[39m\n\u001b[31m- Kaos: Rp 0\u001b[39m\n\u001b[31m- GMTI: Rp 0\u001b[39m\n\u001b[31m- Tas: Rp 0·\u001b[39m\n\u001b[31mSubtotal Awal Masuk: Rp 7.000.000\u001b[39m\n\u001b[31mTotal Biaya Masuk: Rp 7.000.000·\u001b[39m\n\u001b[31mSumber:·\u001b[39m\n\u001b[31m- rincian Biaya SI, TI dan BD Tahun Ajaran 2026-2027.pdf·\u001b[39m\n\u001b[31mMau saya jelaskan komponen biaya lain atau opsi potongan yang relevan?\"\u001b[39m\n    at Object.toMatch (C:\\Users\\TSC-AKA\\Videos\\MARKETING\\BOTAI\\system_wa\\tests\\ragEngine.test.js:479:38)\n    at processTicksAndRejections (node:internal/process/task_queues:105:5)"],"fullName":"ragEngine helpers query returns enrollment discount output with requested wave formatting for 1A","invocations":1,"location":null,"numPassingAsserts":2,"retryReasons":[],"status":"failed","title":"query returns enrollment discount output with requested wave formatting for 1A"},{"ancestorTitles":["ragEngine helpers"],"duration":98695,"failureDetails":[],"failureMessages":[],"fullName":"ragEngine helpers tryStructuredExactCostAnswer repairs OCR noise in numeric fee values","invocations":1,"location":null,"numPassingAsserts":2,"retryReasons":[],"status":"passed","title":"tryStructuredExactCostAnswer repairs OCR noise in numeric fee values"},{"ancestorTitles":["ragEngine helpers"],"duration":208781,"failureDetails":[],"failureMessages":[],"fullName":"ragEngine helpers tryStructuredExactCostAnswer prioritizes latest academic year when year not specified","invocations":1,"location":null,"numPassingAsserts":3,"retryReasons":[],"status":"passed","title":"tryStructuredExactCostAnswer prioritizes latest academic year when year not specified"},{"ancestorTitles":["ragEngine helpers"],"duration":97522,"failureDetails":[],"failureMessages":[],"fullName":"ragEngine helpers tryStructuredExactCostAnswer uses full fee formatter when fee data exists in a single chunk without OCR quality metadata","invocations":1,"location":null,"numPassingAsserts":4,"retryReasons":[],"status":"passed","title":"tryStructuredExactCostAnswer uses full fee formatter when fee data exists in a single chunk without OCR quality metadata"},{"ancestorTitles":["ragEngine helpers"],"duration":102283,"failureDetails":[],"failureMessages":[],"fullName":"ragEngine helpers tryStructuredExactCostAnswer does not duplicate wave label in full fee answer","invocations":1,"location":null,"numPassingAsserts":3,"retryReasons":[],"status":"passed","title":"tryStructuredExactCostAnswer does not duplicate wave label in full fee answer"},{"ancestorTitles":["ragEngine helpers"],"duration":512,"failureDetails":[],"failureMessages":[],"fullName":"ragEngine helpers tryStructuredExactCostAnswer rejects inconsistent exact cost queries without reliable fee evidence","invocations":1,"location":null,"numPassingAsserts":2,"retryReasons":[],"status":"passed","title":"tryStructuredExactCostAnswer rejects inconsistent exact cost queries without reliable fee evidence"},{"ancestorTitles":["ragEngine helpers"],"duration":346,"failureDetails":[{"matcherResult":{"message":"\u001b[2mexpect(\u001b[22m\u001b[31mreceived\u001b[39m\u001b[2m).\u001b[22mtoMatch\u001b[2m(\u001b[22m\u001b[32mexpected\u001b[39m\u001b[2m)\u001b[22m\n\nExpected pattern: \u001b[32m/tidak ditemukan/\u001b[39m\nReceived string:  \u001b[31m\"data biaya tidak dapat dipastikan dari dokumen resmi yang tersedia.\"\u001b[39m","pass":false}}],"failureMessages":["Error: \u001b[2mexpect(\u001b[22m\u001b[31mreceived\u001b[39m\u001b[2m).\u001b[22mtoMatch\u001b[2m(\u001b[22m\u001b[32mexpected\u001b[39m\u001b[2m)\u001b[22m\n\nExpected pattern: \u001b[32m/tidak ditemukan/\u001b[39m\nReceived string:  \u001b[31m\"data biaya tidak dapat dipastikan dari dokumen resmi yang tersedia.\"\u001b[39m\n    at Object.toMatch (C:\\Users\\TSC-AKA\\Videos\\MARKETING\\BOTAI\\system_wa\\tests\\ragEngine.test.js:592:55)\n    at Promise.then.completed (C:\\Users\\TSC-AKA\\Videos\\MARKETING\\BOTAI\\system_wa\\node_modules\\jest-circus\\build\\utils.js:298:28)\n    at new Promise (<anonymous>)\n    at callAsyncCircusFn (C:\\Users\\TSC-AKA\\Videos\\MARKETING\\BOTAI\\system_wa\\node_modules\\jest-circus\\build\\utils.js:231:10)\n    at _callCircusTest (C:\\Users\\TSC-AKA\\Videos\\MARKETING\\BOTAI\\system_wa\\node_modules\\jest-circus\\build\\run.js:316:40)\n    at processTicksAndRejections (node:internal/process/task_queues:105:5)\n    at _runTest (C:\\Users\\TSC-AKA\\Videos\\MARKETING\\BOTAI\\system_wa\\node_modules\\jest-circus\\build\\run.js:252:3)\n    at _runTestsForDescribeBlock (C:\\Users\\TSC-AKA\\Videos\\MARKETING\\BOTAI\\system_wa\\node_modules\\jest-circus\\build\\run.js:126:9)\n    at _runTestsForDescribeBlock (C:\\Users\\TSC-AKA\\Videos\\MARKETING\\BOTAI\\system_wa\\node_modules\\jest-circus\\build\\run.js:121:9)\n    at run (C:\\Users\\TSC-AKA\\Videos\\MARKETING\\BOTAI\\system_wa\\node_modules\\jest-circus\\build\\run.js:71:3)\n    at runAndTransformResultsToJestFormat (C:\\Users\\TSC-AKA\\Videos\\MARKETING\\BOTAI\\system_wa\\node_modules\\jest-circus\\build\\legacy-code-todo-rewrite\\jestAdapterInit.js:122:21)\n    at jestAdapter (C:\\Users\\TSC-AKA\\Videos\\MARKETING\\BOTAI\\system_wa\\node_modules\\jest-circus\\build\\legacy-code-todo-rewrite\\jestAdapter.js:79:19)\n    at runTestInternal (C:\\Users\\TSC-AKA\\Videos\\MARKETING\\BOTAI\\system_wa\\node_modules\\jest-runner\\build\\runTest.js:367:16)\n    at runTest (C:\\Users\\TSC-AKA\\Videos\\MARKETING\\BOTAI\\system_wa\\node_modules\\jest-runner\\build\\runTest.js:444:34)"],"fullName":"ragEngine helpers tryStructuredExactCostAnswer rejects explicit exact match cost query when no matching chunk exists","invocations":1,"location":null,"numPassingAsserts":2,"retryReasons":[],"status":"failed","title":"tryStructuredExactCostAnswer rejects explicit exact match cost query when no matching chunk exists"},{"ancestorTitles":["ragEngine helpers"],"duration":258,"failureDetails":[],"failureMessages":[],"fullName":"ragEngine helpers tryStructuredExactCostAnswer does not fall back to different wave for explicit suffix wave","invocations":1,"location":null,"numPassingAsserts":3,"retryReasons":[],"status":"passed","title":"tryStructuredExactCostAnswer does not fall back to different wave for explicit suffix wave"},{"ancestorTitles":["ragEngine helpers"],"duration":805,"failureDetails":[],"failureMessages":[],"fullName":"ragEngine helpers validateFinalAnswer rejects high confidence numeric without explicit source evidence","invocations":1,"location":null,"numPassingAsserts":2,"retryReasons":[],"status":"passed","title":"validateFinalAnswer rejects high confidence numeric without explicit source evidence"},{"ancestorTitles":["ragEngine helpers"],"duration":240,"failureDetails":[],"failureMessages":[],"fullName":"ragEngine helpers isSafeForInference blocks numeric/temporal inference questions","invocations":1,"location":null,"numPassingAsserts":2,"retryReasons":[],"status":"passed","title":"isSafeForInference blocks numeric/temporal inference questions"},{"ancestorTitles":["ragEngine helpers"],"duration":3,"failureDetails":[],"failureMessages":[],"fullName":"ragEngine helpers program recommendation heuristic does not trigger on curriculum detail questions","invocations":1,"location":null,"numPassingAsserts":1,"retryReasons":[],"status":"passed","title":"program recommendation heuristic does not trigger on curriculum detail questions"},{"ancestorTitles":["ragEngine schedule overview guard"],"duration":1086,"failureDetails":[],"failureMessages":[],"fullName":"ragEngine schedule overview guard accreditation question for BD is answered from index text (deterministic)","invocations":1,"location":null,"numPassingAsserts":6,"retryReasons":[],"status":"passed","title":"accreditation question for BD is answered from index text (deterministic)"},{"ancestorTitles":["ragEngine schedule overview guard"],"duration":637,"failureDetails":[],"failureMessages":[],"fullName":"ragEngine schedule overview guard schedule-only question without wave triggers schedule overview prompt","invocations":1,"location":null,"numPassingAsserts":3,"retryReasons":[],"status":"passed","title":"schedule-only question without wave triggers schedule overview prompt"},{"ancestorTitles":["ragEngine schedule overview guard"],"duration":476,"failureDetails":[],"failureMessages":[],"fullName":"ragEngine schedule overview guard program overview includes MI in the S1 program list","invocations":1,"location":null,"numPassingAsserts":3,"retryReasons":[],"status":"passed","title":"program overview includes MI in the S1 program list"},{"ancestorTitles":["ragEngine schedule overview guard"],"duration":518,"failureDetails":[],"failureMessages":[],"fullName":"ragEngine schedule overview guard hobby business signals: \"tawar-menawar\" maps to Bisnis Digital (handles \"cocokan\" typo)","invocations":1,"location":null,"numPassingAsserts":4,"retryReasons":[],"status":"passed","title":"hobby business signals: \"tawar-menawar\" maps to Bisnis Digital (handles \"cocokan\" typo)"},{"ancestorTitles":["ragEngine schedule overview guard"],"duration":225,"failureDetails":[],"failureMessages":[],"fullName":"ragEngine schedule overview guard coding hobby routes to Teknologi Informasi (TI)","invocations":1,"location":null,"numPassingAsserts":3,"retryReasons":[],"status":"passed","title":"coding hobby routes to Teknologi Informasi (TI)"},{"ancestorTitles":["ragEngine schedule overview guard"],"duration":176,"failureDetails":[],"failureMessages":[],"fullName":"ragEngine schedule overview guard coding hobby without hobby-doc fallback still routes to Teknologi Informasi (TI)","invocations":1,"location":null,"numPassingAsserts":3,"retryReasons":[],"status":"passed","title":"coding hobby without hobby-doc fallback still routes to Teknologi Informasi (TI)"},{"ancestorTitles":["ragEngine schedule overview guard"],"duration":222,"failureDetails":[],"failureMessages":[],"fullName":"ragEngine schedule overview guard unknown hobby does not default to SK (asks for concrete activity examples)","invocations":1,"location":null,"numPassingAsserts":2,"retryReasons":[],"status":"passed","title":"unknown hobby does not default to SK (asks for concrete activity examples)"},{"ancestorTitles":["ragEngine schedule overview guard"],"duration":821,"failureDetails":[],"failureMessages":[],"fullName":"ragEngine schedule overview guard wave list question returns available waves (no wave guessing)","invocations":1,"location":null,"numPassingAsserts":4,"retryReasons":[],"status":"passed","title":"wave list question returns available waves (no wave guessing)"},{"ancestorTitles":["ragEngine schedule overview guard"],"duration":600,"failureDetails":[],"failureMessages":[],"fullName":"ragEngine schedule overview guard confidence threshold: below 0.65 is treated as no answer","invocations":1,"location":null,"numPassingAsserts":5,"retryReasons":[],"status":"passed","title":"confidence threshold: below 0.65 is treated as no answer"},{"ancestorTitles":["ragEngine schedule overview guard"],"duration":1,"failureDetails":[],"failureMessages":[],"fullName":"ragEngine schedule overview guard program registration menu detects MI from program hint","invocations":1,"location":null,"numPassingAsserts":2,"retryReasons":[],"status":"passed","title":"program registration menu detects MI from program hint"},{"ancestorTitles":["ragEngine schedule overview guard"],"duration":361,"failureDetails":[],"failureMessages":[],"fullName":"ragEngine schedule overview guard program registration fee question returns short answer (SI)","invocations":1,"location":null,"numPassingAsserts":5,"retryReasons":[],"status":"passed","title":"program registration fee question returns short answer (SI)"},{"ancestorTitles":["ragEngine schedule overview guard"],"duration":405,"failureDetails":[],"failureMessages":[],"fullName":"ragEngine schedule overview guard fee breakdown follow-up for SI returns structured breakdown (not program list)","invocations":1,"location":null,"numPassingAsserts":12,"retryReasons":[],"status":"passed","title":"fee breakdown follow-up for SI returns structured breakdown (not program list)"},{"ancestorTitles":["ragEngine schedule overview guard"],"duration":573,"failureDetails":[],"failureMessages":[],"fullName":"ragEngine schedule overview guard UKT/per-semester question for SI returns semester-only fee (no full breakdown)","invocations":1,"location":null,"numPassingAsserts":8,"retryReasons":[],"status":"passed","title":"UKT/per-semester question for SI returns semester-only fee (no full breakdown)"},{"ancestorTitles":["ragEngine schedule overview guard"],"duration":467551,"failureDetails":[],"failureMessages":[],"fullName":"ragEngine schedule overview guard avoid misparsing SK course codes as semester fee amounts","invocations":1,"location":null,"numPassingAsserts":3,"retryReasons":[],"status":"passed","title":"avoid misparsing SK course codes as semester fee amounts"},{"ancestorTitles":["ragEngine schedule overview guard"],"duration":494,"failureDetails":[],"failureMessages":[],"fullName":"ragEngine schedule overview guard fee breakdown: prior dual-degree mention does not override current SI shorthand","invocations":1,"location":null,"numPassingAsserts":5,"retryReasons":[],"status":"passed","title":"fee breakdown: prior dual-degree mention does not override current SI shorthand"},{"ancestorTitles":["ragEngine schedule overview guard"],"duration":576,"failureDetails":[],"failureMessages":[],"fullName":"ragEngine schedule overview guard general dual degree question lists UTB, DNUI, and HELP","invocations":1,"location":null,"numPassingAsserts":5,"retryReasons":[],"status":"passed","title":"general dual degree question lists UTB, DNUI, and HELP"},{"ancestorTitles":["ragEngine schedule overview guard"],"duration":627,"failureDetails":[],"failureMessages":[],"fullName":"ragEngine schedule overview guard double degree international question lists only international partners","invocations":1,"location":null,"numPassingAsserts":5,"retryReasons":[],"status":"passed","title":"double degree international question lists only international partners"},{"ancestorTitles":["ragEngine schedule overview guard"],"duration":826,"failureDetails":[],"failureMessages":[],"fullName":"ragEngine schedule overview guard double degree national question lists only UTB","invocations":1,"location":null,"numPassingAsserts":5,"retryReasons":[],"status":"passed","title":"double degree national question lists only UTB"},{"ancestorTitles":["ragEngine schedule overview guard"],"duration":333,"failureDetails":[],"failureMessages":[],"fullName":"ragEngine schedule overview guard dual/double degree discount question returns only DPP discount list (no UTB/DNUI/HELP)","invocations":1,"location":null,"numPassingAsserts":17,"retryReasons":[],"status":"passed","title":"dual/double degree discount question returns only DPP discount list (no UTB/DNUI/HELP)"},{"ancestorTitles":["ragEngine schedule overview guard"],"duration":658,"failureDetails":[],"failureMessages":[],"fullName":"ragEngine schedule overview guard current wave question returns currently open waves (realtime by date)","invocations":1,"location":null,"numPassingAsserts":5,"retryReasons":[],"status":"passed","title":"current wave question returns currently open waves (realtime by date)"},{"ancestorTitles":["ragEngine schedule overview guard"],"duration":605,"failureDetails":[],"failureMessages":[],"fullName":"ragEngine schedule overview guard current wave question before first window returns upcoming wave","invocations":1,"location":null,"numPassingAsserts":5,"retryReasons":[],"status":"passed","title":"current wave question before first window returns upcoming wave"},{"ancestorTitles":["ragEngine schedule overview guard"],"duration":3147,"failureDetails":[],"failureMessages":[],"fullName":"ragEngine schedule overview guard wave list phrasing variants still return wave list","invocations":1,"location":null,"numPassingAsserts":8,"retryReasons":[],"status":"passed","title":"wave list phrasing variants still return wave list"},{"ancestorTitles":["ragEngine schedule overview guard"],"duration":439,"failureDetails":[],"failureMessages":[],"fullName":"ragEngine schedule overview guard anchored follow-up still parses wave list from current question only","invocations":1,"location":null,"numPassingAsserts":2,"retryReasons":[],"status":"passed","title":"anchored follow-up still parses wave list from current question only"},{"ancestorTitles":["ragEngine schedule overview guard"],"duration":259,"failureDetails":[],"failureMessages":[],"fullName":"ragEngine schedule overview guard mentions specific wave without intent triggers clarify-wave (not wave list)","invocations":1,"location":null,"numPassingAsserts":3,"retryReasons":[],"status":"passed","title":"mentions specific wave without intent triggers clarify-wave (not wave list)"},{"ancestorTitles":["ragEngine schedule overview guard"],"duration":1126935,"failureDetails":[],"failureMessages":[],"fullName":"ragEngine schedule overview guard must-pay phrasing counts as intent (does not trigger clarify-wave menu)","invocations":1,"location":null,"numPassingAsserts":2,"retryReasons":[],"status":"passed","title":"must-pay phrasing counts as intent (does not trigger clarify-wave menu)"},{"ancestorTitles":["ragEngine schedule overview guard"],"duration":920,"failureDetails":[{"matcherResult":{"actual":0,"expected":1,"message":"\u001b[2mexpect(\u001b[22m\u001b[31mreceived\u001b[39m\u001b[2m).\u001b[22mtoBe\u001b[2m(\u001b[22m\u001b[32mexpected\u001b[39m\u001b[2m) // Object.is equality\u001b[22m\n\nExpected: \u001b[32m1\u001b[39m\nReceived: \u001b[31m0\u001b[39m","name":"toBe","pass":false}}],"failureMessages":["Error: \u001b[2mexpect(\u001b[22m\u001b[31mreceived\u001b[39m\u001b[2m).\u001b[22mtoBe\u001b[2m(\u001b[22m\u001b[32mexpected\u001b[39m\u001b[2m) // Object.is equality\u001b[22m\n\nExpected: \u001b[32m1\u001b[39m\nReceived: \u001b[31m0\u001b[39m\n    at Object.toBe (C:\\Users\\TSC-AKA\\Videos\\MARKETING\\BOTAI\\system_wa\\tests\\ragEngine.test.js:955:38)\n    at processTicksAndRejections (node:internal/process/task_queues:105:5)"],"fullName":"ragEngine schedule overview guard schedule for roman-only wave is grouped and deduped (no repeated IV A/B/C blocks)","invocations":1,"location":null,"numPassingAsserts":2,"retryReasons":[],"status":"failed","title":"schedule for roman-only wave is grouped and deduped (no repeated IV A/B/C blocks)"},{"ancestorTitles":["ragEngine schedule overview guard"],"duration":541,"failureDetails":[],"failureMessages":[],"fullName":"ragEngine schedule overview guard PMB overview multi-aspect question should not be hijacked by schedule overview prompt","invocations":1,"location":null,"numPassingAsserts":4,"retryReasons":[],"status":"passed","title":"PMB overview multi-aspect question should not be hijacked by schedule overview prompt"},{"ancestorTitles":["ragEngine schedule overview guard"],"duration":351,"failureDetails":[{"matcherResult":{"message":"\u001b[2mexpect(\u001b[22m\u001b[31mreceived\u001b[39m\u001b[2m).\u001b[22mtoMatch\u001b[2m(\u001b[22m\u001b[32mexpected\u001b[39m\u001b[2m)\u001b[22m\n\nExpected pattern: \u001b[32m/potongan\\s+dpp/i\u001b[39m\nReceived string:  \u001b[31m\"Ada program beasiswa untuk calon mahasiswa baru yang memiliki ranking di kelas (kelas XII semester 1 atau 2).\u001b[39m\n\u001b[31mBoleh info asal sekolah dan ranking berapa di kelas, kak? Nanti saya bantu cek masuk kategori yang mana.\u001b[39m\n\u001b[31mPerlu saya cek opsi beasiswa atau potongan biaya yang relevan?\"\u001b[39m","pass":false}}],"failureMessages":["Error: \u001b[2mexpect(\u001b[22m\u001b[31mreceived\u001b[39m\u001b[2m).\u001b[22mtoMatch\u001b[2m(\u001b[22m\u001b[32mexpected\u001b[39m\u001b[2m)\u001b[22m\n\nExpected pattern: \u001b[32m/potongan\\s+dpp/i\u001b[39m\nReceived string:  \u001b[31m\"Ada program beasiswa untuk calon mahasiswa baru yang memiliki ranking di kelas (kelas XII semester 1 atau 2).\u001b[39m\n\u001b[31mBoleh info asal sekolah dan ranking berapa di kelas, kak? Nanti saya bantu cek masuk kategori yang mana.\u001b[39m\n\u001b[31mPerlu saya cek opsi beasiswa atau potongan biaya yang relevan?\"\u001b[39m\n    at Object.toMatch (C:\\Users\\TSC-AKA\\Videos\\MARKETING\\BOTAI\\system_wa\\tests\\ragEngine.test.js:979:38)\n    at processTicksAndRejections (node:internal/process/task_queues:105:5)"],"fullName":"ragEngine schedule overview guard ranking scholarship question is not misrouted to enrollment discount","invocations":1,"location":null,"numPassingAsserts":2,"retryReasons":[],"status":"failed","title":"ranking scholarship question is not misrouted to enrollment discount"},{"ancestorTitles":["ragEngine schedule overview guard"],"duration":582,"failureDetails":[],"failureMessages":[],"fullName":"ragEngine schedule overview guard ranking follow-up mentioning semesters is not misrouted to fee breakdown","invocations":1,"location":null,"numPassingAsserts":4,"retryReasons":[],"status":"passed","title":"ranking follow-up mentioning semesters is not misrouted to fee breakdown"},{"ancestorTitles":["ragEngine schedule overview guard"],"duration":616,"failureDetails":[{"matcherResult":{"message":"\u001b[2mexpect(\u001b[22m\u001b[31mreceived\u001b[39m\u001b[2m).\u001b[22mtoMatch\u001b[2m(\u001b[22m\u001b[32mexpected\u001b[39m\u001b[2m)\u001b[22m\n\nExpected pattern: \u001b[32m/Maksud\\s+\"sekolah tertentu\"/i\u001b[39m\nReceived string:  \u001b[31m\"Silakan hubungi PMB untuk informasi detail mengenai daftar sekolah yang berhak mendapatkan potongan atau beasiswa.\u001b[39m\n\u001b[31mBoleh info asal sekolah dan ranking berapa di kelas, kak? Nanti saya bantu cek masuk kategori yang mana.\u001b[39m\n\u001b[31mMau saya jelaskan lagi bagian lain?\"\u001b[39m","pass":false}}],"failureMessages":["Error: \u001b[2mexpect(\u001b[22m\u001b[31mreceived\u001b[39m\u001b[2m).\u001b[22mtoMatch\u001b[2m(\u001b[22m\u001b[32mexpected\u001b[39m\u001b[2m)\u001b[22m\n\nExpected pattern: \u001b[32m/Maksud\\s+\"sekolah tertentu\"/i\u001b[39m\nReceived string:  \u001b[31m\"Silakan hubungi PMB untuk informasi detail mengenai daftar sekolah yang berhak mendapatkan potongan atau beasiswa.\u001b[39m\n\u001b[31mBoleh info asal sekolah dan ranking berapa di kelas, kak? Nanti saya bantu cek masuk kategori yang mana.\u001b[39m\n\u001b[31mMau saya jelaskan lagi bagian lain?\"\u001b[39m\n    at Object.toMatch (C:\\Users\\TSC-AKA\\Videos\\MARKETING\\BOTAI\\system_wa\\tests\\ragEngine.test.js:1000:38)\n    at processTicksAndRejections (node:internal/process/task_queues:105:5)"],"fullName":"ragEngine schedule overview guard follow-up question about \"sekolah tertentu\" is answered (no web fallback)","invocations":1,"location":null,"numPassingAsserts":2,"retryReasons":[],"status":"failed","title":"follow-up question about \"sekolah tertentu\" is answered (no web fallback)"},{"ancestorTitles":["ragEngine schedule overview guard"],"duration":526,"failureDetails":[{"matcherResult":{"actual":false,"expected":true,"message":"\u001b[2mexpect(\u001b[22m\u001b[31mreceived\u001b[39m\u001b[2m).\u001b[22mtoBe\u001b[2m(\u001b[22m\u001b[32mexpected\u001b[39m\u001b[2m) // Object.is equality\u001b[22m\n\nExpected: \u001b[32mtrue\u001b[39m\nReceived: \u001b[31mfalse\u001b[39m","name":"toBe","pass":false}}],"failureMessages":["Error: \u001b[2mexpect(\u001b[22m\u001b[31mreceived\u001b[39m\u001b[2m).\u001b[22mtoBe\u001b[2m(\u001b[22m\u001b[32mexpected\u001b[39m\u001b[2m) // Object.is equality\u001b[22m\n\nExpected: \u001b[32mtrue\u001b[39m\nReceived: \u001b[31mfalse\u001b[39m\n    at Object.toBe (C:\\Users\\TSC-AKA\\Videos\\MARKETING\\BOTAI\\system_wa\\tests\\ragEngine.test.js:1005:32)\n    at processTicksAndRejections (node:internal/process/task_queues:105:5)"],"fullName":"ragEngine schedule overview guard asking which schools are in the lampiran does not return a misleading short list","invocations":1,"location":null,"numPassingAsserts":0,"retryReasons":[],"status":"failed","title":"asking which schools are in the lampiran does not return a misleading short list"},{"ancestorTitles":["ragEngine schedule overview guard"],"duration":297,"failureDetails":[],"failureMessages":[],"fullName":"ragEngine schedule overview guard general scholarship question returns types overview first","invocations":1,"location":null,"numPassingAsserts":7,"retryReasons":[],"status":"passed","title":"general scholarship question returns types overview first"},{"ancestorTitles":["ragEngine schedule overview guard"],"duration":595,"failureDetails":[{"matcherResult":{"message":"\u001b[2mexpect(\u001b[22m\u001b[31mreceived\u001b[39m\u001b[2m).\u001b[22mtoMatch\u001b[2m(\u001b[22m\u001b[32mexpected\u001b[39m\u001b[2m)\u001b[22m\n\nExpected pattern: \u001b[32m/potongan\\s+dpp/i\u001b[39m\nReceived string:  \u001b[31m\"Ada program beasiswa untuk calon mahasiswa baru yang memiliki ranking di kelas (kelas XII semester 1 atau 2).\u001b[39m\n\u001b[31mBoleh info asal sekolah dan ranking berapa di kelas, kak? Nanti saya bantu cek masuk kategori yang mana.\u001b[39m\n\u001b[31mPerlu saya cek opsi beasiswa atau potongan biaya yang relevan?\"\u001b[39m","pass":false}}],"failureMessages":["Error: \u001b[2mexpect(\u001b[22m\u001b[31mreceived\u001b[39m\u001b[2m).\u001b[22mtoMatch\u001b[2m(\u001b[22m\u001b[32mexpected\u001b[39m\u001b[2m)\u001b[22m\n\nExpected pattern: \u001b[32m/potongan\\s+dpp/i\u001b[39m\nReceived string:  \u001b[31m\"Ada program beasiswa untuk calon mahasiswa baru yang memiliki ranking di kelas (kelas XII semester 1 atau 2).\u001b[39m\n\u001b[31mBoleh info asal sekolah dan ranking berapa di kelas, kak? Nanti saya bantu cek masuk kategori yang mana.\u001b[39m\n\u001b[31mPerlu saya cek opsi beasiswa atau potongan biaya yang relevan?\"\u001b[39m\n    at Object.toMatch (C:\\Users\\TSC-AKA\\Videos\\MARKETING\\BOTAI\\system_wa\\tests\\ragEngine.test.js:1028:38)\n    at processTicksAndRejections (node:internal/process/task_queues:105:5)"],"fullName":"ragEngine schedule overview guard short reply \"ranking\" returns ranking scholarship explanation (not generic fallback)","invocations":1,"location":null,"numPassingAsserts":3,"retryReasons":[],"status":"failed","title":"short reply \"ranking\" returns ranking scholarship explanation (not generic fallback)"},{"ancestorTitles":["ragEngine schedule overview guard"],"duration":606,"failureDetails":[],"failureMessages":[],"fullName":"ragEngine schedule overview guard DNUI follow-up \"rangkum biaya lainnya\" returns main fee components (no semester-5 drift)","invocations":1,"location":null,"numPassingAsserts":10,"retryReasons":[],"status":"passed","title":"DNUI follow-up \"rangkum biaya lainnya\" returns main fee components (no semester-5 drift)"},{"ancestorTitles":["ragEngine schedule overview guard"],"duration":388458,"failureDetails":[{"matcherResult":{"actual":"rag-fee-structured","expected":"rag-fee-breakdown","message":"\u001b[2mexpect(\u001b[22m\u001b[31mreceived\u001b[39m\u001b[2m).\u001b[22mtoBe\u001b[2m(\u001b[22m\u001b[32mexpected\u001b[39m\u001b[2m) // Object.is equality\u001b[22m\n\nExpected: \u001b[32m\"rag-fee-\u001b[7mbreakdown\u001b[27m\"\u001b[39m\nReceived: \u001b[31m\"rag-fee-\u001b[7mstructured\u001b[27m\"\u001b[39m","name":"toBe","pass":false}}],"failureMessages":["Error: \u001b[2mexpect(\u001b[22m\u001b[31mreceived\u001b[39m\u001b[2m).\u001b[22mtoBe\u001b[2m(\u001b[22m\u001b[32mexpected\u001b[39m\u001b[2m) // Object.is equality\u001b[22m\n\nExpected: \u001b[32m\"rag-fee-\u001b[7mbreakdown\u001b[27m\"\u001b[39m\nReceived: \u001b[31m\"rag-fee-\u001b[7mstructured\u001b[27m\"\u001b[39m\n    at Object.toBe (C:\\Users\\TSC-AKA\\Videos\\MARKETING\\BOTAI\\system_wa\\tests\\ragEngine.test.js:1053:24)\n    at processTicksAndRejections (node:internal/process/task_queues:105:5)"],"fullName":"ragEngine schedule overview guard UTB fee breakdown works even for short query","invocations":1,"location":null,"numPassingAsserts":1,"retryReasons":[],"status":"failed","title":"UTB fee breakdown works even for short query"},{"ancestorTitles":["ragEngine schedule overview guard"],"duration":810,"failureDetails":[{"matcherResult":{"actual":2,"expected":1,"message":"\u001b[2mexpect(\u001b[22m\u001b[31mreceived\u001b[39m\u001b[2m).\u001b[22mtoBe\u001b[2m(\u001b[22m\u001b[32mexpected\u001b[39m\u001b[2m) // Object.is equality\u001b[22m\n\nExpected: \u001b[32m1\u001b[39m\nReceived: \u001b[31m2\u001b[39m","name":"toBe","pass":false}}],"failureMessages":["Error: \u001b[2mexpect(\u001b[22m\u001b[31mreceived\u001b[39m\u001b[2m).\u001b[22mtoBe\u001b[2m(\u001b[22m\u001b[32mexpected\u001b[39m\u001b[2m) // Object.is equality\u001b[22m\n\nExpected: \u001b[32m1\u001b[39m\nReceived: \u001b[31m2\u001b[39m\n    at Object.toBe (C:\\Users\\TSC-AKA\\Videos\\MARKETING\\BOTAI\\system_wa\\tests\\ragEngine.test.js:1080:20)\n    at processTicksAndRejections (node:internal/process/task_queues:105:5)"],"fullName":"ragEngine schedule overview guard follow-up asking HELP after DNUI returns HELP breakdown (not DNUI)","invocations":1,"location":null,"numPassingAsserts":11,"retryReasons":[],"status":"failed","title":"follow-up asking HELP after DNUI returns HELP breakdown (not DNUI)"}],"endTime":1783268925394,"message":"\u001b[1m\u001b[31m  \u001b[1m● \u001b[22m\u001b[1mragEngine helpers › regression: all greeting aliases return identical deterministic greeting\u001b[39m\u001b[22m\n\n    \u001b[2mexpect(\u001b[22m\u001b[31mreceived\u001b[39m\u001b[2m).\u001b[22mtoBe\u001b[2m(\u001b[22m\u001b[32mexpected\u001b[39m\u001b[2m) // Object.is equality\u001b[22m\n\n    Expected: \u001b[32m\"\u001b[7mrag-greet\u001b[27min\u001b[7mg\u001b[27m\"\u001b[39m\n    Received: \u001b[31m\"\u001b[7mgpt-4o-m\u001b[27min\u001b[7mi\u001b[27m\"\u001b[39m\n\u001b[2m\u001b[22m\n\u001b[2m    \u001b[0m \u001b[90m 13 |\u001b[39m     \u001b[36mfor\u001b[39m (\u001b[36mconst\u001b[39m text \u001b[36mof\u001b[39m greetings) {\u001b[22m\n\u001b[2m     \u001b[90m 14 |\u001b[39m       \u001b[36mconst\u001b[39m result \u001b[33m=\u001b[39m \u001b[36mawait\u001b[39m query(text\u001b[33m,\u001b[39m \u001b[35m5\u001b[39m\u001b[33m,\u001b[39m { includeGlobal\u001b[33m:\u001b[39m \u001b[36mtrue\u001b[39m })\u001b[33m;\u001b[39m\u001b[22m\n\u001b[2m    \u001b[31m\u001b[1m>\u001b[22m\u001b[2m\u001b[39m\u001b[90m 15 |\u001b[39m       expect(result\u001b[33m.\u001b[39msource)\u001b[33m.\u001b[39mtoBe(\u001b[32m'rag-greeting'\u001b[39m)\u001b[33m;\u001b[39m\u001b[22m\n\u001b[2m     \u001b[90m    |\u001b[39m                             \u001b[31m\u001b[1m^\u001b[22m\u001b[2m\u001b[39m\u001b[22m\n\u001b[2m     \u001b[90m 16 |\u001b[39m       expect(result\u001b[33m.\u001b[39manswer)\u001b[33m.\u001b[39mtoContain(\u001b[32m'Halo Kak'\u001b[39m)\u001b[33m;\u001b[39m\u001b[22m\n\u001b[2m     \u001b[90m 17 |\u001b[39m       answers\u001b[33m.\u001b[39mpush(result\u001b[33m.\u001b[39manswer)\u001b[33m;\u001b[39m\u001b[22m\n\u001b[2m     \u001b[90m 18 |\u001b[39m     }\u001b[0m\u001b[22m\n\u001b[2m\u001b[22m\n\u001b[2m      \u001b[2mat Object.toBe (\u001b[22m\u001b[2m\u001b[0m\u001b[36mtests/ragEngine.test.js\u001b[39m\u001b[0m\u001b[2m:15:29)\u001b[22m\u001b[2m\u001b[22m\n\n\u001b[1m\u001b[31m  \u001b[1m● \u001b[22m\u001b[1mragEngine helpers › regression: PMB information is not routed to biaya answer\u001b[39m\u001b[22m\n\n    \u001b[2mexpect(\u001b[22m\u001b[31mreceived\u001b[39m\u001b[2m).\u001b[22mtoBe\u001b[2m(\u001b[22m\u001b[32mexpected\u001b[39m\u001b[2m) // Object.is equality\u001b[22m\n\n    Expected: \u001b[32m\"rag-pmb-info\"\u001b[39m\n    Received: \u001b[31m\"gpt-4o-mini\"\u001b[39m\n\u001b[2m\u001b[22m\n\u001b[2m    \u001b[0m \u001b[90m 22 |\u001b[39m   test(\u001b[32m'regression: PMB information is not routed to biaya answer'\u001b[39m\u001b[33m,\u001b[39m \u001b[36masync\u001b[39m () \u001b[33m=>\u001b[39m {\u001b[22m\n\u001b[2m     \u001b[90m 23 |\u001b[39m     \u001b[36mconst\u001b[39m result \u001b[33m=\u001b[39m \u001b[36mawait\u001b[39m query(\u001b[32m'saya ingin tau tentang pmb'\u001b[39m\u001b[33m,\u001b[39m \u001b[35m5\u001b[39m\u001b[33m,\u001b[39m { includeGlobal\u001b[33m:\u001b[39m \u001b[36mtrue\u001b[39m })\u001b[33m;\u001b[39m\u001b[22m\n\u001b[2m    \u001b[31m\u001b[1m>\u001b[22m\u001b[2m\u001b[39m\u001b[90m 24 |\u001b[39m     expect(result\u001b[33m.\u001b[39msource)\u001b[33m.\u001b[39mtoBe(\u001b[32m'rag-pmb-info'\u001b[39m)\u001b[33m;\u001b[39m\u001b[22m\n\u001b[2m     \u001b[90m    |\u001b[39m                           \u001b[31m\u001b[1m^\u001b[22m\u001b[2m\u001b[39m\u001b[22m\n\u001b[2m     \u001b[90m 25 |\u001b[39m     expect(result\u001b[33m.\u001b[39manswer)\u001b[33m.\u001b[39mtoMatch(\u001b[35m/PMB|Penerimaan Mahasiswa Baru/i\u001b[39m)\u001b[33m;\u001b[39m\u001b[22m\n\u001b[2m     \u001b[90m 26 |\u001b[39m     expect(result\u001b[33m.\u001b[39manswer)\u001b[33m.\u001b[39mtoMatch(\u001b[35m/Jalur Pendaftaran/i\u001b[39m)\u001b[33m;\u001b[39m\u001b[22m\n\u001b[2m     \u001b[90m 27 |\u001b[39m     expect(result\u001b[33m.\u001b[39manswer)\u001b[33m.\u001b[39mtoMatch(\u001b[35m/Program Studi/i\u001b[39m)\u001b[33m;\u001b[39m\u001b[0m\u001b[22m\n\u001b[2m\u001b[22m\n\u001b[2m      \u001b[2mat Object.toBe (\u001b[22m\u001b[2m\u001b[0m\u001b[36mtests/ragEngine.test.js\u001b[39m\u001b[0m\u001b[2m:24:27)\u001b[22m\u001b[2m\u001b[22m\n\n\u001b[1m\u001b[31m  \u001b[1m● \u001b[22m\u001b[1mragEngine helpers › regression: SK in PMB/program context means Sistem Komputer, not SKS\u001b[39m\u001b[22m\n\n    \u001b[2mexpect(\u001b[22m\u001b[31mreceived\u001b[39m\u001b[2m).\u001b[22mtoBe\u001b[2m(\u001b[22m\u001b[32mexpected\u001b[39m\u001b[2m) // Object.is equality\u001b[22m\n\n    Expected: \u001b[32m\"rag-program-profile\"\u001b[39m\n    Received: \u001b[31m\"gpt-4o-mini\"\u001b[39m\n\u001b[2m\u001b[22m\n\u001b[2m    \u001b[0m \u001b[90m 32 |\u001b[39m   test(\u001b[32m'regression: SK in PMB/program context means Sistem Komputer, not SKS'\u001b[39m\u001b[33m,\u001b[39m \u001b[36masync\u001b[39m () \u001b[33m=>\u001b[39m {\u001b[22m\n\u001b[2m     \u001b[90m 33 |\u001b[39m     \u001b[36mconst\u001b[39m result \u001b[33m=\u001b[39m \u001b[36mawait\u001b[39m query(\u001b[32m'apa itu sk'\u001b[39m\u001b[33m,\u001b[39m \u001b[35m5\u001b[39m\u001b[33m,\u001b[39m { includeGlobal\u001b[33m:\u001b[39m \u001b[36mtrue\u001b[39m })\u001b[33m;\u001b[39m\u001b[22m\n\u001b[2m    \u001b[31m\u001b[1m>\u001b[22m\u001b[
[...]
    \u001b[90m 473 |\u001b[39m   })\u001b[33m;\u001b[39m\u001b[22m\n\u001b[2m     \u001b[90m 474 |\u001b[39m\u001b[0m\u001b[22m\n\u001b[2m\u001b[22m\n\u001b[2m      \u001b[2mat Object.toMatch (\u001b[22m\u001b[2m\u001b[0m\u001b[36mtests/ragEngine.test.js\u001b[39m\u001b[0m\u001b[2m:471:27)\u001b[22m\u001b[2m\u001b[22m\n\n\u001b[1m\u001b[31m  \u001b[1m● \u001b[22m\u001b[1mragEngine helpers › query returns enrollment discount output with requested wave formatting for 1A\u001b[39m\u001b[22m\n\n    \u001b[2mexpect(\u001b[22m\u001b[31mreceived\u001b[39m\u001b[2m).\u001b[22mtoMatch\u001b[2m(\u001b[22m\u001b[32mexpected\u001b[39m\u001b[2m)\u001b[22m\n\n    Expected pattern: \u001b[32m/Rp\\s*250\\.000/i\u001b[39m\n    Received string:  \u001b[31m\"Program Studi: Sistem Informasi\u001b[39m\n    \u001b[31mGelombang 1A\u001b[39m\n    \u001b[31mTahun Akademik: Tahun Akademik tidak tersedia·\u001b[39m\n    \u001b[31mBiaya Pendaftaran:·\u001b[39m\n    \u001b[31mPotongan Pendaftaran (Gel 1):\u001b[39m\n    \u001b[31mRp 2.000.000·\u001b[39m\n    \u001b[31mTotal Pendaftaran:\u001b[39m\n    \u001b[31mRp 0·\u001b[39m\n    \u001b[31mDPP:\u001b[39m\n    \u001b[31mRp 7.000.000·\u001b[39m\n    \u001b[31mBiaya Perlengkapan:·\u001b[39m\n    \u001b[31m- Jas almamater: Rp 0\u001b[39m\n    \u001b[31m- Topi: Rp 0\u001b[39m\n    \u001b[31m- Kaos: Rp 0\u001b[39m\n    \u001b[31m- GMTI: Rp 0\u001b[39m\n    \u001b[31m- Tas: Rp 0·\u001b[39m\n    \u001b[31mSubtotal Awal Masuk: Rp 7.000.000\u001b[39m\n    \u001b[31mTotal Biaya Masuk: Rp 7.000.000·\u001b[39m\n    \u001b[31mSumber:·\u001b[39m\n    \u001b[31m- rincian Biaya SI, TI dan BD Tahun Ajaran 2026-2027.pdf·\u001b[39m\n    \u001b[31mMau saya jelaskan komponen biaya lain atau opsi potongan yang relevan?\"\u001b[39m\n\u001b[2m\u001b[22m\n\u001b[2m    \u001b[0m \u001b[90m 477 |\u001b[39m     expect(res \u001b[33m&&\u001b[39m res\u001b[33m.\u001b[39msuccess)\u001b[33m.\u001b[39mtoBe(\u001b[36mtrue\u001b[39m)\u001b[33m;\u001b[39m\u001b[22m\n\u001b[2m     \u001b[90m 478 |\u001b[39m     expect(\u001b[33mString\u001b[39m(res\u001b[33m.\u001b[39manswer \u001b[33m||\u001b[39m \u001b[32m''\u001b[39m))\u001b[33m.\u001b[39mtoMatch(\u001b[35m/Gelombang\\s*1A/i\u001b[39m)\u001b[33m;\u001b[39m\u001b[22m\n\u001b[2m    \u001b[31m\u001b[1m>\u001b[22m\u001b[2m\u001b[39m\u001b[90m 479 |\u001b[39m     expect(\u001b[33mString\u001b[39m(res\u001b[33m.\u001b[39manswer \u001b[33m||\u001b[39m \u001b[32m''\u001b[39m))\u001b[33m.\u001b[39mtoMatch(\u001b[35m/Rp\\s*250\\.000/i\u001b[39m)\u001b[33m;\u001b[39m\u001b[22m\n\u001b[2m     \u001b[90m     |\u001b[39m                                      \u001b[31m\u001b[1m^\u001b[22m\u001b[2m\u001b[39m\u001b[22m\n\u001b[2m     \u001b[90m 480 |\u001b[39m   })\u001b[33m;\u001b[39m\u001b[22m\n\u001b[2m     \u001b[90m 481 |\u001b[39m\u001b[22m\n\u001b[2m     \u001b[90m 482 |\u001b[39m   test(\u001b[32m'tryStructuredExactCostAnswer repairs OCR noise in numeric fee values'\u001b[39m\u001b[33m,\u001b[39m () \u001b[33m=>\u001b[39m {\u001b[0m\u001b[22m\n\u001b[2m\u001b[22m\n\u001b[2m      \u001b[2mat Object.toMatch (\u001b[22m\u001b[2m\u001b[0m\u001b[36mtests/ragEngine.test.js\u001b[39m\u001b[0m\u001b[2m:479:38)\u001b[22m\u001b[2m\u001b[22m\n\n\u001b[1m\u001b[31m  \u001b[1m● \u001b[22m\u001b[1mragEngine helpers › tryStructuredExactCostAnswer rejects explicit exact match cost query when no matching chunk exists\u001b[39m\u001b[22m\n\n    \u001b[2mexpect(\u001b[22m\u001b[31mreceived\u001b[39m\u001b[2m).\u001b[22mtoMatch\u001b[2m(\u001b[22m\u001b[32mexpected\u001b[39m\u001b[2m)\u001b[22m\n\n    Expected pattern: \u001b[32m/tidak ditemukan/\u001b[39m\n    Received string:  \u001b[31m\"data biaya tidak dapat dipastikan dari dokumen resmi yang tersedia.\"\u001b[39m\n\u001b[2m\u001b[22m\n\u001b[2m    \u001b[0m \u001b[90m 590 |\u001b[39m     expect(result)\u001b[33m.\u001b[39mtoBeTruthy()\u001b[33m;\u001b[39m\u001b[22m\n\u001b[2m     \u001b[90m 591 |\u001b[39m     expect(result\u001b[33m.\u001b[39msource)\u001b[33m.\u001b[39mtoBe(\u001b[32m'rag-answer-rejected'\u001b[39m)\u001b[33m;\u001b[39m\u001b[22m\n\u001b[2m    \u001b[31m\u001b[1m>\u001b[22m\u001b[2m\u001b[39m\u001b[90m 592 |\u001b[39m     expect(\u001b[33mString\u001b[39m(result\u001b[33m.\u001b[39manswer \u001b[33m||\u001b[39m \u001b[32m''\u001b[39m)\u001b[33m.\u001b[39mtoLowerCase())\u001b[33m.\u001b[39mtoMatch(\u001b[35m/tidak ditemukan/\u001b[39m)\u001b[33m;\u001b[39m\u001b[22m\n\u001b[2m     \u001b[90m     |\u001b[39m                                                       \u001b[31m\u001b[1m^\u001b[22m\u001b[2m\u001b[39m\u001b[22m\n\u001b[2m     \u001b[90m 593 |\u001b[39m   })\u001b[33m;\u001b[39m\u001b[22m\n\u001b[2m     \u001b[90m 594 |\u001b[39m\u001b[22m\n\u001b[2m     \u001b[90m 595 |\u001b[39m   test(\u001b[32m'tryStructuredExactCostAnswer does not fall back to different wave for explicit suffix wave'\u001b[39m\u001b[33m,\u001b[39m () \u001b[33m=>\u001b[39m {\u001b[0m\u001b[22m\n\u001b[2m\u001b[22m\n\u001b[2m      \u001b[2mat Object.toMatch (\u001b[22m\u001b[2m\u001b[0m\u001b[36mtests/ragEngine.test.js\u001b[39m\u001b[0m\u001b[2m:592:55)\u001b[22m\u001b[2m\u001b[22m\n\n\u001b[1m\u001b[31m  \u001b[1m● \u001b[22m\u001b[1mragEngine schedule overview guard › schedule for roman-only wave is grouped and deduped (no repeated IV A/B/C blocks)\u001b[39m\u001b[22m\n\n    \u001b[2mexpect(\u001b[22m\u001b[31mreceived\u001b[39m\u001b[2m).\u001b[22mtoBe\u001b[2m(\u001b[22m\u001b[32mexpected\u001b[39m\u001b[2m) // Object.is equality\u001b[22m\n\n    Expected: \u001b[32m1\u001b[39m\n    Received: \u001b[31m0\u001b[39m\n\u001b[2m\u001b[22m\n\u001b[2m    \u001b[0m \u001b[90m 953 |\u001b[39m     \u001b[36mconst\u001b[39m count \u001b[33m=\u001b[39m (re) \u001b[33m=>\u001b[39m (answer\u001b[33m.\u001b[39mmatch(re) \u001b[33m||\u001b[39m [])\u001b[33m.\u001b[39mlength\u001b[33m;\u001b[39m\u001b[22m\n\u001b[2m     \u001b[90m 954 |\u001b[39m\u001b[22m\n\u001b[2m    \u001b[31m\u001b[1m>\u001b[22m\u001b[2m\u001b[39m\u001b[90m 955 |\u001b[39m     expect(count(\u001b[35m/\\n-\\s*IV\\s+A\\b/g\u001b[39m))\u001b[33m.\u001b[39mtoBe(\u001b[35m1\u001b[39m)\u001b[33m;\u001b[39m\u001b[22m\n\u001b[2m     \u001b[90m     |\u001b[39m                                      \u001b[31m\u001b[1m^\u001b[22m\u001b[2m\u001b[39m\u001b[22m\n\u001b[2m     \u001b[90m 956 |\u001b[39m     expect(count(\u001b[35m/\\n-\\s*IV\\s+B\\b/g\u001b[39m))\u001b[33m.\u001b[39mtoBe(\u001b[35m1\u001b[39m)\u001b[33m;\u001b[39m\u001b[22m\n\u001b[2m     \u001b[90m 957 |\u001b[39m     expect(count(\u001b[35m/\\n-\\s*IV\\s+C\\b/g\u001b[39m))\u001b[33m.\u001b[39mtoBe(\u001b[35m1\u001b[39m)\u001b[33m;\u001b[39m\u001b[22m\n\u001b[2m     \u001b[90m 958 |\u001b[39m\u001b[0m\u001b[22m\n\u001b[2m\u001b[22m\n\u001b[2m      \u001b[2mat Object.toBe (\u001b[22m\u001b[2m\u001b[0m\u001b[36mtests/ragEngine.test.js\u001b[39m\u001b[0m\u001b[2m:955:38)\u001b[22m\u001b[2m\u001b[22m\n\n\u001b[1m\u001b[31m  \u001b[1m● \u001b[22m\u001b[1mragEngine schedule overview guard › ranking scholarship question is not misrouted to enrollment discount\u001b[39m\u001b[22m\n\n    \u001b[2mexpect(\u001b[22m\u001b[31mreceived\u001b[39m\u001b[2m).\u001b[22mtoMatch\u001b[2m(\u001b[22m\u001b[32mexpected\u001b[39m\u001b[2m)\u001b[22m\n\n    Expected pattern: \u001b[32m/potongan\\s+dpp/i\u001b[39m\n    Received string:  \u001b[31m\"Ada program beasiswa untuk calon mahasiswa baru yang memiliki ranking di kelas (kelas XII semester 1 atau 2).\u001b[39m\n    \u001b[31mBoleh info asal sekolah dan ranking berapa di kelas, kak? Nanti saya bantu cek masuk kategori yang mana.\u001b[39m\n    \u001b[31mPerlu saya cek opsi beasiswa atau potongan biaya yang relevan?\"\u001b[39m\n\u001b[2m\u001b[22m\n\u001b[2m    \u001b[0m \u001b[90m 977 |\u001b[39m     expect(res \u001b[33m&&\u001b[39m res\u001b[33m.\u001b[39msuccess)\u001b[33m.\u001b[39mtoBe(\u001b[36mtrue\u001b[39m)\u001b[33m;\u001b[39m\u001b[22m\n\u001b[2m     \u001b[90m 978 |\u001b[39m     expect(res\u001b[33m.\u001b[39msource)\u001b[33m.\u001b[39mtoBe(\u001b[32m'rag-scholarship-ranking-rule'\u001b[39m)\u001b[33m;\u001b[39m\u001b[22m\n\u001b[2m    \u001b[31m\u001b[1m>\u001b[22m\u001b[2m\u001b[39m\u001b[90m 979 |\u001b[39m     expect(\u001b[33mString\u001b[39m(res\u001b[33m.\u001b[39manswer \u001b[33m||\u001b[39m \u001b[32m''\u001b[39m))\u001b[33m.\u001b[39mtoMatch(\u001b[35m/potongan\\s+dpp/i\u001b[39m)\u001b[33m;\u001b[39m\u001b[22m\n\u001b[2m     \u001b[90m     |\u001b[39m                                      \u001b[31m\u001b[1m^\u001b[22m\u001b[2m\u001b[39m\u001b[22m\n\u001b[2m     \u001b[90m 980 |\u001b[39m     expect(\u001b[33mString\u001b[39m(res\u001b[33m.\u001b[39manswer \u001b[33m||\u001b[39m \u001b[32m''\u001b[39m))\u001b[33m.\u001b[39mtoMatch(\u001b[35m/ranking/i\u001b[39m)\u001b[33m;\u001b[39m\u001b[22m\n\u001b[2m     \u001b[90m 981 |\u001b[39m     expect(\u001b[33mString\u001b[39m(res\u001b[33m.\u001b[39manswer \u001b[33m||\u001b[39m \u001b[32m''\u001b[39m))\u001b[33m.\u001b[39mnot\u001b[33m.\u001b[39mtoMatch(\u001b[35m/Potongan biaya pendaftaran yang tersedia/i\u001b[39m)\u001b[33m;\u001b[39m\u001b[22m\n\u001b[2m     \u001b[90m 982 |\u001b[39m     \u001b[90m// Avoid confusing duplicate category bullets when the % is identical.\u001b[39m\u001b[0m\u001b[22m\n\u001b[2m\u001b[22m\n\u001b[2m      \u001b[2mat Object.toMatch (\u001b[22m\u001b[2m\u001b[0m\u001b[36mtests/ragEngine.test.js\u001b[39m\u001b[0m\u001b[2m:979:38)\u001b[22m\u001b[2m\u001b[22m\n\n\u001b[1m\u001b[31m  \u001b[1m● \u001b[22m\u001b[1mragEngine schedule overview guard › follow-up question about \"sekolah tertentu\" is answered (no web fallback)\u001b[39m\u001b[22m\n\n    \u001b[2mexpect(\u001b[22m\u001b[31mreceived\u001b[39m\u001b[2m).\u001b[22mtoMatch\u001b[2m(\u001b[22m\u001b[32mexpected\u001b[39m\u001b[2m)\u001b[22m\n\n    Expected pattern: \u001b[32m/Maksud\\s+\"sekolah tertentu\"/i\u001b[39m\n    Received string:  \u001b[31m\"Silakan hubungi PMB untuk informasi detail mengenai daftar sekolah yang berhak mendapatkan potongan atau beasiswa.\u001b[39m\n    \u001b[31mBoleh info asal sekolah dan ranking berapa di kelas, kak? Nanti saya bantu cek masuk kategori yang mana.\u001b[39m\n    \u001b[31mMau saya jelaskan lagi bagian lain?\"\u001b[39m\n\u001b[2m\u001b[22m\n\u001b[2m    \u001b[0m \u001b[90m  998 |\u001b[39m     expect(res \u001b[33m&&\u001b[39m res\u001b[33m.\u001b[39msuccess)\u001b[33m.\u001b[39mtoBe(\u001b[36mtrue\u001b[39m)\u001b[33m;\u001b[39m\u001b[22m\n\u001b[2m     \u001b[90m  999 |\u001b[39m     expect(res\u001b[33m.\u001b[39msource)\u001b[33m.\u001b[39mtoBe(\u001b[32m'rag-scholarship-ranking-rule'\u001b[39m)\u001b[33m;\u001b[39m\u001b[22m\n\u001b[2m    \u001b[31m\u001b[1m>\u001b[22m\u001b[2m\u001b[39m\u001b[90m 1000 |\u001b[39m     expect(\u001b[33mString\u001b[39m(res\u001b[33m.\u001b[39manswer \u001b[33m||\u001b[39m \u001b[32m''\u001b[39m))\u001b[33m.\u001b[39mtoMatch(\u001b[35m/Maksud\\s+\"sekolah tertentu\"/i\u001b[39m)\u001b[33m;\u001b[39m\u001b[22m\n\u001b[2m     \u001b[90m      |\u001b[39m                                      \u001b[31m\u001b[1m^\u001b[22m\u001b[2m\u001b[39m\u001b[22m\n\u001b[2m     \u001b[90m 1001 |\u001b[39m   })\u001b[33m;\u001b[39m\u001b[22m\n\u001b[2m     \u001b[90m 1002 |\u001b[39m\u001b[22m\n\u001b[2m     \u001b[90m 1003 |\u001b[39m   test(\u001b[32m'asking which schools are in the lampiran does not return a misleading short list'\u001b[39m\u001b[33m,\u001b[39m \u001b[36masync\u001b[39m () \u001b[33m=>\u001b[39m {\u001b[0m\u001b[22m\n\u001b[2m\u001b[22m\n\u001b[2m      \u001b[2mat Object.toMatch (\u001b[22m\u001b[2m\u001b[0m\u001b[36mtests/ragEngine.test.js\u001b[39m\u001b[0m\u001b[2m:1000:38)\u001b[22m\u001b[2m\u001b[22m\n\n\u001b[1m\u001b[31m  \u001b[1m● \u001b[22m\u001b[1mragEngine schedule overview guard › asking which schools are in the lampiran does not return a misleading short list\u001b[39m\u001b[22m\n\n    \u001b[2mexpect(\u001b[22m\u001b[31mreceived\u001b[39m\u001b[2m).\u001b[22mtoBe\u001b[2m(\u001b[22m\u001b[32mexpected\u001b[39m\u001b[2m) // Object.is equality\u001b[22m\n\n    Expected: \u001b[32mtrue\u001b[39m\n    Received: \u001b[31mfalse\u001b[39m\n\u001b[2m\u001b[22m\n\u001b[2m    \u001b[0m \u001b[90m 1003 |\u001b[39m   test(\u001b[32m'asking which schools are in the lampiran does not return a misleading short list'\u001b[39m\u001b[33m,\u001b[39m \u001b[36masync\u001b[39m () \u001b[33m=>\u001b[39m {\u001b[22m\n\u001b[2m     \u001b[90m 1004 |\u001b[39m     \u001b[36mconst\u001b[39m res \u001b[33m=\u001b[39m \u001b[36mawait\u001b[39m query(\u001b[32m'sekolah apa saja yang ada di daftar?'\u001b[39m)\u001b[33m;\u001b[39m\u001b[22m\n\u001b[2m    \u001b[31m\u001b[1m>\u001b[22m\u001b[2m\u001b[39m\u001b[90m 1005 |\u001b[39m     expect(res \u001b[33m&&\u001b[39m res\u001b[33m.\u001b[39msuccess)\u001b[33m.\u001b[39mtoBe(\u001b[36mtrue\u001b[39m)\u001b[33m;\u001b[39m\u001b[22m\n\u001b[2m     \u001b[90m      |\u001b[39m                                \u001b[31m\u001b[1m^\u001b[22m\u001b[2m\u001b[39m\u001b[22m\n\u001b[2m     \u001b[90m 1006 |\u001b[39m     expect(res\u001b[33m.\u001b[39msource)\u001b[33m.\u001b[39mtoBe(\u001b[32m'rag-scholarship-ranking-rule'\u001b[39m)\u001b[33m;\u001b[39m\u001b[22m\n\u001b[2m     \u001b[90m 1007 |\u001b[39m     expect(\u001b[33mString\u001b[39m(res\u001b[33m.\u001b[39manswer \u001b[33m||\u001b[39m \u001b[32m''\u001b[39m))\u001b[33m.\u001b[39mtoMatch(\u001b[35m/daftar\\s+sekolah/i\u001b[39m)\u001b[33m;\u001b[39m\u001b[22m\n\u001b[2m     \u001b[90m 1008 |\u001b[39m     expect(\u001b[33mString\u001b[39m(res\u001b[33m.\u001b[39manswer \u001b[33m||\u001b[39m \u001b[32m''\u001b[39m))\u001b[33m.\u001b[39mtoMatch(\u001b[35m/cukup\\s+panjang/i\u001b[39m)\u001b[33m;\u001b[39m\u001b[0m\u001b[22m\n\u001b[2m\u001b[22m\n\u001b[2m      \u001b[2mat Object.toBe (\u001b[22m\u001b[2m\u001b[0m\u001b[36mtests/ragEngine.test.js\u001b[39m\u001b[0m\u001b[2m:1005:32)\u001b[22m\u001b[2m\u001b[22m\n\n\u001b[1m\u001b[31m  \u001b[1m● \u001b[22m\u001b[1mragEngine schedule overview guard › short reply \"ranking\" returns ranking scholarship explanation (not generic fallback)\u001b[39m\u001b[22m\n\n    \u001b[2mexpect(\u001b[22m\u001b[31mreceived\u001b[39m\u001b[2m).\u001b[22mtoMatch\u001b[2m(\u001b[22m\u001b[32mexpected\u001b[39m\u001b[2m)\u001b[22m\n\n    Expected pattern: \u001b[32m/potongan\\s+dpp/i\u001b[39m\n    Received string:  \u001b[31m\"Ada program beasiswa untuk calon mahasiswa baru yang memiliki ranking di kelas (kelas XII semester 1 atau 2).\u001b[39m\n    \u001b[31mBoleh info asal sekolah dan ranking berapa di kelas, kak? Nanti saya bantu cek masuk kategori yang mana.\u001b[39m\n    \u001b[31mPerlu saya cek opsi beasiswa atau potongan biaya yang relevan?\"\u001b[39m\n\u001b[2m\u001b[22m\n\u001b[2m    \u001b[0m \u001b[90m 1026 |\u001b[39m     expect(res\u001b[33m.\u001b[39msource)\u001b[33m.\u001b[39mtoBe(\u001b[32m'rag-scholarship-ranking-rule'\u001b[39m)\u001b[33m;\u001b[39m\u001b[22m\n\u001b[2m     \u001b[90m 1027 |\u001b[39m     expect(\u001b[33mString\u001b[39m(res\u001b[33m.\u001b[39manswer \u001b[33m||\u001b[39m \u001b[32m''\u001b[39m))\u001b[33m.\u001b[39mtoMatch(\u001b[35m/ranking\\s+di\\s+kelas/i\u001b[39m)\u001b[33m;\u001b[39m\u001b[22m\n\u001b[2m    \u001b[31m\u001b[1m>\u001b[22m\u001b[2m\u001b[39m\u001b[90m 1028 |\u001b[39m     expect(\u001b[33mString\u001b[39m(res\u001b[33m.\u001b[39manswer \u001b[33m||\u001b[39m \u001b[32m''\u001b[39m))\u001b[33m.\u001b[39mtoMatch(\u001b[35m/potongan\\s+dpp/i\u001b[39m)\u001b[33m;\u001b[39m\u001b[22m\n\u001b[2m     \u001b[90m      |\u001b[39m                                      \u001b[31m\u001b[1m^\u001b[22m\u001b[2m\u001b[39m\u001b[22m\n\u001b[2m     \u001b[90m 1029 |\u001b[39m   })\u001b[33m;\u001b[39m\u001b[22m\n\u001b[2m     \u001b[90m 1030 |\u001b[39m\u001b[22m\n\u001b[2m     \u001b[90m 1031 |\u001b[39m   test(\u001b[32m'DNUI follow-up \"rangkum biaya lainnya\" returns main fee components (no semester-5 drift)'\u001b[39m\u001b[33m,\u001b[39m \u001b[36masync\u001b[39m () \u001b[33m=>\u001b[39m {\u001b[0m\u001b[22m\n\u001b[2m\u001b[22m\n\u001b[2m      \u001b[2mat Object.toMatch (\u001b[22m\u001b[2m\u001b[0m\u001b[36mtests/ragEngine.test.js\u001b[39m\u001b[0m\u001b[2m:1028:38)\u001b[22m\u001b[2m\u001b[22m\n\n\u001b[1m\u001b[31m  \u001b[1m● \u001b[22m\u001b[1mragEngine schedule overview guard › UTB fee breakdown works even for short query\u001b[39m\u001b[22m\n\n    \u001b[2mexpect(\u001b[22m\u001b[31mreceived\u001b[39m\u001b[2m).\u001b[22mtoBe\u001b[2m(\u001b[22m\u001b[32mexpected\u001b[39m\u001b[2m) // Object.is equality\u001b[22m\n\n    Expected: \u001b[32m\"rag-fee-\u001b[7mbreakdown\u001b[27m\"\u001b[39m\n    Received: \u001b[31m\"rag-fee-\u001b[7mstructured\u001b[27m\"\u001b[39m\n\u001b[2m\u001b[22m\n\u001b[2m    \u001b[0m \u001b[90m 1051 |\u001b[39m     \u001b[36mconst\u001b[39m res \u001b[33m=\u001b[39m \u001b[36mawait\u001b[39m query(\u001b[32m'rincian biaya utb'\u001b[39m)\u001b[33m;\u001b[39m\u001b[22m\n\u001b[2m     \u001b[90m 1052 |\u001b[39m     expect(res \u001b[33m&&\u001b[39m res\u001b[33m.\u001b[39msuccess)\u001b[33m.\u001b[39mtoBe(\u001b[36mtrue\u001b[39m)\u001b[33m;\u001b[39m\u001b[22m\n\u001b[2m    \u001b[31m\u001b[1m>\u001b[22m\u001b[2m\u001b[39m\u001b[90m 1053 |\u001b[39m     expect(res\u001b[33m.\u001b[39msource)\u001b[33m.\u001b[39mtoBe(\u001b[32m'rag-fee-breakdown'\u001b[39m)\u001b[33m;\u001b[39m\u001b[22m\n\u001b[2m     \u001b[90m      |\u001b[39m                        \u001b[31m\u001b[1m^\u001b[22m\u001b[2m\u001b[39m\u001b[22m\n\u001b[2m     \u001b[90m 1054 |\u001b[39m     \u001b[36mconst\u001b[39m answer \u001b[33m=\u001b[39m \u001b[33mString\u001b[39m(res\u001b[33m.\u001b[39manswer \u001b[33m||\u001b[39m \u001b[32m''\u001b[39m)\u001b[33m;\u001b[39m\u001b[22m\n\u001b[2m     \u001b[90m 1055 |\u001b[39m     expect(answer)\u001b[33m.\u001b[39mtoMatch(\u001b[35m/UTB/i\u001b[39m)\u001b[33m;\u001b[39m\u001b[22m\n\u001b[2m     \u001b[90m 1056 |\u001b[39m     expect(answer)\u001b[33m.\u001b[39mtoMatch(\u001b[35m/Dana\\s+Pendidikan\\s+Pokok/i\u001b[39m)\u001b[33m;\u001b[39m\u001b[0m\u001b[22m\n\u001b[2m\u001b[22m\n\u001b[2m      \u001b[2mat Object.toBe (\u001b[22m\u001b[2m\u001b[0m\u001b[36mtests/ragEngine.test.js\u001b[39m\u001b[0m\u001b[2m:1053:24)\u001b[22m\u001b[2m\u001b[22m\n\n\u001b[1m\u001b[31m  \u001b[1m● \u001b[22m\u001b[1mragEngine schedule overview guard › follow-up asking HELP after DNUI returns HELP breakdown (not DNUI)\u001b[39m\u001b[22m\n\n    \u001b[2mexpect(\u001b[22m\u001b[31mreceived\u001b[39m\u001b[2m).\u001b[22mtoBe\u001b[2m(\u001b[22m\u001b[32mexpected\u001b[39m\u001b[2m) // Object.is equality\u001b[22m\n\n    Expected: \u001b[32m1\u001b[39m\n    Received: \u001b[31m2\u001b[39m\n\u001b[2m\u001b[22m\n\u001b[2m    \u001b[0m \u001b[90m 1078 |\u001b[39m     \u001b[90m// Avoid duplicated \"Pendaftaran\" bullets.\u001b[39m\u001b[22m\n\u001b[2m     \u001b[90m 1079 |\u001b[39m     \u001b[36mconst\u001b[39m pCount \u001b[33m=\u001b[39m (answer\u001b[33m.\u001b[39mmatch(\u001b[35m/-\\s*Pendaftaran\\s*:/gi\u001b[39m) \u001b[33m||\u001b[39m [])\u001b[33m.\u001b[39mlength\u001b[33m;\u001b[39m\u001b[22m\n\u001b[2m    \u001b[31m\u001b[1m>\u001b[22m\u001b[2m\u001b[39m\u001b[90m 1080 |\u001b[39m     expect(pCount)\u001b[33m.\u001b[39mtoBe(\u001b[35m1\u001b[39m)\u001b[33m;\u001b[39m\u001b[22m\n\u001b[2m     \u001b[90m      |\u001b[39m                    \u001b[31m\u001b[1m^\u001b[22m\u001b[2m\u001b[39m\u001b[22m\n\u001b[2m     \u001b[90m 1081 |\u001b[39m   })\u001b[33m;\u001b[39m\u001b[22m\n\u001b[2m     \u001b[90m 1082 |\u001b[39m })\u001b[33m;\u001b[39m\u001b[22m\n\u001b[2m     \u001b[90m 1083 |\u001b[39m\u001b[0m\u001b[22m\n\u001b[2m\u001b[22m\n\u001b[2m      \u001b[2mat Object.toBe (\u001b[22m\u001b[2m\u001b[0m\u001b[36mtests/ragEngine.test.js\u001b[39m\u001b[0m\u001b[2m:1080:20)\u001b[22m\u001b[2m\u001b[22m\n","name":"C:\\Users\\TSC-AKA\\Videos\\MARKETING\\BOTAI\\system_wa\\tests\\ragEngine.test.js","startTime":1783264410342,"status":"failed","summary":""}],"wasInterrupted":false}
