{"numFailedTestSuites":0,"numFailedTests":0,"numPassedTestSuites":1,"numPassedTests":2,"numPendingTestSuites":0,"numPendingTests":0,"numRuntimeErrorTestSuites":0,"numTodoTests":0,"numTotalTestSuites":1,"numTotalTests":2,"openHandles":[],"snapshot":{"added":0,"didUpdate":false,"failure":false,"filesAdded":0,"filesRemoved":0,"filesRemovedList":[],"filesUnmatched":0,"filesUpdated":0,"matched":0,"total":0,"unchecked":0,"uncheckedKeysByFile":[],"unmatched":0,"updated":0},"startTime":1781947887529,"success":true,"testResults":[{"assertionResults":[{"ancestorTitles":["Composer reasoning bundle"],"duration":4,"failureDetails":[],"failureMessages":[],"fullName":"Composer reasoning bundle buildReasoningContext includes sessionSignals and ragMeta when provided","invocations":1,"location":null,"numPassingAsserts":5,"retryReasons":[],"status":"passed","title":"buildReasoningContext includes sessionSignals and ragMeta when provided"},{"ancestorTitles":["Composer reasoning bundle"],"duration":5,"failureDetails":[],"failureMessages":[],"fullName":"Composer reasoning bundle composeResponse uses frameGenerator and returns meta.strategy","invocations":1,"location":null,"numPassingAsserts":9,"retryReasons":[],"status":"passed","title":"composeResponse uses frameGenerator and returns meta.strategy"}],"endTime":1781947888559,"message":"","name":"C:\\Users\\TSC-AKA\\Videos\\MARKETING\\BOTAI\\system_wa\\tests\\composer.reasoning.test.js","startTime":1781947887708,"status":"passed","summary":""}],"wasInterrupted":false}
