{"numFailedTestSuites":1,"numFailedTests":39,"numPassedTestSuites":0,"numPassedTests":108,"numPendingTestSuites":0,"numPendingTests":0,"numRuntimeErrorTestSuites":0,"numTodoTests":0,"numTotalTestSuites":1,"numTotalTests":147,"openHandles":[],"snapshot":{"added":0,"didUpdate":false,"failure":false,"filesAdded":0,"filesRemoved":0,"filesRemovedList":[],"filesUnmatched":0,"filesUpdated":0,"matched":0,"total":0,"unchecked":0,"uncheckedKeysByFile":[],"unmatched":0,"updated":0},"startTime":1779324094993,"success":false,"testResults":[{"assertionResults":[{"ancestorTitles":["Provider webhook"],"duration":869,"failureDetails":[{"matcherResult":{"actual":"Mengenai {\"normalized\": \"Halo\", \"tokens\": [\"Halo\"], \"programHint\": null},\nINTRO_TIKO\nKalau mau, saya bantu lagi.","expected":"INTRO_TIKO","message":"\u001b[2mexpect(\u001b[22m\u001b[31mreceived\u001b[39m\u001b[2m).\u001b[22mtoBe\u001b[2m(\u001b[22m\u001b[32mexpected\u001b[39m\u001b[2m) // Object.is equality\u001b[22m\n\n\u001b[32m- Expected  - 0\u001b[39m\n\u001b[31m+ Received  + 2\u001b[39m\n\n\u001b[31m+ Mengenai {\"normalized\": \"Halo\", \"tokens\": [\"Halo\"], \"programHint\": null},\u001b[39m\n\u001b[2m  INTRO_TIKO\u001b[22m\n\u001b[31m+ Kalau mau, saya bantu lagi.\u001b[39m","name":"toBe","pass":false}}],"failureMessages":["Error: \u001b[2mexpect(\u001b[22m\u001b[31mreceived\u001b[39m\u001b[2m).\u001b[22mtoBe\u001b[2m(\u001b[22m\u001b[32mexpected\u001b[39m\u001b[2m) // Object.is equality\u001b[22m\n\n\u001b[32m- Expected  - 0\u001b[39m\n\u001b[31m+ Received  + 2\u001b[39m\n\n\u001b[31m+ Mengenai {\"normalized\": \"Halo\", \"tokens\": [\"Halo\"], \"programHint\": null},\u001b[39m\n\u001b[2m  INTRO_TIKO\u001b[22m\n\u001b[31m+ Kalau mau, saya bantu lagi.\u001b[39m\n    at Object.toBe (C:\\Users\\TSC-AKA\\Videos\\MARKETING\\BOTAI\\system_wa\\tests\\providerWebhook.test.js:143:51)\n    at processTicksAndRejections (node:internal/process/task_queues:105:5)"],"fullName":"Provider webhook with BOT_INTRO_MESSAGE enabled: greeting-only sends intro first, then welcome","invocations":1,"location":null,"numPassingAsserts":5,"retryReasons":[],"status":"failed","title":"with BOT_INTRO_MESSAGE enabled: greeting-only sends intro first, then welcome"},{"ancestorTitles":["Provider webhook"],"duration":222,"failureDetails":[{}],"failureMessages":["Error: \u001b[2mexpect(\u001b[22m\u001b[31mreceived\u001b[39m\u001b[2m).\u001b[22mtoMatchObject\u001b[2m(\u001b[22m\u001b[32mexpected\u001b[39m\u001b[2m)\u001b[22m\n\n\u001b[1mMatcher error\u001b[22m: \u001b[31mreceived\u001b[39m value must be a non-null object\n\nReceived has value: \u001b[31mundefined\u001b[39m\n    at Object.toMatchObject (C:\\Users\\TSC-AKA\\Videos\\MARKETING\\BOTAI\\system_wa\\tests\\providerWebhook.test.js:180:46)\n    at processTicksAndRejections (node:internal/process/task_queues:105:5)"],"fullName":"Provider webhook intro reply persists composer telemetry and is sent through outbound.reply","invocations":1,"location":null,"numPassingAsserts":2,"retryReasons":[],"status":"failed","title":"intro reply persists composer telemetry and is sent through outbound.reply"},{"ancestorTitles":["Provider webhook"],"duration":202,"failureDetails":[],"failureMessages":[],"fullName":"Provider webhook with BOT_INTRO_MESSAGE enabled: intro is not re-sent within threshold when already sent","invocations":1,"location":null,"numPassingAsserts":5,"retryReasons":[],"status":"passed","title":"with BOT_INTRO_MESSAGE enabled: intro is not re-sent within threshold when already sent"},{"ancestorTitles":["Provider webhook"],"duration":543,"failureDetails":[],"failureMessages":[],"fullName":"Provider webhook short follow-ups reuse TI context and set contextReused telemetry","invocations":1,"location":null,"numPassingAsserts":13,"retryReasons":[],"status":"passed","title":"short follow-ups reuse TI context and set contextReused telemetry"},{"ancestorTitles":["Provider webhook"],"duration":288,"failureDetails":[{"matcherResult":{"message":"\u001b[2mexpect(\u001b[22m\u001b[31mreceived\u001b[39m\u001b[2m).\u001b[22mtoContain\u001b[2m(\u001b[22m\u001b[32mexpected\u001b[39m\u001b[2m) // indexOf\u001b[22m\n\nExpected substring: \u001b[32m\"admin\"\u001b[39m\nReceived string:    \u001b[31m\"mengenai {\\\"normalized\\\": \\\"berapa biaya pendaftaran prodi sistem informasi\\\", \\\"tokens\\\": [\\\"berapa\\\", \\\"biaya\\\", \\\"pendaftaran\\\", \\\"prodi\\\", \\\"sistem\\\", \\\"informasi\\\"], \\\"programhint\\\": null}, maaf kak, sistem kami sedang kendala sehingga pesan tadi belum te\"\u001b[39m","pass":false}}],"failureMessages":["Error: \u001b[2mexpect(\u001b[22m\u001b[31mreceived\u001b[39m\u001b[2m).\u001b[22mtoContain\u001b[2m(\u001b[22m\u001b[32mexpected\u001b[39m\u001b[2m) // indexOf\u001b[22m\n\nExpected substring: \u001b[32m\"admin\"\u001b[39m\nReceived string:    \u001b[31m\"mengenai {\\\"normalized\\\": \\\"berapa biaya pendaftaran prodi sistem informasi\\\", \\\"tokens\\\": [\\\"berapa\\\", \\\"biaya\\\", \\\"pendaftaran\\\", \\\"prodi\\\", \\\"sistem\\\", \\\"informasi\\\"], \\\"programhint\\\": null}, maaf kak, sistem kami sedang kendala sehingga pesan tadi belum te\"\u001b[39m\n    at Object.toContain (C:\\Users\\TSC-AKA\\Videos\\MARKETING\\BOTAI\\system_wa\\tests\\providerWebhook.test.js:292:36)\n    at processTicksAndRejections (node:internal/process/task_queues:105:5)"],"fullName":"Provider webhook unhandled errors are caught and bot replies with a safe apology (not silent)","invocations":1,"location":null,"numPassingAsserts":4,"retryReasons":[],"status":"failed","title":"unhandled errors are caught and bot replies with a safe apology (not silent)"},{"ancestorTitles":["Provider webhook"],"duration":199,"failureDetails":[{"matcherResult":{"message":"\u001b[2mexpect(\u001b[22m\u001b[31mreceived\u001b[39m\u001b[2m).\u001b[22mtoMatch\u001b[2m(\u001b[22m\u001b[32mexpected\u001b[39m\u001b[2m)\u001b[22m\n\nExpected pattern: \u001b[32m/ranah\\s*:\\s*Akademik/i\u001b[39m\nReceived string:  \u001b[31m\"Mengenai {\\\"normalized\\\": \\\"Bagaimana cara KRS? Mau saya jelaskan lagi?\"\u001b[39m","pass":false}}],"failureMessages":["Error: \u001b[2mexpect(\u001b[22m\u001b[31mreceived\u001b[39m\u001b[2m).\u001b[22mtoMatch\u001b[2m(\u001b[22m\u001b[32mexpected\u001b[39m\u001b[2m)\u001b[22m\n\nExpected pattern: \u001b[32m/ranah\\s*:\\s*Akademik/i\u001b[39m\nReceived string:  \u001b[31m\"Mengenai {\\\"normalized\\\": \\\"Bagaimana cara KRS? Mau saya jelaskan lagi?\"\u001b[39m\n    at Object.toMatch (C:\\Users\\TSC-AKA\\Videos\\MARKETING\\BOTAI\\system_wa\\tests\\providerWebhook.test.js:308:23)\n    at processTicksAndRejections (node:internal/process/task_queues:105:5)"],"fullName":"Provider webhook non-marketing question offers the inferred department contact; declining shows menu and option 5 returns dummy contacts","invocations":1,"location":null,"numPassingAsserts":2,"retryReasons":[],"status":"failed","title":"non-marketing question offers the inferred department contact; declining shows menu and option 5 returns dummy contacts"},{"ancestorTitles":["Provider webhook"],"duration":219,"failureDetails":[{"matcherResult":{"actual":"fallback","expected":"non_marketing_dept_contact","message":"\u001b[2mexpect(\u001b[22m\u001b[31mreceived\u001b[39m\u001b[2m).\u001b[22mtoBe\u001b[2m(\u001b[22m\u001b[32mexpected\u001b[39m\u001b[2m) // Object.is equality\u001b[22m\n\nExpected: \u001b[32m\"\u001b[7mnon_marketing_dept_cont\u001b[27mac\u001b[7mt\u001b[27m\"\u001b[39m\nReceived: \u001b[31m\"\u001b[7mfallb\u001b[27mac\u001b[7mk\u001b[27m\"\u001b[39m","name":"toBe","pass":false}}],"failureMessages":["Error: \u001b[2mexpect(\u001b[22m\u001b[31mreceived\u001b[39m\u001b[2m).\u001b[22mtoBe\u001b[2m(\u001b[22m\u001b[32mexpected\u001b[39m\u001b[2m) // Object.is equality\u001b[22m\n\nExpected: \u001b[32m\"\u001b[7mnon_marketing_dept_cont\u001b[27mac\u001b[7mt\u001b[27m\"\u001b[39m\nReceived: \u001b[31m\"\u001b[7mfallb\u001b[27mac\u001b[7mk\u001b[27m\"\u001b[39m\n    at Object.toBe (C:\\Users\\TSC-AKA\\Videos\\MARKETING\\BOTAI\\system_wa\\tests\\providerWebhook.test.js:376:30)\n    at processTicksAndRejections (node:internal/process/task_queues:105:5)"],"fullName":"Provider webhook non-marketing dept offer: replying YA returns the specific department contact","invocations":1,"location":null,"numPassingAsserts":3,"retryReasons":[],"status":"failed","title":"non-marketing dept offer: replying YA returns the specific department contact"},{"ancestorTitles":["Provider webhook"],"duration":186,"failureDetails":[],"failureMessages":[],"fullName":"Provider webhook study-mode question (online/offline/hybrid) is answered directly","invocations":1,"location":null,"numPassingAsserts":5,"retryReasons":[],"status":"passed","title":"study-mode question (online/offline/hybrid) is answered directly"},{"ancestorTitles":["Provider webhook"],"duration":187,"failureDetails":[],"failureMessages":[],"fullName":"Provider webhook permission-to-ask question is answered with \"Boleh\" and a prompt to ask","invocations":1,"location":null,"numPassingAsserts":6,"retryReasons":[],"status":"passed","title":"permission-to-ask question is answered with \"Boleh\" and a prompt to ask"},{"ancestorTitles":["Provider webhook"],"duration":190,"failureDetails":[],"failureMessages":[],"fullName":"Provider webhook permission-to-ask phrasing \"Apakah saya boleh ...\" is handled (no AI error copy)","invocations":1,"location":null,"numPassingAsserts":5,"retryReasons":[],"status":"passed","title":"permission-to-ask phrasing \"Apakah saya boleh ...\" is handled (no AI error copy)"},{"ancestorTitles":["Provider webhook"],"duration":203,"failureDetails":[],"failureMessages":[],"fullName":"Provider webhook DKV availability question is answered (mentions UTB collaboration)","invocations":1,"location":null,"numPassingAsserts":5,"retryReasons":[],"status":"passed","title":"DKV availability question is answered (mentions UTB collaboration)"},{"ancestorTitles":["Provider webhook"],"duration":211,"failureDetails":[{"matcherResult":{"message":"\u001b[2mexpect(\u001b[22m\u001b[31mreceived\u001b[39m\u001b[2m).\u001b[22mtoMatch\u001b[2m(\u001b[22m\u001b[32mexpected\u001b[39m\u001b[2m)\u001b[22m\n\nExpected pattern: \u001b[32m/tulis|tuliskan|spesifik/\u001b[39m\nReceived string:  \u001b[31m\"mengenai {\\\"normalized\\\": \\\"pertanyaan yang tidak ada jawabannya\\\", \\\"tokens\\\": [\\\"pertanyaan\\\", \\\"yang\\\", \\\"tidak\\\", \\\"ada\\\", \\\"jawabannya\\\"], \\\"programhint\\\": null}, berikut ringkasan biaya untuk (contoh: sistem informasi): total biaya awal masuk belum ter\"\u001b[39m","pass":false}}],"failureMessages":["Error: \u001b[2mexpect(\u001b[22m\u001b[31mreceived\u001b[39m\u001b[2m).\u001b[22mtoMatch\u001b[2m(\u001b[22m\u001b[32mexpected\u001b[39m\u001b[2m)\u001b[22m\n\nExpected pattern: \u001b[32m/tulis|tuliskan|spesifik/\u001b[39m\nReceived string:  \u001b[31m\"mengenai {\\\"normalized\\\": \\\"pertanyaan yang tidak ada jawabannya\\\", \\\"tokens\\\": [\\\"pertanyaan\\\", \\\"yang\\\", \\\"tidak\\\", \\\"ada\\\", \\\"jawabannya\\\"], \\\"programhint\\\": null}, berikut ringkasan biaya untuk (contoh: sistem informasi): total biaya awal masuk belum ter\"\u001b[39m\n    at Object.toMatch (C:\\Users\\TSC-AKA\\Videos\\MARKETING\\BOTAI\\system_wa\\tests\\providerWebhook.test.js:463:22)\n    at processTicksAndRejections (node:internal/process/task_queues:105:5)"],"fullName":"Provider webhook when RAG has no answer (training exists), fallback asks user to repeat/rephrase","invocations":1,"location":null,"numPassingAsserts":3,"retryReasons":[],"status":"failed","title":"when RAG has no answer (training exists), fallback asks user to repeat/rephrase"},{"ancestorTitles":["Provider webhook"],"duration":202,"failureDetails":[],"failureMessages":[],"fullName":"Provider webhook outbound image marker ([[image:...]]) triggers sendImage + sends remaining text","invocations":1,"location":null,"numPassingAsserts":6,"retryReasons":[],"status":"passed","title":"outbound image marker ([[image:...]]) triggers sendImage + sends remaining text"},{"ancestorTitles":["Provider webhook"],"duration":188,"failureDetails":[],"failureMessages":[],"fullName":"Provider webhook RAG context image marker auto-attaches and triggers sendImage","invocations":1,"location":null,"numPassingAsserts":6,"retryReasons":[],"status":"passed","title":"RAG context image marker auto-attaches and triggers sendImage"},{"ancestorTitles":["Provider webhook"],"duration":175,"failureDetails":[],"failureMessages":[],"fullName":"Provider webhook bare image URL triggers sendImage + removes url from text","invocations":1,"location":null,"numPassingAsserts":6,"retryReasons":[],"status":"passed","title":"bare image URL triggers sendImage + removes url from text"},{"ancestorTitles":["Provider webhook"],"duration":215,"failureDetails":[],"failureMessages":[],"fullName":"Provider webhook tuition fee question without prodi -> asks program/dual degree, then answers after program pick","invocations":1,"location":null,"numPassingAsserts":26,"retryReasons":[],"status":"passed","title":"tuition fee question without prodi -> asks program/dual degree, then answers after program pick"},{"ancestorTitles":["Provider webhook"],"duration":526,"failureDetails":[],"failureMessages":[],"fullName":"Provider webhook fee breakdown question with HELP code is treated as Dual Degree (not non-marketing)","invocations":1,"location":null,"numPassingAsserts":13,"retryReasons":[],"status":"passed","title":"fee breakdown question with HELP code is treated as Dual Degree (not non-marketing)"},{"ancestorTitles":["Provider webhook"],"duration":490,"failureDetails":[],"failureMessages":[],"fullName":"Provider webhook HELP partner code in a per-semester fee question is recognized directly","invocations":1,"location":null,"numPassingAsserts":9,"retryReasons":[],"status":"passed","title":"HELP partner code in a per-semester fee question is recognized directly"},{"ancestorTitles":["Provider webhook"],"duration":484,"failureDetails":[],"failureMessages":[],"fullName":"Provider webhook HELP per-semester fee answer uses the correct HELP fee label","invocations":1,"location":null,"numPassingAsserts":10,"retryReasons":[],"status":"passed","title":"HELP per-semester fee answer uses the correct HELP fee label"},{"ancestorTitles":["Provider webhook"],"duration":531,"failureDetails":[],"failureMessages":[],"fullName":"Provider webhook explicit \"HELP\" fee breakdown does not fall back to previous S1 prodi (session lastProgramHint)","invocations":1,"location":null,"numPassingAsserts":9,"retryReasons":[],"status":"passed","title":"explicit \"HELP\" fee breakdown does not fall back to previous S1 prodi (session lastProgramHint)"},{"ancestorTitles":["Provider webhook"],"duration":188,"failureDetails":[],"failureMessages":[],"fullName":"Provider webhook tuition fee prompt -> picking HELP triggers RAG anchored to Dual Degree HELP University","invocations":1,"location":null,"numPassingAsserts":9,"retryReasons":[],"status":"passed","title":"tuition fee prompt -> picking HELP triggers RAG anchored to Dual Degree HELP University"},{"ancestorTitles":["Provider webhook"],"duration":473,"failureDetails":[],"failureMessages":[],"fullName":"Provider webhook fee breakdown question (\"rincian biaya kuliah\") without prodi -> asks program, then after pick returns full breakdown (fast)","invocations":1,"location":null,"numPassingAsserts":15,"retryReasons":[],"status":"passed","title":"fee breakdown question (\"rincian biaya kuliah\") without prodi -> asks program, then after pick returns full breakdown (fast)"},{"ancestorTitles":["Provider webhook"],"duration":500,"failureDetails":[],"failureMessages":[],"fullName":"Provider webhook UKT answer offers full breakdown; replying YA returns the breakdown deterministically","invocations":1,"location":null,"numPassingAsserts":14,"retryReasons":[],"status":"passed","title":"UKT answer offers full breakdown; replying YA returns the breakdown deterministically"},{"ancestorTitles":["Provider webhook"],"duration":205,"failureDetails":[],"failureMessages":[],"fullName":"Provider webhook tuition fee program pick is not hijacked by active registrationFlow (session carryover)","invocations":1,"location":null,"numPassingAsserts":11,"retryReasons":[],"status":"passed","title":"tuition fee program pick is not hijacked by active registrationFlow (session carryover)"},{"ancestorTitles":["Provider webhook"],"duration":185,"failureDetails":[],"failureMessages":[],"fullName":"Provider webhook tuition fee/UKT question without prodi asks program again even if lastProgramHint exists (no direct answer)","invocations":1,"location":null,"numPassingAsserts":9,"retryReasons":[],"status":"passed","title":"tuition fee/UKT question without prodi asks program again even if lastProgramHint exists (no direct answer)"},{"ancestorTitles":["Provider webhook"],"duration":176,"failureDetails":[],"failureMessages":[],"fullName":"Provider webhook registrationFlow(done): UKT question without prodi still asks program (no auto-answer from stored prodi)","invocations":1,"location":null,"numPassingAsserts":9,"retryReasons":[],"status":"passed","title":"registrationFlow(done): UKT question without prodi still asks program (no auto-answer from stored prodi)"},{"ancestorTitles":["Provider webhook"],"duration":924,"failureDetails":[{"matcherResult":{"message":"\u001b[2mexpect(\u001b[22m\u001b[31mreceived\u001b[39m\u001b[2m).\u001b[22mtoMatch\u001b[2m(\u001b[22m\u001b[32mexpected\u001b[39m\u001b[2m)\u001b[22m\n\nExpected pattern: \u001b[32m/KTP/i\u001b[39m\nReceived string:  \u001b[31m\"Mengenai {\\\"normalized\\\": \\\"syarat dan dokumen\\\", \\\"tokens\\\": [\\\"syarat\\\", \\\"dan\\\", \\\"dokumen\\\"], \\\"programHint\\\": null}, Berikut ringkasan biaya untuk Sistem Komputer: Total biaya awal masuk belum tersedia.\"\u001b[39m","pass":false}}],"failureMessages":["Error: \u001b[2mexpect(\u001b[22m\u001b[31mreceived\u001b[39m\u001b[2m).\u001b[22mtoMatch\u001b[2m(\u001b[22m\u001b[32mexpected\u001b[39m\u001b[2m)\u001b[22m\n\nExpected pattern: \u001b[32m/KTP/i\u001b[39m\nReceived string:  \u001b[31m\"Mengenai {\\\"normalized\\\": \\\"syarat dan dokumen\\\", \\\"tokens\\\": [\\\"syarat\\\", \\\"dan\\\", \\\"dokumen\\\"], \\\"programHint\\\": null}, Berikut ringkasan biaya untuk Sistem Komputer: Total biaya awal masuk belum tersedia.\"\u001b[39m\n    at Object.toMatch (C:\\Users\\TSC-AKA\\Videos\\MARKETING\\BOTAI\\system_wa\\tests\\providerWebhook.test.js:1055:22)\n    at processTicksAndRejections (node:internal/process/task_queues:105:5)"],"fullName":"Provider webhook program-pick menu: reply \"syarat dan dokumen\" after program_pick_prompt is handled deterministically (no fallback)","invocations":1,"location":null,"numPassingAsserts":14,"retryReasons":[],"status":"failed","title":"program-pick menu: reply \"syarat dan dokumen\" after program_pick_prompt is handled deterministically (no fallback)"},{"ancestorTitles":["Provider webhook"],"duration":415,"failureDetails":[],"failureMessages":[],"fullName":"Provider webhook faculty question: if RAG says \"not in data\", route uses website excerpt fallback when enabled","invocations":1,"location":null,"numPassingAsserts":6,"retryReasons":[],"status":"passed","title":"faculty question: if RAG says \"not in data\", route uses website excerpt fallback when enabled"},{"ancestorTitles":["Provider webhook"],"duration":359,"failureDetails":[],"failureMessages":[],"fullName":"Provider webhook location question: answered deterministically from bundled index (fast, no slow web/OpenAI dependency)","invocations":1,"location":null,"numPassingAsserts":7,"retryReasons":[],"status":"passed","title":"location question: answered deterministically from bundled index (fast, no slow web/OpenAI dependency)"},{"ancestorTitles":["Provider webhook"],"duration":342,"failureDetails":[],"failureMessages":[],"fullName":"Provider webhook dual degree location question: answers with STIKOM + partner campuses (no mojibake)","invocations":1,"location":null,"numPassingAsserts":11,"retryReasons":[],"status":"passed","title":"dual degree location question: answers with STIKOM + partner campuses (no mojibake)"},{"ancestorTitles":["Provider webhook"],"duration":382,"failureDetails":[],"failureMessages":[],"fullName":"Provider webhook PMB submenu numeric reply works even if last bot menu text is missing (pendingPmbMenu)","invocations":1,"location":null,"numPassingAsserts":3,"retryReasons":[],"status":"passed","title":"PMB submenu numeric reply works even if last bot menu text is missing (pendingPmbMenu)"},{"ancestorTitles":["Provider webhook"],"duration":351,"failureDetails":[],"failureMessages":[],"fullName":"Provider webhook PMB submenu numeric reply works when last bot message contains Menu PMB","invocations":1,"location":null,"numPassingAsserts":3,"retryReasons":[],"status":"passed","title":"PMB submenu numeric reply works when last bot message contains Menu PMB"},{"ancestorTitles":["Provider webhook"],"duration":184,"failureDetails":[{"matcherResult":{"message":"\u001b[2mexpect(\u001b[22m\u001b[31mreceived\u001b[39m\u001b[2m).\u001b[22mtoContain\u001b[2m(\u001b[22m\u001b[32mexpected\u001b[39m\u001b[2m) // indexOf\u001b[22m\n\nExpected substring: \u001b[32m\"PROMO_REPLY\"\u001b[39m\nReceived string:    \u001b[31m\"Mengenai {\\\"normalized\\\": \\\"Promo bulan ini apa ya? Mau saya jelaskan lagi?\"\u001b[39m","pass":false}}],"failureMessages":["Error: \u001b[2mexpect(\u001b[22m\u001b[31mreceived\u001b[39m\u001b[2m).\u001b[22mtoContain\u001b[2m(\u001b[22m\u001b[32mexpected\u001b[39m\u001b[2m) // indexOf\u001b[22m\n\nExpected substring: \u001b[32m\"PROMO_REPLY\"\u001b[39m\nReceived string:    \u001b[31m\"Mengenai {\\\"normalized\\\": \\\"Promo bulan ini apa ya? Mau saya jelaskan lagi?\"\u001b[39m\n    at Object.toContain (C:\\Users\\TSC-AKA\\Videos\\MARKETING\\BOTAI\\system_wa\\tests\\providerWebhook.test.js:1226:22)\n    at processTicksAndRejections (node:internal/process/task_queues:105:5)"],"fullName":"Provider webhook keyword rules short-circuit before RAG (starts_with match)","invocations":1,"location":null,"numPassingAsserts":2,"retryReasons":[],"status":"failed","title":"keyword rules short-circuit before RAG (starts_with match)"},{"ancestorTitles":["Provider webhook"],"duration":447,"failureDetails":[],"failureMessages":[],"fullName":"Provider webhook first non-greeting message: sends welcome first, then main reply (2 separate messages)","invocations":1,"location":null,"numPassingAsserts":4,"retryReasons":[],"status":"passed","title":"first non-greeting message: sends welcome first, then main reply (2 separate messages)"},{"ancestorTitles":["Provider webhook"],"duration":546,"failureDetails":[],"failureMessages":[],"fullName":"Provider webhook program code in cost question uses fast fee path (\"biaya pendaftaran si\" => Sistem Informasi)","invocations":1,"location":null,"numPassingAsserts":5,"retryReasons":[],"status":"passed","title":"program code in cost question uses fast fee path (\"biaya pendaftaran si\" => Sistem Informasi)"},{"ancestorTitles":["Provider webhook"],"duration":965,"failureDetails":[{"matcherResult":{"message":"\u001b[2mexpect(\u001b[22m\u001b[31mreceived\u001b[39m\u001b[2m).\u001b[22mtoMatch\u001b[2m(\u001b[22m\u001b[32mexpected\u001b[39m\u001b[2m)\u001b[22m\n\nExpected pattern: \u001b[32m/Kakak\\s+mau\\s+info\\s+yang\\s+mana/i\u001b[39m\nReceived string:  \u001b[31m\"Mengenai {\\\"normalized\\\": \\\"prodi sistem komputer\\\", \\\"tokens\\\": [\\\"prodi\\\", \\\"sistem\\\", \\\"komputer\\\"], \\\"programHint\\\": null}, Berikut ringkasan biaya untuk Sistem Komputer: Total biaya awal masuk belum tersedia.\"\u001b[39m","pass":false}}],"failureMessages":["Error: \u001b[2mexpect(\u001b[22m\u001b[31mreceived\u001b[39m\u001b[2m).\u001b[22mtoMatch\u001b[2m(\u001b[22m\u001b[32mexpected\u001b[39m\u001b[2m)\u001b[22m\n\nExpected pattern: \u001b[32m/Kakak\\s+mau\\s+info\\s+yang\\s+mana/i\u001b[39m\nReceived string:  \u001b[31m\"Mengenai {\\\"normalized\\\": \\\"prodi sistem komputer\\\", \\\"tokens\\\": [\\\"prodi\\\", \\\"sistem\\\", \\\"komputer\\\"], \\\"programHint\\\": null}, Berikut ringkasan biaya untuk Sistem Komputer: Total biaya awal masuk belum tersedia.\"\u001b[39m\n    at Object.toMatch (C:\\Users\\TSC-AKA\\Videos\\MARKETING\\BOTAI\\system_wa\\tests\\providerWebhook.test.js:1303:23)\n    at processTicksAndRejections (node:internal/process/task_queues:105:5)"],"fullName":"Provider webhook program list follow-up: \"prodi sk\" is treated as Sistem Komputer selection (not SKS confusion)","invocations":1,"location":null,"numPassingAsserts":1,"retryReasons":[],"status":"failed","title":"program list follow-up: \"prodi sk\" is treated as Sistem Komputer selection (not SKS confusion)"},{"ancestorTitles":["Provider webhook"],"duration":999,"failureDetails":[{"matcherResult":{"message":"\u001b[2mexpect(\u001b[22m\u001b[31mreceived\u001b[39m\u001b[2m).\u001b[22mtoMatch\u001b[2m(\u001b[22m\u001b[32mexpected\u001b[39m\u001b[2m)\u001b[22m\n\nExpected pattern: \u001b[32m/Dual\\s+Degree/i\u001b[39m\nReceived string:  \u001b[31m\"Mengenai {\\\"normalized\\\": \\\"prodi apa saja yang ada di stikom? \\\", \\\"tokens\\\": [\\\"prodi\\\", \\\"apa\\\", \\\"saja\\\", \\\"yang\\\", \\\"ada\\\", \\\"di\\\", \\\"stikom? \\\"], \\\"programHint\\\": null},\u001b[39m\n\u001b[31mProgram studi yang tersedia di ITB STIKOM Bali:\u001b[39m\n\u001b[31mS2 (Pascasarjana):\u001b[39m\n\u001b[31m- S2 Sistem Informasi (SI)\u001b[39m\n\u001b[31mS1 (Sarjana):\u001b[39m\n\u001b[31m- Sistem Informasi\u001b[39m\n\u001b[31m- Teknologi Informasi\u001b[39m\n\u001b[31m- Bisnis Digital\u001b[39m\n\u001b[31m- Sistem Komputer\"\u001b[39m","pass":false}}],"failureMessages":["Error: \u001b[2mexpect(\u001b[22m\u001b[31mreceived\u001b[39m\u001b[2m).\u001b[22mtoMatch\u001b[2m(\u001b[22m\u001b[32mexpected\u001b[39m\u001b[2m)\u001b[22m\n\nExpected pattern: \u001b[32m/Dual\\s+Degree/i\u001b[39m\nReceived string:  \u001b[31m\"Mengenai {\\\"normalized\\\": \\\"prodi apa saja yang ada di stikom? \\\", \\\"tokens\\\": [\\\"prodi\\\", \\\"apa\\\", \\\"saja\\\", \\\"yang\\\", \\\"ada\\\", \\\"di\\\", \\\"stikom? \\\"], \\\"programHint\\\": null},\u001b[39m\n\u001b[31mProgram studi yang tersedia di ITB STIKOM Bali:\u001b[39m\n\u001b[31mS2 (Pascasarjana):\u001b[39m\n\u001b[31m- S2 Sistem Informasi (SI)\u001b[39m\n\u001b[31mS1 (Sarjana):\u001b[39m\n\u001b[31m- Sistem Informasi\u001b[39m\n\u001b[31m- Teknologi Informasi\u001b[39m\n\u001b[31m- Bisnis Digital\u001b[39m\n\u001b[31m- Sistem Komputer\"\u001b[39m\n    at Object.toMatch (C:\\Users\\TSC-AKA\\Videos\\MARKETING\\BOTAI\\system_wa\\tests\\providerWebhook.test.js:1330:22)\n    at processTicksAndRejections (node:internal/process/task_queues:105:5)"],"fullName":"Provider webhook program list question includes all core S1 programs and dual degree (no \"tidak terdeteksi\")","invocations":1,"location":null,"numPassingAsserts":9,"retryReasons":[],"status":"failed","title":"program list question includes all core S1 programs and dual degree (no \"tidak terdeteksi\")"},{"ancestorTitles":["Provider webhook"],"duration":207,"failureDetails":[{"matcherResult":{"message":"\u001b[2mexpect(\u001b[22m\u001b[31mreceived\u001b[39m\u001b[2m).\u001b[22mtoMatch\u001b[2m(\u001b[22m\u001b[32mexpected\u001b[39m\u001b[2m)\u001b[22m\n\nExpected pattern: \u001b[32m/per\\s+semester/i\u001b[39m\nReceived string:  \u001b[31m\"Mengenai {\\\"normalized\\\": \\\"cuti\\\", \\\"tokens\\\": [\\\"cuti\\\"], \\\"programHint\\\": null}, Berikut ringkasan biaya: Total biaya awal masuk sekitar Rp 1.000.000.\"\u001b[39m","pass":false}}],"failureMessages":["Error: \u001b[2mexpect(\u001b[22m\u001b[31mreceived\u001b[39m\u001b[2m).\u001b[22mtoMatch\u001b[2m(\u001b[22m\u001b[32mexpected\u001b[39m\u001b[2m)\u001b[22m\n\nExpected pattern: \u001b[32m/per\\s+semester/i\u001b[39m\nReceived string:  \u001b[31m\"Mengenai {\\\"normalized\\\": \\\"cuti\\\", \\\"tokens\\\": [\\\"cuti\\\"], \\\"programHint\\\": null}, Berikut ringkasan biaya: Total biaya awal masuk sekitar Rp 1.000.000.\"\u001b[39m\n    at Object.toMatch (C:\\Users\\TSC-AKA\\Videos\\MARKETING\\BOTAI\\system_wa\\tests\\providerWebhook.test.js:1377:22)\n    at processTicksAndRejections (node:internal/process/task_queues:105:5)"],"fullName":"Provider webhook post-program follow-up: offers and handles biaya/kontak/alur keywords","invocations":1,"location":null,"numPassingAsserts":5,"retryReasons":[],"status":"failed","title":"post-program follow-up: offers and handles biaya/kontak/alur keywords"},{"ancestorTitles":["Provider webhook"],"duration":206,"failureDetails":[],"failureMessages":[],"fullName":"Provider webhook pendingFeeDetail: \"daftar ulang\" is treated as new topic (not biaya pendaftaran)","invocations":1,"location":null,"numPassingAsserts":5,"retryReasons":[],"status":"passed","title":"pendingFeeDetail: \"daftar ulang\" is treated as new topic (not biaya pendaftaran)"},{"ancestorTitles":["Provider webhook"],"duration":198,"failureDetails":[],"failureMessages":[],"fullName":"Provider webhook pendingFeeDetail: requirements question uses formulir pendaftaran training data (not fee breakdown)","invocations":1,"location":null,"numPassingAsserts":8,"retryReasons":[],"status":"passed","title":"pendingFeeDetail: requirements question uses formulir pendaftaran training data (not fee breakdown)"},{"ancestorTitles":["Provider webhook"],"duration":183,"failureDetails":[{"matcherResult":{"message":"\u001b[2mexpect(\u001b[22m\u001b[31mreceived\u001b[39m\u001b[2m).\u001b[22mtoMatch\u001b[2m(\u001b[22m\u001b[32mexpected\u001b[39m\u001b[2m)\u001b[22m\n\nExpected pattern: \u001b[32m/Formulir\\s+Pendaftaran/i\u001b[39m\nReceived string:  \u001b[31m\"Mengenai {\\\"normalized\\\": \\\"Apa persyaratan untuk melakukan pendaftaran kuliah di STIKOM Bali? \\\", \\\"tokens\\\": [\\\"Apa\\\", \\\"persyaratan\\\", \\\"untuk\\\", \\\"melakukan\\\", \\\"pendaftaran\\\", \\\"kuliah\\\", \\\"di\\\",\u001b[39m\n\u001b[31mBerikut ringkasan biaya: Total biaya awal masuk belum tersedia. Mau saya jelaskan rinciannya per komponen?\u001b[39m\n\u001b[31mKalau mau, saya bantu lagi.\u001b[39m\n\u001b[31mBoleh saya kirim kontak pendaftaran yang relevan?\"\u001b[39m","pass":false}}],"failureMessages":["Error: \u001b[2mexpect(\u001b[22m\u001b[31mreceived\u001b[39m\u001b[2m).\u001b[22mtoMatch\u001b[2m(\u001b[22m\u001b[32mexpected\u001b[39m\u001b[2m)\u001b[22m\n\nExpected pattern: \u001b[32m/Formulir\\s+Pendaftaran/i\u001b[39m\nReceived string:  \u001b[31m\"Mengenai {\\\"normalized\\\": \\\"Apa persyaratan untuk melakukan pendaftaran kuliah di STIKOM Bali? \\\", \\\"tokens\\\": [\\\"Apa\\\", \\\"persyaratan\\\", \\\"untuk\\\", \\\"melakukan\\\", \\\"pendaftaran\\\", \\\"kuliah\\\", \\\"di\\\",\u001b[39m\n\u001b[31mBerikut ringkasan biaya: Total biaya awal masuk belum tersedia. Mau saya jelaskan rinciannya per komponen?\u001b[39m\n\u001b[31mKalau mau, saya bantu lagi.\u001b[39m\n\u001b[31mBoleh saya kirim kontak pendaftaran yang relevan?\"\u001b[39m\n    at Object.toMatch (C:\\Users\\TSC-AKA\\Videos\\MARKETING\\BOTAI\\system_wa\\tests\\providerWebhook.test.js:1540:22)\n    at processTicksAndRejections (node:internal/process/task_queues:105:5)"],"fullName":"Provider webhook requirements fallback: when RAG has no answer, respond using FORMULIR PENDAFTARAN training content","invocations":1,"location":null,"numPassingAsserts":1,"retryReasons":[],"status":"failed","title":"requirements fallback: when RAG has no answer, respond using FORMULIR PENDAFTARAN training content"},{"ancestorTitles":["Provider webhook"],"duration":189,"failureDetails":[{"matcherResult":{"message":"\u001b[2mexpect(\u001b[22m\u001b[31mreceived\u001b[39m\u001b[2m).\u001b[22mtoBeUndefined\u001b[2m()\u001b[22m\n\nReceived: \u001b[31m{\"ts\": \"2026-05-21T00:41:51.523Z\"}\u001b[39m","pass":false}}],"failureMessages":["Error: \u001b[2mexpect(\u001b[22m\u001b[31mreceived\u001b[39m\u001b[2m).\u001b[22mtoBeUndefined\u001b[2m()\u001b[22m\n\nReceived: \u001b[31m{\"ts\": \"2026-05-21T00:41:51.523Z\"}\u001b[39m\n    at Object.toBeUndefined (C:\\Users\\TSC-AKA\\Videos\\MARKETING\\BOTAI\\system_wa\\tests\\providerWebhook.test.js:1599:62)\n    at processTicksAndRejections (node:internal/process/task_queues:105:5)"],"fullName":"Provider webhook requirements follow-up: reply \"mahasiswa baru\" after bot asks applicant type is handled (no generic fallback)","invocations":1,"location":null,"numPassingAsserts":8,"retryReasons":[],"status":"failed","title":"requirements follow-up: reply \"mahasiswa baru\" after bot asks applicant type is handled (no generic fallback)"},{"ancestorTitles":["Provider webhook"],"duration":203,"failureDetails":[],"failureMessages":[],"fullName":"Provider webhook hobby clarification follow-up: short activity reply is treated as continuation (no generic fallback)","invocations":1,"location":null,"numPassingAsserts":9,"retryReasons":[],"status":"passed","title":"hobby clarification follow-up: short activity reply is treated as continuation (no generic fallback)"},{"ancestorTitles":["Provider webhook"],"duration":179,"failureDetails":[],"failureMessages":[],"fullName":"Provider webhook comparison question (TI vs SK) is prioritized over pending hobby follow-up","invocations":1,"location":null,"numPassingAsserts":8,"retryReasons":[],"status":"passed","title":"comparison question (TI vs SK) is prioritized over pending hobby follow-up"},{"ancestorTitles":["Provider webhook"],"duration":176,"failureDetails":[],"failureMessages":[],"fullName":"Provider webhook comparison question supports non-S1 programs (D3 vs S2)","invocations":1,"location":null,"numPassingAsserts":4,"retryReasons":[],"status":"passed","title":"comparison question supports non-S1 programs (D3 vs S2)"},{"ancestorTitles":["Provider webhook"],"duration":182,"failureDetails":[],"failureMessages":[],"fullName":"Provider webhook formal comparison sentence is recognized and answered as program comparison intent","invocations":1,"location":null,"numPassingAsserts":5,"retryReasons":[],"status":"passed","title":"formal comparison sentence is recognized and answered as program comparison intent"},{"ancestorTitles":["Provider webhook"],"duration":183,"failureDetails":[],"failureMessages":[],"fullName":"Provider webhook slang comparison sentence is recognized and answered as program comparison intent","invocations":1,"location":null,"numPassingAsserts":5,"retryReasons":[],"status":"passed","title":"slang comparison sentence is recognized and answered as program comparison intent"},{"ancestorTitles":["Provider webhook"],"duration":354,"failureDetails":[],"failureMessages":[],"fullName":"Provider webhook schedule shorthand: \"jadwal lengkapnya 2 a\" is answered deterministically (Gelombang II A)","invocations":1,"location":null,"numPassingAsserts":3,"retryReasons":[],"status":"passed","title":"schedule shorthand: \"jadwal lengkapnya 2 a\" is answered deterministically (Gelombang II A)"},{"ancestorTitles":["Provider webhook"],"duration":360,"failureDetails":[],"failureMessages":[],"fullName":"Provider webhook schedule shorthand no-answer: still returns a deterministic schedule (not a format prompt)","invocations":1,"location":null,"numPassingAsserts":2,"retryReasons":[],"status":"passed","title":"schedule shorthand no-answer: still returns a deterministic schedule (not a format prompt)"},{"ancestorTitles":["Provider webhook"],"duration":186,"failureDetails":[],"failureMessages":[],"fullName":"Provider webhook post-program follow-up: \"hitung total\" triggers anchored RAG calculation","invocations":1,"location":null,"numPassingAsserts":2,"retryReasons":[],"status":"passed","title":"post-program follow-up: \"hitung total\" triggers anchored RAG calculation"},{"ancestorTitles":["Provider webhook"],"duration":175,"failureDetails":[],"failureMessages":[],"fullName":"Provider webhook outbound sanitizer: strips markdown headings (##) from bot reply","invocations":1,"location":null,"numPassingAsserts":3,"retryReasons":[],"status":"passed","title":"outbound sanitizer: strips markdown headings (##) from bot reply"},{"ancestorTitles":["Provider webhook"],"duration":197,"failureDetails":[],"failureMessages":[],"fullName":"Provider webhook outbound sanitizer: normalizes bullets, numbering, blockquotes, and markdown links","invocations":1,"location":null,"numPassingAsserts":6,"retryReasons":[],"status":"passed","title":"outbound sanitizer: normalizes bullets, numbering, blockquotes, and markdown links"},{"ancestorTitles":["Provider webhook"],"duration":181,"failureDetails":[],"failureMessages":[],"fullName":"Provider webhook choose program + total question: answers directly without mini-menu","invocations":1,"location":null,"numPassingAsserts":1,"retryReasons":[],"status":"passed","title":"choose program + total question: answers directly without mini-menu"},{"ancestorTitles":["Provider webhook"],"duration":191,"failureDetails":[],"failureMessages":[],"fullName":"Provider webhook total-cost follow-up: replying with gelombang computes total (no loop)","invocations":1,"location":null,"numPassingAsserts":3,"retryReasons":[],"status":"passed","title":"total-cost follow-up: replying with gelombang computes total (no loop)"},{"ancestorTitles":["Provider webhook"],"duration":185,"failureDetails":[],"failureMessages":[],"fullName":"Provider webhook pending total-cost follow-up: discount table is not treated as butir 1–4 costs","invocations":1,"location":null,"numPassingAsserts":5,"retryReasons":[],"status":"passed","title":"pending total-cost follow-up: discount table is not treated as butir 1–4 costs"},{"ancestorTitles":["Provider webhook"],"duration":490,"failureDetails":[],"failureMessages":[],"fullName":"Provider webhook must-pay question still uses deterministic total even when pendingTotalCost exists","invocations":1,"location":null,"numPassingAsserts":6,"retryReasons":[],"status":"passed","title":"must-pay question still uses deterministic total even when pendingTotalCost exists"},{"ancestorTitles":["Provider webhook"],"duration":178,"failureDetails":[],"failureMessages":[],"fullName":"Provider webhook wave-only follow-up: uses last-bot intent (discount) instead of asking \"info apa\"","invocations":1,"location":null,"numPassingAsserts":2,"retryReasons":[],"status":"passed","title":"wave-only follow-up: uses last-bot intent (discount) instead of asking \"info apa\""},{"ancestorTitles":["Provider webhook"],"duration":240,"failureDetails":[],"failureMessages":[],"fullName":"Provider webhook normal inbound queries route through composer and persist composer telemetry","invocations":1,"location":null,"numPassingAsserts":45,"retryReasons":[],"status":"passed","title":"normal inbound queries route through composer and persist composer telemetry"},{"ancestorTitles":["Provider webhook"],"duration":200,"failureDetails":[],"failureMessages":[],"fullName":"Provider webhook timeout fallback does not race with composer success","invocations":1,"location":null,"numPassingAsserts":2,"retryReasons":[],"status":"passed","title":"timeout fallback does not race with composer success"},{"ancestorTitles":["Provider webhook"],"duration":193,"failureDetails":[],"failureMessages":[],"fullName":"Provider webhook fee responder sanitizes raw OCR/training snippets before outbound","invocations":1,"location":null,"numPassingAsserts":2,"retryReasons":[],"status":"passed","title":"fee responder sanitizes raw OCR/training snippets before outbound"},{"ancestorTitles":["Provider webhook"],"duration":186,"failureDetails":[],"failureMessages":[],"fullName":"Provider webhook one inbound request sends exactly one outbound reply","invocations":1,"location":null,"numPassingAsserts":1,"retryReasons":[],"status":"passed","title":"one inbound request sends exactly one outbound reply"},{"ancestorTitles":["Provider webhook"],"duration":263,"failureDetails":[],"failureMessages":[],"fullName":"Provider webhook outbound telemetry fields are always present for normal composer replies","invocations":1,"location":null,"numPassingAsserts":3,"retryReasons":[],"status":"passed","title":"outbound telemetry fields are always present for normal composer replies"},{"ancestorTitles":["Provider webhook"],"duration":187,"failureDetails":[],"failureMessages":[],"fullName":"Provider webhook composer bypass prevention is enforced for normal inbound replies","invocations":1,"location":null,"numPassingAsserts":4,"retryReasons":[],"status":"passed","title":"composer bypass prevention is enforced for normal inbound replies"},{"ancestorTitles":["Provider webhook"],"duration":238,"failureDetails":[],"failureMessages":[],"fullName":"Provider webhook outbound path consistency uses composer reply funnel for normal messages","invocations":1,"location":null,"numPassingAsserts":2,"retryReasons":[],"status":"passed","title":"outbound path consistency uses composer reply funnel for normal messages"},{"ancestorTitles":["Provider webhook"],"duration":192,"failureDetails":[{"matcherResult":{"actual":"fallback","expected":"alumni_smk_discount_fast","message":"\u001b[2mexpect(\u001b[22m\u001b[31mreceived\u001b[39m\u001b[2m).\u001b[22mtoBe\u001b[2m(\u001b[22m\u001b[32mexpected\u001b[39m\u001b[2m) // Object.is equality\u001b[22m\n\nExpected: \u001b[32m\"al\u001b[7mumni_smk_discount_fast\u001b[27m\"\u001b[39m\nReceived: \u001b[31m\"\u001b[7mf\u001b[27mal\u001b[7mlback\u001b[27m\"\u001b[39m","name":"toBe","pass":false}}],"failureMessages":["Error: \u001b[2mexpect(\u001b[22m\u001b[31mreceived\u001b[39m\u001b[2m).\u001b[22mtoBe\u001b[2m(\u001b[22m\u001b[32mexpected\u001b[39m\u001b[2m) // Object.is equality\u001b[22m\n\nExpected: \u001b[32m\"al\u001b[7mumni_smk_discount_fast\u001b[27m\"\u001b[39m\nReceived: \u001b[31m\"\u001b[7mf\u001b[27mal\u001b[7mlback\u001b[27m\"\u001b[39m\n    at Object.toBe (C:\\Users\\TSC-AKA\\Videos\\MARKETING\\BOTAI\\system_wa\\tests\\providerWebhook.test.js:2376:29)\n    at processTicksAndRejections (node:internal/process/task_queues:105:5)"],"fullName":"Provider webhook alumni SMK TI discount question is answered deterministically (no fallback)","invocations":1,"location":null,"numPassingAsserts":1,"retryReasons":[],"status":"failed","title":"alumni SMK TI discount question is answered deterministically (no fallback)"},{"ancestorTitles":["Provider webhook"],"duration":468,"failureDetails":[],"failureMessages":[],"fullName":"Provider webhook must-pay phrasing with SI + gelombang 2B computes total (not clarify-wave)","invocations":1,"location":null,"numPassingAsserts":7,"retryReasons":[],"status":"passed","title":"must-pay phrasing with SI + gelombang 2B computes total (not clarify-wave)"},{"ancestorTitles":["Provider webhook"],"duration":464,"failureDetails":[],"failureMessages":[],"fullName":"Provider webhook must-pay phrasing with SI + gelombang 2B (compact) computes total","invocations":1,"location":null,"numPassingAsserts":5,"retryReasons":[],"status":"passed","title":"must-pay phrasing with SI + gelombang 2B (compact) computes total"},{"ancestorTitles":["Provider webhook"],"duration":500,"failureDetails":[{"matcherResult":{"message":"\u001b[2mexpect(\u001b[22m\u001b[31mreceived\u001b[39m\u001b[2m).\u001b[22mtoMatch\u001b[2m(\u001b[22m\u001b[32mexpected\u001b[39m\u001b[2m)\u001b[22m\n\nExpected pattern: \u001b[32m/Potongan\\s+biaya\\s+pendaftaran\\s*\\(Gelombang\\s+I\\)\\s*:\\s*Rp\\s*250\\.000/i\u001b[39m\nReceived string:  \u001b[31m\"Prodi Dual Degree UTB (Bisnis Digital), Gelombang Gelombang I:\u001b[39m\n\u001b[31mTotal awal masuk setelah potongan: Rp 13.750.000.\u001b[39m\n\u001b[31mBiaya pendaftarannya sekitar Rp 250.000.\u001b[39m\n\u001b[31mKomponen awal masuknya terkumpul di kisaran Rp 15.500.000 sebelum potongan DPP.\u001b[39m\n\u001b[31mBiaya pendidikan per semester: Rp 6.500.000.\u001b[39m\n\u001b[31mKalau mau, saya bisa rinci per komponen atau bandingkan dengan prodi lain.\"\u001b[39m","pass":false}}],"failureMessages":["Error: \u001b[2mexpect(\u001b[22m\u001b[31mreceived\u001b[39m\u001b[2m).\u001b[22mtoMatch\u001b[2m(\u001b[22m\u001b[32mexpected\u001b[39m\u001b[2m)\u001b[22m\n\nExpected pattern: \u001b[32m/Potongan\\s+biaya\\s+pendaftaran\\s*\\(Gelombang\\s+I\\)\\s*:\\s*Rp\\s*250\\.000/i\u001b[39m\nReceived string:  \u001b[31m\"Prodi Dual Degree UTB (Bisnis Digital), Gelombang Gelombang I:\u001b[39m\n\u001b[31mTotal awal masuk setelah potongan: Rp 13.750.000.\u001b[39m\n\u001b[31mBiaya pendaftarannya sekitar Rp 250.000.\u001b[39m\n\u001b[31mKomponen awal masuknya terkumpul di kisaran Rp 15.500.000 sebelum potongan DPP.\u001b[39m\n\u001b[31mBiaya pendidikan per semester: Rp 6.500.000.\u001b[39m\n\u001b[31mKalau mau, saya bisa rinci per komponen atau bandingkan dengan prodi lain.\"\u001b[39m\n    at Object.toMatch (C:\\Users\\TSC-AKA\\Videos\\MARKETING\\BOTAI\\system_wa\\tests\\providerWebhook.test.js:2450:22)\n    at processTicksAndRejections (node:internal/process/task_queues:105:5)"],"fullName":"Provider webhook deterministic UTB mapping: potongan pendaftaran dan DPP sesuai gelombang I/IV","invocations":1,"location":null,"numPassingAsserts":2,"retryReasons":[],"status":"failed","title":"deterministic UTB mapping: potongan pendaftaran dan DPP sesuai gelombang I/IV"},{"ancestorTitles":["Provider webhook"],"duration":198,"failureDetails":[],"failureMessages":[],"fullName":"Provider webhook choose program + specific question: skips mini-menu and answers via anchored RAG","invocations":1,"location":null,"numPassingAsserts":3,"retryReasons":[],"status":"passed","title":"choose program + specific question: skips mini-menu and answers via anchored RAG"},{"ancestorTitles":["Provider webhook"],"duration":179,"failureDetails":[{"matcherResult":{"message":"\u001b[2mexpect(\u001b[22m\u001b[31mreceived\u001b[39m\u001b[2m).\u001b[22mtoContain\u001b[2m(\u001b[22m\u001b[32mexpected\u001b[39m\u001b[2m) // indexOf\u001b[22m\n\nExpected substring: \u001b[32m\"kategori\"\u001b[39m\nReceived string:    \u001b[31m\"mengenai {\\\"normalized\\\": \\\"siap\\\", \\\"tokens\\\": [\\\"siap\\\"], \\\"programhint\\\": null}, siap, kak. mau saya jelaskan lagi?\"\u001b[39m","pass":false}}],"failureMessages":["Error: \u001b[2mexpect(\u001b[22m\u001b[31mreceived\u001b[39m\u001b[2m).\u001b[22mtoContain\u001b[2m(\u001b[22m\u001b[32mexpected\u001b[39m\u001b[2m) // indexOf\u001b[22m\n\nExpected substring: \u001b[32m\"kategori\"\u001b[39m\nReceived string:    \u001b[31m\"mengenai {\\\"normalized\\\": \\\"siap\\\", \\\"tokens\\\": [\\\"siap\\\"], \\\"programhint\\\": null}, siap, kak. mau saya jelaskan lagi?\"\u001b[39m\n    at Object.toContain (C:\\Users\\TSC-AKA\\Videos\\MARKETING\\BOTAI\\system_wa\\tests\\providerWebhook.test.js:2535:36)\n    at processTicksAndRejections (node:internal/process/task_queues:105:5)"],"fullName":"Provider webhook ack-only \"siap\" after scholarship category prompt asks category (no cost drift)","invocations":1,"location":null,"numPassingAsserts":1,"retryReasons":[],"status":"failed","title":"ack-only \"siap\" after scholarship category prompt asks category (no cost drift)"},{"ancestorTitles":["Provider webhook"],"duration":168,"failureDetails":[{"matcherResult":{"message":"\u001b[2mexpect(\u001b[22m\u001b[31mreceived\u001b[39m\u001b[2m).\u001b[22mtoContain\u001b[2m(\u001b[22m\u001b[32mexpected\u001b[39m\u001b[2m) // indexOf\u001b[22m\n\nExpected substring: \u001b[32m\"terima kasih\"\u001b[39m\nReceived string:    \u001b[31m\"mengenai {\\\"normalized\\\": \\\"siap\\\", \\\"tokens\\\": [\\\"siap\\\"], \\\"programhint\\\": null}, siap, kak. mau saya jelaskan lagi?\"\u001b[39m","pass":false}}],"failureMessages":["Error: \u001b[2mexpect(\u001b[22m\u001b[31mreceived\u001b[39m\u001b[2m).\u001b[22mtoContain\u001b[2m(\u001b[22m\u001b[32mexpected\u001b[39m\u001b[2m) // indexOf\u001b[22m\n\nExpected substring: \u001b[32m\"terima kasih\"\u001b[39m\nReceived string:    \u001b[31m\"mengenai {\\\"normalized\\\": \\\"siap\\\", \\\"tokens\\\": [\\\"siap\\\"], \\\"programhint\\\": null}, siap, kak. mau saya jelaskan lagi?\"\u001b[39m\n    at Object.toContain (C:\\Users\\TSC-AKA\\Videos\\MARKETING\\BOTAI\\system_wa\\tests\\providerWebhook.test.js:2572:36)\n    at processTicksAndRejections (node:internal/process/task_queues:105:5)"],"fullName":"Provider webhook ack-only \"siap\" after payment-plan follow-up closes (does not elaborate)","invocations":1,"location":null,"numPassingAsserts":1,"retryReasons":[],"status":"failed","title":"ack-only \"siap\" after payment-plan follow-up closes (does not elaborate)"},{"ancestorTitles":["Provider webhook"],"duration":182,"failureDetails":[],"failureMessages":[],"fullName":"Provider webhook anchors ultra-short affirmation to prior program context (TI)","invocations":1,"location":null,"numPassingAsserts":5,"retryReasons":[],"status":"passed","title":"anchors ultra-short affirmation to prior program context (TI)"},{"ancestorTitles":["Provider webhook"],"duration":181,"failureDetails":[],"failureMessages":[],"fullName":"Provider webhook anchors short continue request variant (oke jelasin) to prior program context (TI)","invocations":1,"location":null,"numPassingAsserts":5,"retryReasons":[],"status":"passed","title":"anchors short continue request variant (oke jelasin) to prior program context (TI)"},{"ancestorTitles":["Provider webhook"],"duration":173,"failureDetails":[],"failureMessages":[],"fullName":"Provider webhook replies politely to gratitude without triggering RAG","invocations":1,"location":null,"numPassingAsserts":6,"retryReasons":[],"status":"passed","title":"replies politely to gratitude without triggering RAG"},{"ancestorTitles":["Provider webhook"],"duration":175,"failureDetails":[{"matcherResult":{"message":"\u001b[2mexpect(\u001b[22m\u001b[31mreceived\u001b[39m\u001b[2m).\u001b[22mtoMatch\u001b[2m(\u001b[22m\u001b[32mexpected\u001b[39m\u001b[2m)\u001b[22m\n\nExpected pattern: \u001b[32m/terima kasih|makasih|sama-?sama/i\u001b[39m\nReceived string:  \u001b[31m\"Mengenai {\\\"normalized\\\": \\\"Siap\\\", \\\"tokens\\\": [\\\"Siap\\\"], \\\"programHint\\\": null}, Siap, kak. Mau saya jelaskan lagi?\"\u001b[39m","pass":false}}],"failureMessages":["Error: \u001b[2mexpect(\u001b[22m\u001b[31mreceived\u001b[39m\u001b[2m).\u001b[22mtoMatch\u001b[2m(\u001b[22m\u001b[32mexpected\u001b[39m\u001b[2m)\u001b[22m\n\nExpected pattern: \u001b[32m/terima kasih|makasih|sama-?sama/i\u001b[39m\nReceived string:  \u001b[31m\"Mengenai {\\\"normalized\\\": \\\"Siap\\\", \\\"tokens\\\": [\\\"Siap\\\"], \\\"programHint\\\": null}, Siap, kak. Mau saya jelaskan lagi?\"\u001b[39m\n    at Object.toMatch (C:\\Users\\TSC-AKA\\Videos\\MARKETING\\BOTAI\\system_wa\\tests\\providerWebhook.test.js:2698:59)\n    at processTicksAndRejections (node:internal/process/task_queues:105:5)"],"fullName":"Provider webhook does not answer with fees for acknowledgement-only \"siap\" when no follow-up was asked","invocations":1,"location":null,"numPassingAsserts":5,"retryReasons":[],"status":"failed","title":"does not answer with fees for acknowledgement-only \"siap\" when no follow-up was asked"},{"ancestorTitles":["Provider webhook"],"duration":504,"failureDetails":[],"failureMessages":[],"fullName":"Provider webhook pendaftaran answer offers the full fee breakdown (YA/TIDAK)","invocations":1,"location":null,"numPassingAsserts":3,"retryReasons":[],"status":"passed","title":"pendaftaran answer offers the full fee breakdown (YA/TIDAK)"},{"ancestorTitles":["Provider webhook"],"duration":505,"failureDetails":[{"matcherResult":{"actual":"fee_breakdown_offer_answer_fast","expected":"fee_breakdown_offer_need_program","message":"\u001b[2mexpect(\u001b[22m\u001b[31mreceived\u001b[39m\u001b[2m).\u001b[22mtoBe\u001b[2m(\u001b[22m\u001b[32mexpected\u001b[39m\u001b[2m) // Object.is equality\u001b[22m\n\nExpected: \u001b[32m\"fee_breakdown_offer_\u001b[7mneed_program\u001b[27m\"\u001b[39m\nReceived: \u001b[31m\"fee_breakdown_offer_\u001b[7manswer_fast\u001b[27m\"\u001b[39m","name":"toBe","pass":false}}],"failureMessages":["Error: \u001b[2mexpect(\u001b[22m\u001b[31mreceived\u001b[39m\u001b[2m).\u001b[22mtoBe\u001b[2m(\u001b[22m\u001b[32mexpected\u001b[39m\u001b[2m) // Object.is equality\u001b[22m\n\nExpected: \u001b[32m\"fee_breakdown_offer_\u001b[7mneed_program\u001b[27m\"\u001b[39m\nReceived: \u001b[31m\"fee_breakdown_offer_\u001b[7manswer_fast\u001b[27m\"\u001b[39m\n    at Object.toBe (C:\\Users\\TSC-AKA\\Videos\\MARKETING\\BOTAI\\system_wa\\tests\\providerWebhook.test.js:2759:30)\n    at processTicksAndRejections (node:internal/process/task_queues:105:5)"],"fullName":"Provider webhook pendaftaran question without explicit prodi does not mention a prodi; still offers breakdown","invocations":1,"location":null,"numPassingAsserts":6,"retryReasons":[],"status":"failed","title":"pendaftaran question without explicit prodi does not mention a prodi; still offers breakdown"},{"ancestorTitles":["Provider webhook"],"duration":482,"failureDetails":[{"matcherResult":{"message":"\u001b[2mexpect(\u001b[22m\u001b[31mreceived\u001b[39m\u001b[2m).\u001b[22mtoMatch\u001b[2m(\u001b[22m\u001b[32mexpected\u001b[39m\u001b[2m)\u001b[22m\n\nExpected pattern: \u001b[32m/Untuk program studi\\s+Sistem\\s+Komputer.*rincian biaya/i\u001b[39m\nReceived string:  \u001b[31m\"1) Rincian biaya\u001b[39m\n\u001b[31mProdi Sistem Komputer:\u001b[39m\n\u001b[31mPendaftaran: Rp 500.000.\u001b[39m\n\u001b[31mDPP: Rp 11.000.000.\u001b[39m\n\u001b[31mKomponen awal masuk: Rp 13.000.000 sebelum potongan.\u001b[39m\n\u001b[31mTotal awal masuk setelah potongan: Rp 13.000.000.\u001b[39m\n\u001b[31mBiaya pendidikan per semester (UKT): Rp 6.000.000.\"\u001b[39m","pass":false}}],"failureMessages":["Error: \u001b[2mexpect(\u001b[22m\u001b[31mreceived\u001b[39m\u001b[2m).\u001b[22mtoMatch\u001b[2m(\u001b[22m\u001b[32mexpected\u001b[39m\u001b[2m)\u001b[22m\n\nExpected pattern: \u001b[32m/Untuk program studi\\s+Sistem\\s+Komputer.*rincian biaya/i\u001b[39m\nReceived string:  \u001b[31m\"1) Rincian biaya\u001b[39m\n\u001b[31mProdi Sistem Komputer:\u001b[39m\n\u001b[31mPendaftaran: Rp 500.000.\u001b[39m\n\u001b[31mDPP: Rp 11.000.000.\u001b[39m\n\u001b[31mKomponen awal masuk: Rp 13.000.000 sebelum potongan.\u001b[39m\n\u001b[31mTotal awal masuk setelah potongan: Rp 13.000.000.\u001b[39m\n\u001b[31mBiaya pendidikan per semester (UKT): Rp 6.000.000.\"\u001b[39m\n    at Object.toMatch (C:\\Users\\TSC-AKA\\Videos\\MARKETING\\BOTAI\\system_wa\\tests\\providerWebhook.test.js:2796:18)\n    at processTicksAndRejections (node:internal/process/task_queues:105:5)"],"fullName":"Provider webhook breakdown request with explicit SK overrides prior TI hint (answers SK)","invocations":1,"location":null,"numPassingAsserts":5,"retryReasons":[],"status":"failed","title":"breakdown request with explicit SK overrides prior TI hint (answers SK)"},{"ancestorTitles":["Provider webhook"],"duration":479,"failureDetails":[],"failureMessages":[],"fullName":"Provider webhook semester fee answer for DNUI uses per semester label, not Ujian/Subject","invocations":1,"location":null,"numPassingAsserts":6,"retryReasons":[],"status":"passed","title":"semester fee answer for DNUI uses per semester label, not Ujian/Subject"},{"ancestorTitles":["Provider webhook"],"duration":498,"failureDetails":[],"failureMessages":[],"fullName":"Provider webhook DNUI breakdown answer does not use Ujian/Subject label in detailed fee list","invocations":1,"location":null,"numPassingAsserts":13,"retryReasons":[],"status":"passed","title":"DNUI breakdown answer does not use Ujian/Subject label in detailed fee list"},{"ancestorTitles":["Provider webhook"],"duration":495,"failureDetails":[{"matcherResult":{"message":"\u001b[2mexpect(\u001b[22m\u001b[31mreceived\u001b[39m\u001b[2m).\u001b[22mtoMatch\u001b[2m(\u001b[22m\u001b[32mexpected\u001b[39m\u001b[2m)\u001b[22m\n\nExpected pattern: \u001b[32m/Untuk program studi\\s+Teknologi\\s+Informasi.*rincian biaya/i\u001b[39m\nReceived string:  \u001b[31m\"1) Rincian biaya\u001b[39m\n\u001b[31mProdi Teknologi Informasi:\u001b[39m\n\u001b[31mPendaftaran: Rp 500.000.\u001b[39m\n\u001b[31mDPP: Rp 14.000.000.\u001b[39m\n\u001b[31mKomponen awal masuk: Rp 16.000.000 sebelum potongan.\u001b[39m\n\u001b[31mTotal awal masuk setelah potongan: Rp 16.000.000.\u001b[39m\n\u001b[31mBiaya pendidikan per semester (UKT): Rp 6.500.000.\"\u001b[39m","pass":false}}],"failureMessages":["Error: \u001b[2mexpect(\u001b[22m\u001b[31mreceived\u001b[39m\u001b[2m).\u001b[22mtoMatch\u001b[2m(\u001b[22m\u001b[32mexpected\u001b[39m\u001b[2m)\u001b[22m\n\nExpected pattern: \u001b[32m/Untuk program studi\\s+Teknologi\\s+Informasi.*rincian biaya/i\u001b[39m\nReceived string:  \u001b[31m\"1) Rincian biaya\u001b[39m\n\u001b[31mProdi Teknologi Informasi:\u001b[39m\n\u001b[31mPendaftaran: Rp 500.000.\u001b[39m\n\u001b[31mDPP: Rp 14.000.000.\u001b[39m\n\u001b[31mKomponen awal masuk: Rp 16.000.000 sebelum potongan.\u001b[39m\n\u001b[31mTotal awal masuk setelah potongan: Rp 16.000.000.\u001b[39m\n\u001b[31mBiaya pendidikan per semester (UKT): Rp 6.500.000.\"\u001b[39m\n    at Object.toMatch (C:\\Users\\TSC-AKA\\Videos\\MARKETING\\BOTAI\\system_wa\\tests\\providerWebhook.test.js:2903:18)\n    at processTicksAndRejections (node:internal/process/task_queues:105:5)"],"fullName":"Provider webhook breakdown offer: pendaftaran without prodi -> YA -> pick TI -> returns full breakdown (fast)","invocations":1,"location":null,"numPassingAsserts":13,"retryReasons":[],"status":"failed","title":"breakdown offer: pendaftaran without prodi -> YA -> pick TI -> returns full breakdown (fast)"},{"ancestorTitles":["Provider webhook"],"duration":495,"failureDetails":[],"failureMessages":[],"fullName":"Provider webhook registrationFlow pendingFeeDetail: pendaftaran answer does not mention prodi unless user types it; still offers breakdown","invocations":1,"location":null,"numPassingAsserts":8,"retryReasons":[],"status":"passed","title":"registrationFlow pendingFeeDetail: pendaftaran answer does not mention prodi unless user types it; still offers breakdown"},{"ancestorTitles":["Provider webhook"],"duration":185,"failureDetails":[],"failureMessages":[],"fullName":"Provider webhook total pembayaran request computes from last bot breakdown (butir 1–4 + extras)","invocations":1,"location":null,"numPassingAsserts":4,"retryReasons":[],"status":"passed","title":"total pembayaran request computes from last bot breakdown (butir 1–4 + extras)"},{"ancestorTitles":["Provider webhook"],"duration":196,"failureDetails":[{"matcherResult":{"message":"\u001b[2mexpect(\u001b[22m\u001b[31mreceived\u001b[39m\u001b[2m).\u001b[22mtoMatch\u001b[2m(\u001b[22m\u001b[32mexpected\u001b[39m\u001b[2m)\u001b[22m\n\nExpected pattern: \u001b[32m/S1|S2|pascasarjana/i\u001b[39m\nReceived string:  \u001b[31m\"Mengenai {\\\"normalized\\\": \\\"Hallo saya mau daftar stikom\\\", \\\"tokens\\\": [\\\"Hallo\\\", \\\"saya\\\", \\\"mau\\\", \\\"daftar\\\", \\\"stikom\\\"], \\\"programHint\\\": null}, Boleh, kak.\"\u001b[39m","pass":false}}],"failureMessages":["Error: \u001b[2mexpect(\u001b[22m\u001b[31mreceived\u001b[39m\u001b[2m).\u001b[22mtoMatch\u001b[2m(\u001b[22m\u001b[32mexpected\u001b[39m\u001b[2m)\u001b[22m\n\nExpected pattern: \u001b[32m/S1|S2|pascasarjana/i\u001b[39m\nReceived string:  \u001b[31m\"Mengenai {\\\"normalized\\\": \\\"Hallo saya mau daftar stikom\\\", \\\"tokens\\\": [\\\"Hallo\\\", \\\"saya\\\", \\\"mau\\\", \\\"daftar\\\", \\\"stikom\\\"], \\\"programHint\\\": null}, Boleh, kak.\"\u001b[39m\n    at Object.toMatch (C:\\Users\\TSC-AKA\\Videos\\MARKETING\\BOTAI\\system_wa\\tests\\providerWebhook.test.js:3005:59)\n    at processTicksAndRejections (node:internal/process/task_queues:105:5)"],"fullName":"Provider webhook registration intent asks degree (S1 vs S2)","invocations":1,"location":null,"numPassingAsserts":5,"retryReasons":[],"status":"failed","title":"registration intent asks degree (S1 vs S2)"},{"ancestorTitles":["Provider webhook"],"duration":174,"failureDetails":[{"matcherResult":{"message":"\u001b[2mexpect(\u001b[22m\u001b[31mreceived\u001b[39m\u001b[2m).\u001b[22mtoMatch\u001b[2m(\u001b[22m\u001b[32mexpected\u001b[39m\u001b[2m)\u001b[22m\n\nExpected pattern: \u001b[32m/Form\\s+pendaftaran/i\u001b[39m\nReceived string:  \u001b[31m\"Mengenai {\\\"normalized\\\": \\\"Mau daftar s1\\\", \\\"tokens\\\": [\\\"Mau\\\", \\\"daftar\\\", \\\"s1\\\"], \\\"programHint\\\": null}, Berikut ringkasan biaya untuk & kampus: Total biaya awal masuk belum tersedia.\"\u001b[39m","pass":false}}],"failureMessages":["Error: \u001b[2mexpect(\u001b[22m\u001b[31mreceived\u001b[39m\u001b[2m).\u001b[22mtoMatch\u001b[2m(\u001b[22m\u001b[32mexpected\u001b[39m\u001b[2m)\u001b[22m\n\nExpected pattern: \u001b[32m/Form\\s+pendaftaran/i\u001b[39m\nReceived string:  \u001b[31m\"Mengenai {\\\"normalized\\\": \\\"Mau daftar s1\\\", \\\"tokens\\\": [\\\"Mau\\\", \\\"daftar\\\", \\\"s1\\\"], \\\"programHint\\\": null}, Berikut ringkasan biaya untuk & kampus: Total biaya awal masuk belum tersedia.\"\u001b[39m\n    at Object.toMatch (C:\\Users\\TSC-AKA\\Videos\\MARKETING\\BOTAI\\system_wa\\tests\\providerWebhook.test.js:3029:17)\n    at processTicksAndRejections (node:internal/process/task_queues:105:5)"],"fullName":"Provider webhook replying \"mau daftar s1\" asks program choice (SI/TI/BD/SK) instead of defaulting","invocations":1,"location":null,"numPassingAsserts":5,"retryReasons":[],"status":"failed","title":"replying \"mau daftar s1\" asks program choice (SI/TI/BD/SK) instead of defaulting"},{"ancestorTitles":["Provider webhook"],"duration":180,"failureDetails":[{"matcherResult":{"message":"\u001b[2mexpect(\u001b[22m\u001b[31mreceived\u001b[39m\u001b[2m).\u001b[22mtoContain\u001b[2m(\u001b[22m\u001b[32mexpected\u001b[39m\u001b[2m) // indexOf\u001b[22m\n\nExpected substring: \u001b[32m\"berkas\"\u001b[39m\nReceived string:    \u001b[31m\"mengenai {\\\"normalized\\\": \\\"prodi teknologi informasi\\\", \\\"tokens\\\": [\\\"prodi\\\", \\\"teknologi\\\", \\\"informasi\\\"], \\\"programhint\\\": null}, oke, kak.\"\u001b[39m","pass":false}}],"failureMessages":["Error: \u001b[2mexpect(\u001b[22m\u001b[31mreceived\u001b[39m\u001b[2m).\u001b[22mtoContain\u001b[2m(\u001b[22m\u001b[32mexpected\u001b[39m\u001b[2m) // indexOf\u001b[22m\n\nExpected substring: \u001b[32m\"berkas\"\u001b[39m\nReceived string:    \u001b[31m\"mengenai {\\\"normalized\\\": \\\"prodi teknologi informasi\\\", \\\"tokens\\\": [\\\"prodi\\\", \\\"teknologi\\\", \\\"informasi\\\"], \\\"programhint\\\": null}, oke, kak.\"\u001b[39m\n    at Object.toContain (C:\\Users\\TSC-AKA\\Videos\\MARKETING\\BOTAI\\system_wa\\tests\\providerWebhook.test.js:3059:32)\n    at processTicksAndRejections (node:internal/process/task_queues:105:5)"],"fullName":"Provider webhook registration flow: after prodi pick, sends requirements/docs first and offers biaya; short \"iya\" triggers biaya follow-up","invocations":1,"location":null,"numPassingAsserts":5,"retryReasons":[],"status":"failed","title":"registration flow: after prodi pick, sends requirements/docs first and offers biaya; short \"iya\" triggers biaya follow-up"},{"ancestorTitles":["Provider webhook"],"duration":178,"failureDetails":[{"matcherResult":{"message":"\u001b[2mexpect(\u001b[22m\u001b[31mreceived\u001b[39m\u001b[2m).\u001b[22mtoContain\u001b[2m(\u001b[22m\u001b[32mexpected\u001b[39m\u001b[2m) // indexOf\u001b[22m\n\nExpected substring: \u001b[32m\"sudah saya kirim\"\u001b[39m\nReceived string:    \u001b[31m\"mengenai {\\\"normalized\\\": \\\"teknologi informasi\\\", \\\"tokens\\\": [\\\"teknologi\\\", \\\"informasi\\\"], \\\"programhint\\\": null}, berikut ringkasan biaya untuk teknologi informasi: total biaya awal masuk belum tersedia.\"\u001b[39m","pass":false}}],"failureMessages":["Error: \u001b[2mexpect(\u001b[22m\u001b[31mreceived\u001b[39m\u001b[2m).\u001b[22mtoContain\u001b[2m(\u001b[22m\u001b[32mexpected\u001b[39m\u001b[2m) // indexOf\u001b[22m\n\nExpected substring: \u001b[32m\"sudah saya kirim\"\u001b[39m\nReceived string:    \u001b[31m\"mengenai {\\\"normalized\\\": \\\"teknologi informasi\\\", \\\"tokens\\\": [\\\"teknologi\\\", \\\"informasi\\\"], \\\"programhint\\\": null}, berikut ringkasan biaya untuk teknologi informasi: total biaya awal masuk belum tersedia.\"\u001b[39m\n    at Object.toContain (C:\\Users\\TSC-AKA\\Videos\\MARKETING\\BOTAI\\system_wa\\tests\\providerWebhook.test.js:3109:31)\n    at processTicksAndRejections (node:internal/process/task_queues:105:5)"],"fullName":"Provider webhook registration flow: does not repeat docs list if it was just sent recently","invocations":1,"location":null,"numPassingAsserts":4,"retryReasons":[],"status":"failed","title":"registration flow: does not repeat docs list if it was just sent recently"},{"ancestorTitles":["Provider webhook"],"duration":182,"failureDetails":[{"matcherResult":{"message":"\u001b[2mexpect(\u001b[22m\u001b[31mreceived\u001b[39m\u001b[2m).\u001b[22mtoMatch\u001b[2m(\u001b[22m\u001b[32mexpected\u001b[39m\u001b[2m)\u001b[22m\n\nExpected pattern: \u001b[32m/Form\\s+pendaftaran/i\u001b[39m\nReceived string:  \u001b[31m\"Tolong tuliskan pertanyaan yang lebih spesifik, misal \\\"biaya awal masuk\\\", \\\"biaya per semester\\\", atau sebutkan prodi.\"\u001b[39m","pass":false}}],"failureMessages":["Error: \u001b[2mexpect(\u001b[22m\u001b[31mreceived\u001b[39m\u001b[2m).\u001b[22mtoMatch\u001b[2m(\u001b[22m\u001b[32mexpected\u001b[39m\u001b[2m)\u001b[22m\n\nExpected pattern: \u001b[32m/Form\\s+pendaftaran/i\u001b[39m\nReceived string:  \u001b[31m\"Tolong tuliskan pertanyaan yang lebih spesifik, misal \\\"biaya awal masuk\\\", \\\"biaya per semester\\\", atau sebutkan prodi.\"\u001b[39m\n    at Object.toMatch (C:\\Users\\TSC-AKA\\Videos\\MARKETING\\BOTAI\\system_wa\\tests\\providerWebhook.test.js:3142:17)\n    at processTicksAndRejections (node:internal/process/task_queues:105:5)"],"fullName":"Provider webhook registration flow: stage choose_degree accepts \"S1\" reply even if lastBot context is missing (race-safe)","invocations":1,"location":null,"numPassingAsserts":5,"retryReasons":[],"status":"failed","title":"registration flow: stage choose_degree accepts \"S1\" reply even if lastBot context is missing (race-safe)"},{"ancestorTitles":["Provider webhook"],"duration":175,"failureDetails":[],"failureMessages":[],"fullName":"Provider webhook returns 400 when chatId missing","invocations":1,"location":null,"numPassingAsserts":1,"retryReasons":[],"status":"passed","title":"returns 400 when chatId missing"},{"ancestorTitles":["Provider webhook"],"duration":198,"failureDetails":[],"failureMessages":[],"fullName":"Provider webhook handles basic message flow","invocations":1,"location":null,"numPassingAsserts":2,"retryReasons":[],"status":"passed","title":"handles basic message flow"},{"ancestorTitles":["Provider webhook"],"duration":257,"failureDetails":[],"failureMessages":[],"fullName":"Provider webhook dedupes late retries by text+timestamp when messageId missing","invocations":1,"location":null,"numPassingAsserts":8,"retryReasons":[],"status":"passed","title":"dedupes late retries by text+timestamp when messageId missing"},{"ancestorTitles":["Provider webhook"],"duration":166,"failureDetails":[],"failureMessages":[],"fullName":"Provider webhook sends welcome only for simple greeting","invocations":1,"location":null,"numPassingAsserts":5,"retryReasons":[],"status":"passed","title":"sends welcome only for simple greeting"},{"ancestorTitles":["Provider webhook"],"duration":166,"failureDetails":[],"failureMessages":[],"fullName":"Provider webhook treats custom greeting alias as greeting-only and sends welcome only","invocations":1,"location":null,"numPassingAsserts":5,"retryReasons":[],"status":"passed","title":"treats custom greeting alias as greeting-only and sends welcome only"},{"ancestorTitles":["Provider webhook"],"duration":170,"failureDetails":[],"failureMessages":[],"fullName":"Provider webhook treats \"selamat sang\" as greeting (typo for siang) and sends welcome only","invocations":1,"location":null,"numPassingAsserts":5,"retryReasons":[],"status":"passed","title":"treats \"selamat sang\" as greeting (typo for siang) and sends welcome only"},{"ancestorTitles":["Provider webhook"],"duration":186,"failureDetails":[],"failureMessages":[],"fullName":"Provider webhook treats common greeting variant \"pagi kak\" as greeting-only","invocations":1,"location":null,"numPassingAsserts":5,"retryReasons":[],"status":"passed","title":"treats common greeting variant \"pagi kak\" as greeting-only"},{"ancestorTitles":["Provider webhook"],"duration":175,"failureDetails":[],"failureMessages":[],"fullName":"Provider webhook treats common greeting variant \"siang min\" as greeting-only","invocations":1,"location":null,"numPassingAsserts":5,"retryReasons":[],"status":"passed","title":"treats common greeting variant \"siang min\" as greeting-only"},{"ancestorTitles":["Provider webhook"],"duration":169,"failureDetails":[],"failureMessages":[],"fullName":"Provider webhook treats common greeting variant \"malem kak\" as greeting-only","invocations":1,"location":null,"numPassingAsserts":5,"retryReasons":[],"status":"passed","title":"treats common greeting variant \"malem kak\" as greeting-only"},{"ancestorTitles":["Provider webhook"],"duration":175,"failureDetails":[],"failureMessages":[],"fullName":"Provider webhook treats common greeting variant \"selamat malem kak\" as greeting-only","invocations":1,"location":null,"numPassingAsserts":5,"retryReasons":[],"status":"passed","title":"treats common greeting variant \"selamat malem kak\" as greeting-only"},{"ancestorTitles":["Provider webhook"],"duration":217,"failureDetails":[],"failureMessages":[],"fullName":"Provider webhook treats common greeting variant \"halo selamat pagi\" as greeting-only","invocations":1,"location":null,"numPassingAsserts":5,"retryReasons":[],"status":"passed","title":"treats common greeting variant \"halo selamat pagi\" as greeting-only"},{"ancestorTitles":["Provider webhook"],"duration":176,"failureDetails":[],"failureMessages":[],"fullName":"Provider webhook treats common greeting variant \"halo selamat pagi kak\" as greeting-only","invocations":1,"location":null,"numPassingAsserts":5,"retryReasons":[],"status":"passed","title":"treats common greeting variant \"halo selamat pagi kak\" as greeting-only"},{"ancestorTitles":["Provider webhook"],"duration":174,"failureDetails":[],"failureMessages":[],"fullName":"Provider webhook treats common greeting variant \"met pagi\" as greeting-only","invocations":1,"location":null,"numPassingAsserts":5,"retryReasons":[],"status":"passed","title":"treats common greeting variant \"met pagi\" as greeting-only"},{"ancestorTitles":["Provider webhook"],"duration":178,"failureDetails":[],"failureMessages":[],"fullName":"Provider webhook treats common greeting variant \"met siang kak\" as greeting-only","invocations":1,"location":null,"numPassingAsserts":5,"retryReasons":[],"status":"passed","title":"treats common greeting variant \"met siang kak\" as greeting-only"},{"ancestorTitles":["Provider webhook"],"duration":184,"failureDetails":[],"failureMessages":[],"fullName":"Provider webhook treats common greeting variant \"halo pak\" as greeting-only","invocations":1,"location":null,"numPassingAsserts":5,"retryReasons":[],"status":"passed","title":"treats common greeting variant \"halo pak\" as greeting-only"},{"ancestorTitles":["Provider webhook"],"duration":174,"failureDetails":[],"failureMessages":[],"fullName":"Provider webhook treats common greeting variant \"halo bu\" as greeting-only","invocations":1,"location":null,"numPassingAsserts":5,"retryReasons":[],"status":"passed","title":"treats common greeting variant \"halo bu\" as greeting-only"},{"ancestorTitles":["Provider webhook"],"duration":187,"failureDetails":[],"failureMessages":[],"fullName":"Provider webhook treats common greeting variant \"halo bang\" as greeting-only","invocations":1,"location":null,"numPassingAsserts":5,"retryReasons":[],"status":"passed","title":"treats common greeting variant \"halo bang\" as greeting-only"},{"ancestorTitles":["Provider webhook"],"duration":179,"failureDetails":[{"matcherResult":{"message":"\u001b[2mexpect(\u001b[22m\u001b[31mreceived\u001b[39m\u001b[2m).\u001b[22mtoBeUndefined\u001b[2m()\u001b[22m\n\nReceived: \u001b[31m{\"degree\": \"S1\", \"program\": \"Teknologi Informasi\", \"stage\": \"done\"}\u001b[39m","pass":false}}],"failureMessages":["Error: \u001b[2mexpect(\u001b[22m\u001b[31mreceived\u001b[39m\u001b[2m).\u001b[22mtoBeUndefined\u001b[2m()\u001b[22m\n\nReceived: \u001b[31m{\"degree\": \"S1\", \"program\": \"Teknologi Informasi\", \"stage\": \"done\"}\u001b[39m\n    at toBeUndefined (C:\\Users\\TSC-AKA\\Videos\\MARKETING\\BOTAI\\system_wa\\tests\\providerWebhook.test.js:3315:50)\n    at processTicksAndRejections (node:internal/process/task_queues:105:5)"],"fullName":"Provider webhook pure greeting \"Halo\" restarts session and re-sends welcome even if previously welcomed","invocations":1,"location":null,"numPassingAsserts":6,"retryReasons":[],"status":"failed","title":"pure greeting \"Halo\" restarts session and re-sends welcome even if previously welcomed"},{"ancestorTitles":["Provider webhook"],"duration":174,"failureDetails":[{"matcherResult":{"message":"\u001b[2mexpect(\u001b[22m\u001b[31mreceived\u001b[39m\u001b[2m).\u001b[22mtoBeUndefined\u001b[2m()\u001b[22m\n\nReceived: \u001b[31m{\"degree\": \"S1\", \"program\": \"Teknologi Informasi\", \"stage\": \"done\"}\u001b[39m","pass":false}}],"failureMessages":["Error: \u001b[2mexpect(\u001b[22m\u001b[31mreceived\u001b[39m\u001b[2m).\u001b[22mtoBeUndefined\u001b[2m()\u001b[22m\n\nReceived: \u001b[31m{\"degree\": \"S1\", \"program\": \"Teknologi Informasi\", \"stage\": \"done\"}\u001b[39m\n    at toBeUndefined (C:\\Users\\TSC-AKA\\Videos\\MARKETING\\BOTAI\\system_wa\\tests\\providerWebhook.test.js:3315:50)\n    at processTicksAndRejections (node:internal/process/task_queues:105:5)"],"fullName":"Provider webhook pure greeting \"Halo selamat pagi\" restarts session and re-sends welcome even if previously welcomed","invocations":1,"location":null,"numPassingAsserts":6,"retryReasons":[],"status":"failed","title":"pure greeting \"Halo selamat pagi\" restarts session and re-sends welcome even if previously welcomed"},{"ancestorTitles":["Provider webhook"],"duration":167,"failureDetails":[{"matcherResult":{"message":"\u001b[2mexpect(\u001b[22m\u001b[31mreceived\u001b[39m\u001b[2m).\u001b[22mtoBeUndefined\u001b[2m()\u001b[22m\n\nReceived: \u001b[31m{\"degree\": \"S1\", \"program\": \"Teknologi Informasi\", \"stage\": \"done\"}\u001b[39m","pass":false}}],"failureMessages":["Error: \u001b[2mexpect(\u001b[22m\u001b[31mreceived\u001b[39m\u001b[2m).\u001b[22mtoBeUndefined\u001b[2m()\u001b[22m\n\nReceived: \u001b[31m{\"degree\": \"S1\", \"program\": \"Teknologi Informasi\", \"stage\": \"done\"}\u001b[39m\n    at toBeUndefined (C:\\Users\\TSC-AKA\\Videos\\MARKETING\\BOTAI\\system_wa\\tests\\providerWebhook.test.js:3315:50)\n    at processTicksAndRejections (node:internal/process/task_queues:105:5)"],"fullName":"Provider webhook pure greeting \"Halo selamat pagi kak\" restarts session and re-sends welcome even if previously welcomed","invocations":1,"location":null,"numPassingAsserts":6,"retryReasons":[],"status":"failed","title":"pure greeting \"Halo selamat pagi kak\" restarts session and re-sends welcome even if previously welcomed"},{"ancestorTitles":["Provider webhook"],"duration":186,"failureDetails":[],"failureMessages":[],"fullName":"Provider webhook typing \"menu\" resets session and re-sends welcome_message (preferred)","invocations":1,"location":null,"numPassingAsserts":12,"retryReasons":[],"status":"passed","title":"typing \"menu\" resets session and re-sends welcome_message (preferred)"},{"ancestorTitles":["Provider webhook"],"duration":457,"failureDetails":[],"failureMessages":[],"fullName":"Provider webhook greeting + question is not hijacked by welcome-only","invocations":1,"location":null,"numPassingAsserts":6,"retryReasons":[],"status":"passed","title":"greeting + question is not hijacked by welcome-only"},{"ancestorTitles":["Provider webhook"],"duration":487,"failureDetails":[],"failureMessages":[],"fullName":"Provider webhook greeting + addressee + question is not hijacked by welcome-only","invocations":1,"location":null,"numPassingAsserts":4,"retryReasons":[],"status":"passed","title":"greeting + addressee + question is not hijacked by welcome-only"},{"ancestorTitles":["Provider webhook"],"duration":181,"failureDetails":[{"matcherResult":{"message":"\u001b[2mexpect(\u001b[22m\u001b[31mreceived\u001b[39m\u001b[2m).\u001b[22mtoMatch\u001b[2m(\u001b[22m\u001b[32mexpected\u001b[39m\u001b[2m)\u001b[22m\n\nExpected pattern: \u001b[32m/tanya|tanyakan|pertanyaan/i\u001b[39m\nReceived string:  \u001b[31m\"Mengenai {\\\"normalized\\\": \\\"Halo selamat pagi\\\", \\\"tokens\\\": [\\\"Halo\\\", \\\"selamat\\\", \\\"pagi\\\"], \\\"programHint\\\": null}, Halo, kak. Mau saya jelaskan lagi?\"\u001b[39m","pass":false}}],"failureMessages":["Error: \u001b[2mexpect(\u001b[22m\u001b[31mreceived\u001b[39m\u001b[2m).\u001b[22mtoMatch\u001b[2m(\u001b[22m\u001b[32mexpected\u001b[39m\u001b[2m)\u001b[22m\n\nExpected pattern: \u001b[32m/tanya|tanyakan|pertanyaan/i\u001b[39m\nReceived string:  \u001b[31m\"Mengenai {\\\"normalized\\\": \\\"Halo selamat pagi\\\", \\\"tokens\\\": [\\\"Halo\\\", \\\"selamat\\\", \\\"pagi\\\"], \\\"programHint\\\": null}, Halo, kak. Mau saya jelaskan lagi?\"\u001b[39m\n    at Object.toMatch (C:\\Users\\TSC-AKA\\Videos\\MARKETING\\BOTAI\\system_wa\\tests\\providerWebhook.test.js:3420:22)\n    at processTicksAndRejections (node:internal/process/task_queues:105:5)"],"fullName":"Provider webhook greeting-only (no welcome setting) is answered with a prompt (no RAG)","invocations":1,"location":null,"numPassingAsserts":5,"retryReasons":[],"status":"failed","title":"greeting-only (no welcome setting) is answered with a prompt (no RAG)"},{"ancestorTitles":["Provider webhook"],"duration":175,"failureDetails":[{"matcherResult":{"message":"\u001b[2mexpect(\u001b[22m\u001b[31mreceived\u001b[39m\u001b[2m).\u001b[22mtoMatch\u001b[2m(\u001b[22m\u001b[32mexpected\u001b[39m\u001b[2m)\u001b[22m\n\nExpected pattern: \u001b[32m/tanya|tanyakan|pertanyaan/i\u001b[39m\nReceived string:  \u001b[31m\"Mengenai {\\\"normalized\\\": \\\"Mas bro\\\", \\\"tokens\\\": [\\\"Mas\\\", \\\"bro\\\"], \\\"programHint\\\": null}, Halo, kak. Mau saya jelaskan lagi?\"\u001b[39m","pass":false}}],"failureMessages":["Error: \u001b[2mexpect(\u001b[22m\u001b[31mreceived\u001b[39m\u001b[2m).\u001b[22mtoMatch\u001b[2m(\u001b[22m\u001b[32mexpected\u001b[39m\u001b[2m)\u001b[22m\n\nExpected pattern: \u001b[32m/tanya|tanyakan|pertanyaan/i\u001b[39m\nReceived string:  \u001b[31m\"Mengenai {\\\"normalized\\\": \\\"Mas bro\\\", \\\"tokens\\\": [\\\"Mas\\\", \\\"bro\\\"], \\\"programHint\\\": null}, Halo, kak. Mau saya jelaskan lagi?\"\u001b[39m\n    at Object.toMatch (C:\\Users\\TSC-AKA\\Videos\\MARKETING\\BOTAI\\system_wa\\tests\\providerWebhook.test.js:3442:22)\n    at processTicksAndRejections (node:internal/process/task_queues:105:5)"],"fullName":"Provider webhook custom greeting alias (no welcome setting) is answered with a prompt (no RAG)","invocations":1,"location":null,"numPassingAsserts":5,"retryReasons":[],"status":"failed","title":"custom greeting alias (no welcome setting) is answered with a prompt (no RAG)"},{"ancestorTitles":["Provider webhook"],"duration":182,"failureDetails":[],"failureMessages":[],"fullName":"Provider webhook double degree HELP process question returns daily Monday-Friday class answer","invocations":1,"location":null,"numPassingAsserts":5,"retryReasons":[],"status":"passed","title":"double degree HELP process question returns daily Monday-Friday class answer"},{"ancestorTitles":["Provider webhook"],"duration":177,"failureDetails":[],"failureMessages":[],"fullName":"Provider webhook double degree DNUI process question returns Bali-online-China study path","invocations":1,"location":null,"numPassingAsserts":6,"retryReasons"
[...]
1b[22m\u001b[2m\u001b[22m\n\n\u001b[1m\u001b[31m  \u001b[1m● \u001b[22m\u001b[1mProvider webhook › custom greeting alias (no welcome setting) is answered with a prompt (no RAG)\u001b[39m\u001b[22m\n\n    \u001b[2mexpect(\u001b[22m\u001b[31mreceived\u001b[39m\u001b[2m).\u001b[22mtoMatch\u001b[2m(\u001b[22m\u001b[32mexpected\u001b[39m\u001b[2m)\u001b[22m\n\n    Expected pattern: \u001b[32m/tanya|tanyakan|pertanyaan/i\u001b[39m\n    Received string:  \u001b[31m\"Mengenai {\\\"normalized\\\": \\\"Mas bro\\\", \\\"tokens\\\": [\\\"Mas\\\", \\\"bro\\\"], \\\"programHint\\\": null}, Halo, kak. Mau saya jelaskan lagi?\"\u001b[39m\n\u001b[2m\u001b[22m\n\u001b[2m    \u001b[0m \u001b[90m 3440 |\u001b[39m     \u001b[36mconst\u001b[39m sentText \u001b[33m=\u001b[39m provider\u001b[33m.\u001b[39msendMessage\u001b[33m.\u001b[39mmock\u001b[33m.\u001b[39mcalls\u001b[33m.\u001b[39mmap((c) \u001b[33m=>\u001b[39m \u001b[33mString\u001b[39m(c[\u001b[35m1\u001b[39m] \u001b[33m||\u001b[39m \u001b[32m''\u001b[39m))\u001b[33m.\u001b[39mjoin(\u001b[32m'\\n'\u001b[39m)\u001b[33m;\u001b[39m\u001b[22m\n\u001b[2m     \u001b[90m 3441 |\u001b[39m     expect(sentText)\u001b[33m.\u001b[39mtoMatch(\u001b[35m/halo/i\u001b[39m)\u001b[33m;\u001b[39m\u001b[22m\n\u001b[2m    \u001b[31m\u001b[1m>\u001b[22m\u001b[2m\u001b[39m\u001b[90m 3442 |\u001b[39m     expect(sentText)\u001b[33m.\u001b[39mtoMatch(\u001b[35m/tanya|tanyakan|pertanyaan/i\u001b[39m)\u001b[33m;\u001b[39m\u001b[22m\n\u001b[2m     \u001b[90m      |\u001b[39m                      \u001b[31m\u001b[1m^\u001b[22m\u001b[2m\u001b[39m\u001b[22m\n\u001b[2m     \u001b[90m 3443 |\u001b[39m   })\u001b[33m;\u001b[39m\u001b[22m\n\u001b[2m     \u001b[90m 3444 |\u001b[39m\u001b[22m\n\u001b[2m     \u001b[90m 3445 |\u001b[39m   test(\u001b[32m'double degree HELP process question returns daily Monday-Friday class answer'\u001b[39m\u001b[33m,\u001b[39m \u001b[36masync\u001b[39m () \u001b[33m=>\u001b[39m {\u001b[0m\u001b[22m\n\u001b[2m\u001b[22m\n\u001b[2m      \u001b[2mat Object.toMatch (\u001b[22m\u001b[2m\u001b[0m\u001b[36mtests/providerWebhook.test.js\u001b[39m\u001b[0m\u001b[2m:3442:22)\u001b[22m\u001b[2m\u001b[22m\n\n\u001b[1m\u001b[31m  \u001b[1m● \u001b[22m\u001b[1mProvider webhook › numeric welcome menu: custom \"6 Konsultasi Admin\" offers handover (label-driven)\u001b[39m\u001b[22m\n\n    \u001b[2mexpect(\u001b[22m\u001b[31mreceived\u001b[39m\u001b[2m).\u001b[22mtoMatch\u001b[2m(\u001b[22m\u001b[32mexpected\u001b[39m\u001b[2m)\u001b[22m\n\n    Expected pattern: \u001b[32m/admin|cs|konsultasi|hubungkan/\u001b[39m\n    Received string:  \u001b[31m\"tolong tuliskan pertanyaan yang lebih spesifik, misal \\\"biaya awal masuk\\\", \\\"biaya per semester\\\", atau sebutkan prodi.\"\u001b[39m\n\u001b[2m\u001b[22m\n\u001b[2m    \u001b[0m \u001b[90m 3882 |\u001b[39m     expect(rag\u001b[33m.\u001b[39mquery)\u001b[33m.\u001b[39mnot\u001b[33m.\u001b[39mtoHaveBeenCalled()\u001b[33m;\u001b[39m\u001b[22m\n\u001b[2m     \u001b[90m 3883 |\u001b[39m     \u001b[36mconst\u001b[39m sentText \u001b[33m=\u001b[39m provider\u001b[33m.\u001b[39msendMessage\u001b[33m.\u001b[39mmock\u001b[33m.\u001b[39mcalls\u001b[33m.\u001b[39mmap((c) \u001b[33m=>\u001b[39m \u001b[33mString\u001b[39m(c[\u001b[35m1\u001b[39m] \u001b[33m||\u001b[39m \u001b[32m''\u001b[39m))\u001b[33m.\u001b[39mjoin(\u001b[32m'\\n'\u001b[39m)\u001b[33m;\u001b[39m\u001b[22m\n\u001b[2m    \u001b[31m\u001b[1m>\u001b[22m\u001b[2m\u001b[39m\u001b[90m 3884 |\u001b[39m     expect(sentText\u001b[33m.\u001b[39mtoLowerCase())\u001b[33m.\u001b[39mtoMatch(\u001b[35m/admin|cs|konsultasi|hubungkan/\u001b[39m)\u001b[33m;\u001b[39m\u001b[22m\n\u001b[2m     \u001b[90m      |\u001b[39m                                    \u001b[31m\u001b[1m^\u001b[22m\u001b[2m\u001b[39m\u001b[22m\n\u001b[2m     \u001b[90m 3885 |\u001b[39m   })\u001b[33m;\u001b[39m\u001b[22m\n\u001b[2m     \u001b[90m 3886 |\u001b[39m\u001b[22m\n\u001b[2m     \u001b[90m 3887 |\u001b[39m   test(\u001b[32m'numeric welcome menu: custom \"3) Cara Daftar\" routes by label (no biaya mismatch)'\u001b[39m\u001b[33m,\u001b[39m \u001b[36masync\u001b[39m () \u001b[33m=>\u001b[39m {\u001b[0m\u001b[22m\n\u001b[2m\u001b[22m\n\u001b[2m      \u001b[2mat Object.toMatch (\u001b[22m\u001b[2m\u001b[0m\u001b[36mtests/providerWebhook.test.js\u001b[39m\u001b[0m\u001b[2m:3884:36)\u001b[22m\u001b[2m\u001b[22m\n\n\u001b[1m\u001b[31m  \u001b[1m● \u001b[22m\u001b[1mProvider webhook › handles numeric welcome-menu selection when active\u001b[39m\u001b[22m\n\n    \u001b[2mexpect(\u001b[22m\u001b[31mreceived\u001b[39m\u001b[2m).\u001b[22mtoMatch\u001b[2m(\u001b[22m\u001b[32mexpected\u001b[39m\u001b[2m)\u001b[22m\n\n    Expected pattern: \u001b[32m/Anda memilih/i\u001b[39m\n    Received string:  \u001b[31m\"Tolong tuliskan pertanyaan yang lebih spesifik, misal \\\"biaya awal masuk\\\", \\\"biaya per semester\\\", atau sebutkan prodi.\"\u001b[39m\n\u001b[2m\u001b[22m\n\u001b[2m    \u001b[0m \u001b[90m 4048 |\u001b[39m     \u001b[90m// With trainingData.count mocked to 0, it should reply with a PMB submenu.\u001b[39m\u001b[22m\n\u001b[2m     \u001b[90m 4049 |\u001b[39m     expect(provider\u001b[33m.\u001b[39msendMessage\u001b[33m.\u001b[39mmock\u001b[33m.\u001b[39mcalls[\u001b[35m0\u001b[39m][\u001b[35m0\u001b[39m])\u001b[33m.\u001b[39mtoBe(\u001b[32m'user1'\u001b[39m)\u001b[33m;\u001b[39m\u001b[22m\n\u001b[2m    \u001b[31m\u001b[1m>\u001b[22m\u001b[2m\u001b[39m\u001b[90m 4050 |\u001b[39m     expect(\u001b[33mString\u001b[39m(provider\u001b[33m.\u001b[39msendMessage\u001b[33m.\u001b[39mmock\u001b[33m.\u001b[39mcalls[\u001b[35m0\u001b[39m][\u001b[35m1\u001b[39m]))\u001b[33m.\u001b[39mtoMatch(\u001b[35m/Anda memilih/i\u001b[39m)\u001b[33m;\u001b[39m\u001b[22m\n\u001b[2m     \u001b[90m      |\u001b[39m                                                           \u001b[31m\u001b[1m^\u001b[22m\u001b[2m\u001b[39m\u001b[22m\n\u001b[2m     \u001b[90m 4051 |\u001b[39m     expect(\u001b[33mString\u001b[39m(provider\u001b[33m.\u001b[39msendMessage\u001b[33m.\u001b[39mmock\u001b[33m.\u001b[39mcalls[\u001b[35m0\u001b[39m][\u001b[35m1\u001b[39m]))\u001b[33m.\u001b[39mtoMatch(\u001b[35m/Menu PMB/i\u001b[39m)\u001b[33m;\u001b[39m\u001b[22m\n\u001b[2m     \u001b[90m 4052 |\u001b[39m     expect(\u001b[33mString\u001b[39m(provider\u001b[33m.\u001b[39msendMessage\u001b[33m.\u001b[39mmock\u001b[33m.\u001b[39mcalls[\u001b[35m0\u001b[39m][\u001b[35m1\u001b[39m]))\u001b[33m.\u001b[39mtoMatch(\u001b[35m/Balas angka\\s*1\\s*-\\s*4/i\u001b[39m)\u001b[33m;\u001b[39m\u001b[22m\n\u001b[2m     \u001b[90m 4053 |\u001b[39m   })\u001b[33m;\u001b[39m\u001b[0m\u001b[22m\n\u001b[2m\u001b[22m\n\u001b[2m      \u001b[2mat Object.toMatch (\u001b[22m\u001b[2m\u001b[0m\u001b[36mtests/providerWebhook.test.js\u001b[39m\u001b[0m\u001b[2m:4050:59)\u001b[22m\u001b[2m\u001b[22m\n\n\u001b[1m\u001b[31m  \u001b[1m● \u001b[22m\u001b[1mProvider webhook › accepts numeric menu selection with punctuation\u001b[39m\u001b[22m\n\n    \u001b[2mexpect(\u001b[22m\u001b[31mreceived\u001b[39m\u001b[2m).\u001b[22mtoMatch\u001b[2m(\u001b[22m\u001b[32mexpected\u001b[39m\u001b[2m)\u001b[22m\n\n    Expected pattern: \u001b[32m/Anda memilih/i\u001b[39m\n    Received string:  \u001b[31m\"Tolong tuliskan pertanyaan yang lebih spesifik, misal \\\"biaya awal masuk\\\", \\\"biaya per semester\\\", atau sebutkan prodi.\"\u001b[39m\n\u001b[2m\u001b[22m\n\u001b[2m    \u001b[0m \u001b[90m 4070 |\u001b[39m     expect(res\u001b[33m.\u001b[39mbody\u001b[33m.\u001b[39mselection)\u001b[33m.\u001b[39mtoBe(\u001b[35m1\u001b[39m)\u001b[33m;\u001b[39m\u001b[22m\n\u001b[2m     \u001b[90m 4071 |\u001b[39m     expect(provider\u001b[33m.\u001b[39msendMessage)\u001b[33m.\u001b[39mtoHaveBeenCalledTimes(\u001b[35m1\u001b[39m)\u001b[33m;\u001b[39m\u001b[22m\n\u001b[2m    \u001b[31m\u001b[1m>\u001b[22m\u001b[2m\u001b[39m\u001b[90m 4072 |\u001b[39m     expect(\u001b[33mString\u001b[39m(provider\u001b[33m.\u001b[39msendMessage\u001b[33m.\u001b[39mmock\u001b[33m.\u001b[39mcalls[\u001b[35m0\u001b[39m][\u001b[35m1\u001b[39m]))\u001b[33m.\u001b[39mtoMatch(\u001b[35m/Anda memilih/i\u001b[39m)\u001b[33m;\u001b[39m\u001b[22m\n\u001b[2m     \u001b[90m      |\u001b[39m                                                           \u001b[31m\u001b[1m^\u001b[22m\u001b[2m\u001b[39m\u001b[22m\n\u001b[2m     \u001b[90m 4073 |\u001b[39m     expect(\u001b[33mString\u001b[39m(provider\u001b[33m.\u001b[39msendMessage\u001b[33m.\u001b[39mmock\u001b[33m.\u001b[39mcalls[\u001b[35m0\u001b[39m][\u001b[35m1\u001b[39m]))\u001b[33m.\u001b[39mtoMatch(\u001b[35m/Menu PMB/i\u001b[39m)\u001b[33m;\u001b[39m\u001b[22m\n\u001b[2m     \u001b[90m 4074 |\u001b[39m     expect(\u001b[33mString\u001b[39m(provider\u001b[33m.\u001b[39msendMessage\u001b[33m.\u001b[39mmock\u001b[33m.\u001b[39mcalls[\u001b[35m0\u001b[39m][\u001b[35m1\u001b[39m]))\u001b[33m.\u001b[39mtoMatch(\u001b[35m/Balas angka\\s*1\\s*-\\s*4/i\u001b[39m)\u001b[33m;\u001b[39m\u001b[22m\n\u001b[2m     \u001b[90m 4075 |\u001b[39m   })\u001b[33m;\u001b[39m\u001b[0m\u001b[22m\n\u001b[2m\u001b[22m\n\u001b[2m      \u001b[2mat Object.toMatch (\u001b[22m\u001b[2m\u001b[0m\u001b[36mtests/providerWebhook.test.js\u001b[39m\u001b[0m\u001b[2m:4072:59)\u001b[22m\u001b[2m\u001b[22m\n\n\u001b[1m\u001b[31m  \u001b[1m● \u001b[22m\u001b[1mProvider webhook › menu 3 (Biaya Pendidikan): prompts for prodi and persists pendingMenuCost\u001b[39m\u001b[22m\n\n    \u001b[2mexpect(\u001b[22m\u001b[31mreceived\u001b[39m\u001b[2m).\u001b[22mtoMatch\u001b[2m(\u001b[22m\u001b[32mexpected\u001b[39m\u001b[2m)\u001b[22m\n\n    Expected pattern: \u001b[32m/SI\\s*\\/\\s*TI\\s*\\/\\s*BD\\s*\\/\\s*SK/i\u001b[39m\n    Received string:  \u001b[31m\"Tolong tuliskan pertanyaan yang lebih spesifik, misal \\\"biaya awal masuk\\\", \\\"biaya per semester\\\", atau sebutkan prodi.\"\u001b[39m\n\u001b[2m\u001b[22m\n\u001b[2m    \u001b[0m \u001b[90m 4172 |\u001b[39m     \u001b[36mconst\u001b[39m msg \u001b[33m=\u001b[39m \u001b[33mString\u001b[39m(provider\u001b[33m.\u001b[39msendMessage\u001b[33m.\u001b[39mmock\u001b[33m.\u001b[39mcalls[\u001b[35m0\u001b[39m][\u001b[35m1\u001b[39m] \u001b[33m||\u001b[39m \u001b[32m''\u001b[39m)\u001b[33m;\u001b[39m\u001b[22m\n\u001b[2m     \u001b[90m 4173 |\u001b[39m     expect(msg)\u001b[33m.\u001b[39mtoMatch(\u001b[35m/prodi|program/i\u001b[39m)\u001b[33m;\u001b[39m\u001b[22m\n\u001b[2m    \u001b[31m\u001b[1m>\u001b[22m\u001b[2m\u001b[39m\u001b[90m 4174 |\u001b[39m     expect(msg)\u001b[33m.\u001b[39mtoMatch(\u001b[35m/SI\\s*\\/\\s*TI\\s*\\/\\s*BD\\s*\\/\\s*SK/i\u001b[39m)\u001b[33m;\u001b[39m\u001b[22m\n\u001b[2m     \u001b[90m      |\u001b[39m                 \u001b[31m\u001b[1m^\u001b[22m\u001b[2m\u001b[39m\u001b[22m\n\u001b[2m     \u001b[90m 4175 |\u001b[39m\u001b[22m\n\u001b[2m     \u001b[90m 4176 |\u001b[39m     \u001b[36mconst\u001b[39m upserts \u001b[33m=\u001b[39m prisma\u001b[33m.\u001b[39msession\u001b[33m.\u001b[39mupsert\u001b[33m.\u001b[39mmock\u001b[33m.\u001b[39mcalls\u001b[22m\n\u001b[2m     \u001b[90m 4177 |\u001b[39m       \u001b[33m.\u001b[39mmap((c) \u001b[33m=>\u001b[39m (c \u001b[33m&&\u001b[39m c[\u001b[35m0\u001b[39m] \u001b[33m&&\u001b[39m c[\u001b[35m0\u001b[39m]\u001b[33m.\u001b[39mupdate \u001b[33m&&\u001b[39m c[\u001b[35m0\u001b[39m]\u001b[33m.\u001b[39mupdate\u001b[33m.\u001b[39mdata \u001b[33m?\u001b[39m c[\u001b[35m0\u001b[39m]\u001b[33m.\u001b[39mupdate\u001b[33m.\u001b[39mdata \u001b[33m:\u001b[39m \u001b[36mnull\u001b[39m))\u001b[0m\u001b[22m\n\u001b[2m\u001b[22m\n\u001b[2m      \u001b[2mat Object.toMatch (\u001b[22m\u001b[2m\u001b[0m\u001b[36mtests/providerWebhook.test.js\u001b[39m\u001b[0m\u001b[2m:4174:17)\u001b[22m\u001b[2m\u001b[22m\n\n\u001b[1m\u001b[31m  \u001b[1m● \u001b[22m\u001b[1mProvider webhook › menu 2 (Program Studi): responds fast without calling RAG\u001b[39m\u001b[22m\n\n    \u001b[2mexpect(\u001b[22m\u001b[31mreceived\u001b[39m\u001b[2m).\u001b[22mtoMatch\u001b[2m(\u001b[22m\u001b[32mexpected\u001b[39m\u001b[2m)\u001b[22m\n\n    Expected pattern: \u001b[32m/Program studi/i\u001b[39m\n    Received string:  \u001b[31m\"Tolong tuliskan pertanyaan yang lebih spesifik, misal \\\"biaya awal masuk\\\", \\\"biaya per semester\\\", atau sebutkan prodi.\"\u001b[39m\n\u001b[2m\u001b[22m\n\u001b[2m    \u001b[0m \u001b[90m 4221 |\u001b[39m     expect(provider\u001b[33m.\u001b[39msendMessage)\u001b[33m.\u001b[39mtoHaveBeenCalledTimes(\u001b[35m1\u001b[39m)\u001b[33m;\u001b[39m\u001b[22m\n\u001b[2m     \u001b[90m 4222 |\u001b[39m     \u001b[36mconst\u001b[39m msg \u001b[33m=\u001b[39m \u001b[33mString\u001b[39m(provider\u001b[33m.\u001b[39msendMessage\u001b[33m.\u001b[39mmock\u001b[33m.\u001b[39mcalls[\u001b[35m0\u001b[39m][\u001b[35m1\u001b[39m] \u001b[33m||\u001b[39m \u001b[32m''\u001b[39m)\u001b[33m;\u001b[39m\u001b[22m\n\u001b[2m    \u001b[31m\u001b[1m>\u001b[22m\u001b[2m\u001b[39m\u001b[90m 4223 |\u001b[39m     expect(msg)\u001b[33m.\u001b[39mtoMatch(\u001b[35m/Program studi/i\u001b[39m)\u001b[33m;\u001b[39m\u001b[22m\n\u001b[2m     \u001b[90m      |\u001b[39m                 \u001b[31m\u001b[1m^\u001b[22m\u001b[2m\u001b[39m\u001b[22m\n\u001b[2m     \u001b[90m 4224 |\u001b[39m     expect(msg)\u001b[33m.\u001b[39mtoMatch(\u001b[35m/Sistem Informasi/i\u001b[39m)\u001b[33m;\u001b[39m\u001b[22m\n\u001b[2m     \u001b[90m 4225 |\u001b[39m     expect(msg)\u001b[33m.\u001b[39mtoMatch(\u001b[35m/Teknologi Informasi/i\u001b[39m)\u001b[33m;\u001b[39m\u001b[22m\n\u001b[2m     \u001b[90m 4226 |\u001b[39m     expect(msg)\u001b[33m.\u001b[39mtoMatch(\u001b[35m/Bisnis Digital/i\u001b[39m)\u001b[33m;\u001b[39m\u001b[0m\u001b[22m\n\u001b[2m\u001b[22m\n\u001b[2m      \u001b[2mat Object.toMatch (\u001b[22m\u001b[2m\u001b[0m\u001b[36mtests/providerWebhook.test.js\u001b[39m\u001b[0m\u001b[2m:4223:17)\u001b[22m\u001b[2m\u001b[22m\n\n\u001b[1m\u001b[31m  \u001b[1m● \u001b[22m\u001b[1mProvider webhook › welcome numeric selection prefers DB menuItem root.<digit> when available\u001b[39m\u001b[22m\n\n    \u001b[2mexpect(\u001b[22m\u001b[31mreceived\u001b[39m\u001b[2m).\u001b[22mtoContain\u001b[2m(\u001b[22m\u001b[32mexpected\u001b[39m\u001b[2m) // indexOf\u001b[22m\n\n    Expected substring: \u001b[32m\"DBMENUROOT2TEXT\"\u001b[39m\n    Received string:    \u001b[31m\"Tolong tuliskan pertanyaan yang lebih spesifik, misal \\\"biaya awal masuk\\\", \\\"biaya per semester\\\", atau sebutkan prodi.\"\u001b[39m\n\u001b[2m\u001b[22m\n\u001b[2m    \u001b[0m \u001b[90m 4271 |\u001b[39m     \u001b[36mconst\u001b[39m sent \u001b[33m=\u001b[39m \u001b[33mString\u001b[39m(provider\u001b[33m.\u001b[39msendMessage\u001b[33m.\u001b[39mmock\u001b[33m.\u001b[39mcalls[\u001b[35m0\u001b[39m][\u001b[35m1\u001b[39m] \u001b[33m||\u001b[39m \u001b[32m''\u001b[39m)\u001b[33m;\u001b[39m\u001b[22m\n\u001b[2m     \u001b[90m 4272 |\u001b[39m     \u001b[90m// Outgoing text may be sanitized for WhatsApp formatting (e.g., underscores removed).\u001b[39m\u001b[22m\n\u001b[2m    \u001b[31m\u001b[1m>\u001b[22m\u001b[2m\u001b[39m\u001b[90m 4273 |\u001b[39m     expect(sent\u001b[33m.\u001b[39mreplace(\u001b[35m/_/g\u001b[39m\u001b[33m,\u001b[39m \u001b[32m''\u001b[39m))\u001b[33m.\u001b[39mtoContain(\u001b[32m'DBMENUROOT2TEXT'\u001b[39m)\u001b[33m;\u001b[39m\u001b[22m\n\u001b[2m     \u001b[90m      |\u001b[39m                                    \u001b[31m\u001b[1m^\u001b[22m\u001b[2m\u001b[39m\u001b[22m\n\u001b[2m     \u001b[90m 4274 |\u001b[39m   })\u001b[33m;\u001b[39m\u001b[22m\n\u001b[2m     \u001b[90m 4275 |\u001b[39m\u001b[22m\n\u001b[2m     \u001b[90m 4276 |\u001b[39m   test(\u001b[32m'menu 3 follow-up: program reply returns semester fee and clears pendingMenuCost'\u001b[39m\u001b[33m,\u001b[39m \u001b[36masync\u001b[39m () \u001b[33m=>\u001b[39m {\u001b[0m\u001b[22m\n\u001b[2m\u001b[22m\n\u001b[2m      \u001b[2mat Object.toContain (\u001b[22m\u001b[2m\u001b[0m\u001b[36mtests/providerWebhook.test.js\u001b[39m\u001b[0m\u001b[2m:4273:36)\u001b[22m\u001b[2m\u001b[22m\n\n\u001b[1m\u001b[31m  \u001b[1m● \u001b[22m\u001b[1mProvider webhook › handles numeric menu option 7 by offering handover\u001b[39m\u001b[22m\n\n    \u001b[2mexpect(\u001b[22m\u001b[31mreceived\u001b[39m\u001b[2m).\u001b[22mtoMatch\u001b[2m(\u001b[22m\u001b[32mexpected\u001b[39m\u001b[2m)\u001b[22m\n\n    Expected pattern: \u001b[32m/dihubungkan ke admin|human agent/i\u001b[39m\n    Received string:  \u001b[31m\"Tolong tuliskan pertanyaan yang lebih spesifik, misal \\\"biaya awal masuk\\\", \\\"biaya per semester\\\", atau sebutkan prodi.\"\u001b[39m\n\u001b[2m\u001b[22m\n\u001b[2m    \u001b[0m \u001b[90m 4707 |\u001b[39m     expect(res\u001b[33m.\u001b[39mbody\u001b[33m.\u001b[39mselection)\u001b[33m.\u001b[39mtoBe(\u001b[35m7\u001b[39m)\u001b[33m;\u001b[39m\u001b[22m\n\u001b[2m     \u001b[90m 4708 |\u001b[39m     expect(provider\u001b[33m.\u001b[39msendMessage)\u001b[33m.\u001b[39mtoHaveBeenCalledTimes(\u001b[35m1\u001b[39m)\u001b[33m;\u001b[39m\u001b[22m\n\u001b[2m    \u001b[31m\u001b[1m>\u001b[22m\u001b[2m\u001b[39m\u001b[90m 4709 |\u001b[39m     expect(\u001b[33mString\u001b[39m(provider\u001b[33m.\u001b[39msendMessage\u001b[33m.\u001b[39mmock\u001b[33m.\u001b[39mcalls[\u001b[35m0\u001b[39m][\u001b[35m1\u001b[39m]))\u001b[33m.\u001b[39mtoMatch(\u001b[35m/dihubungkan ke admin|human agent/i\u001b[39m)\u001b[33m;\u001b[39m\u001b[22m\n\u001b[2m     \u001b[90m      |\u001b[39m                                                           \u001b[31m\u001b[1m^\u001b[22m\u001b[2m\u001b[39m\u001b[22m\n\u001b[2m     \u001b[90m 4710 |\u001b[39m   })\u001b[33m;\u001b[39m\u001b[22m\n\u001b[2m     \u001b[90m 4711 |\u001b[39m\u001b[22m\n\u001b[2m     \u001b[90m 4712 |\u001b[39m   test(\u001b[32m'in HUMAN mode, sends a one-time notice explaining bot will not auto-reply'\u001b[39m\u001b[33m,\u001b[39m \u001b[36masync\u001b[39m () \u001b[33m=>\u001b[39m {\u001b[0m\u001b[22m\n\u001b[2m\u001b[22m\n\u001b[2m      \u001b[2mat Object.toMatch (\u001b[22m\u001b[2m\u001b[0m\u001b[36mtests/providerWebhook.test.js\u001b[39m\u001b[0m\u001b[2m:4709:59)\u001b[22m\u001b[2m\u001b[22m\n\n\u001b[1m\u001b[31m  \u001b[1m● \u001b[22m\u001b[1mProvider webhook › in HUMAN mode, sends a one-time notice explaining bot will not auto-reply\u001b[39m\u001b[22m\n\n    \u001b[2mexpect(\u001b[22m\u001b[31mjest.fn()\u001b[39m\u001b[2m).\u001b[22mtoHaveBeenCalledTimes\u001b[2m(\u001b[22m\u001b[32mexpected\u001b[39m\u001b[2m)\u001b[22m\n\n    Expected number of calls: \u001b[32m0\u001b[39m\n    Received number of calls: \u001b[31m1\u001b[39m\n\u001b[2m\u001b[22m\n\u001b[2m    \u001b[0m \u001b[90m 4736 |\u001b[39m     expect(res2\u001b[33m.\u001b[39mstatus)\u001b[33m.\u001b[39mtoBe(\u001b[35m200\u001b[39m)\u001b[33m;\u001b[39m\u001b[22m\n\u001b[2m     \u001b[90m 4737 |\u001b[39m     expect(res2\u001b[33m.\u001b[39mbody\u001b[33m.\u001b[39mok)\u001b[33m.\u001b[39mtoBe(\u001b[36mtrue\u001b[39m)\u001b[33m;\u001b[39m\u001b[22m\n\u001b[2m    \u001b[31m\u001b[1m>\u001b[22m\u001b[2m\u001b[39m\u001b[90m 4738 |\u001b[39m     expect(provider\u001b[33m.\u001b[39msendMessage)\u001b[33m.\u001b[39mtoHaveBeenCalledTimes(\u001b[35m0\u001b[39m)\u001b[33m;\u001b[39m\u001b[22m\n\u001b[2m     \u001b[90m      |\u001b[39m                                  \u001b[31m\u001b[1m^\u001b[22m\u001b[2m\u001b[39m\u001b[22m\n\u001b[2m     \u001b[90m 4739 |\u001b[39m   })\u001b[33m;\u001b[39m\u001b[22m\n\u001b[2m     \u001b[90m 4740 |\u001b[39m   \u001b[22m\n\u001b[2m     \u001b[90m 4741 |\u001b[39m   test(\u001b[32m'allows user to return from HUMAN handover to BOT mode via keyword'\u001b[39m\u001b[33m,\u001b[39m \u001b[36masync\u001b[39m () \u001b[33m=>\u001b[39m {\u001b[0m\u001b[22m\n\u001b[2m\u001b[22m\n\u001b[2m      \u001b[2mat Object.toHaveBeenCalledTimes (\u001b[22m\u001b[2m\u001b[0m\u001b[36mtests/providerWebhook.test.js\u001b[39m\u001b[0m\u001b[2m:4738:34)\u001b[22m\u001b[2m\u001b[22m\n","name":"C:\\Users\\TSC-AKA\\Videos\\MARKETING\\BOTAI\\system_wa\\tests\\providerWebhook.test.js","startTime":1779324095145,"status":"failed","summary":""}],"wasInterrupted":false}
